Using pre-set license
Built from '2021.3/staging' branch; Version is '2021.3.15f1 (e8e88683f834) revision 15263878'; Using compiler version '192829333'; Build Type 'Release'
OS: 'Windows 10  (10.0.19045) 64bit Core' Language: 'ko' Physical Memory: 16303 MB
BatchMode: 1, IsHumanControllingUs: 0, StartBugReporterOnCrash: 0, Is64bit: 1, IsPro: 1

COMMAND LINE ARGUMENTS:
C:\Users\USER\Documents\2021.3.15f1\Editor\Unity.exe
-adb2
-batchMode
-noUpm
-name
AssetImportWorker13
-projectPath
C:/Users/USER/Documents/GitHub/CookAppsProject/CookappsProject
-logFile
Logs/AssetImportWorker13.log
-srvPort
14684
Successfully changed project path to: C:/Users/USER/Documents/GitHub/CookAppsProject/CookappsProject
C:/Users/USER/Documents/GitHub/CookAppsProject/CookappsProject
[UnityMemory] Configuration Parameters - Can be set up in boot.config
    "memorysetup-bucket-allocator-granularity=16"
    "memorysetup-bucket-allocator-bucket-count=8"
    "memorysetup-bucket-allocator-block-size=33554432"
    "memorysetup-bucket-allocator-block-count=8"
    "memorysetup-main-allocator-block-size=16777216"
    "memorysetup-thread-allocator-block-size=16777216"
    "memorysetup-gfx-main-allocator-block-size=16777216"
    "memorysetup-gfx-thread-allocator-block-size=16777216"
    "memorysetup-cache-allocator-block-size=4194304"
    "memorysetup-typetree-allocator-block-size=2097152"
    "memorysetup-profiler-bucket-allocator-granularity=16"
    "memorysetup-profiler-bucket-allocator-bucket-count=8"
    "memorysetup-profiler-bucket-allocator-block-size=33554432"
    "memorysetup-profiler-bucket-allocator-block-count=8"
    "memorysetup-profiler-allocator-block-size=16777216"
    "memorysetup-profiler-editor-allocator-block-size=1048576"
    "memorysetup-temp-allocator-size-main=16777216"
    "memorysetup-job-temp-allocator-block-size=2097152"
    "memorysetup-job-temp-allocator-block-size-background=1048576"
    "memorysetup-job-temp-allocator-reduction-small-platforms=262144"
    "memorysetup-temp-allocator-size-background-worker=32768"
    "memorysetup-temp-allocator-size-job-worker=262144"
    "memorysetup-temp-allocator-size-preload-manager=33554432"
    "memorysetup-temp-allocator-size-nav-mesh-worker=65536"
    "memorysetup-temp-allocator-size-audio-worker=65536"
    "memorysetup-temp-allocator-size-cloud-worker=32768"
    "memorysetup-temp-allocator-size-gi-baking-worker=262144"
    "memorysetup-temp-allocator-size-gfx=262144"
Player connection [6404] Host "[IP] 192.168.200.193 [Port] 0 [Flags] 2 [Guid] 94343834 [EditorId] 94343834 [Version] 1048832 [Id] WindowsEditor(7,DESKTOP-OHD6DA9) [Debug] 1 [PackageName] WindowsEditor [ProjectName] Editor" joined multi-casting on [225.0.0.222:54997]...

Player connection [6404] Host "[IP] 192.168.200.193 [Port] 0 [Flags] 2 [Guid] 94343834 [EditorId] 94343834 [Version] 1048832 [Id] WindowsEditor(7,DESKTOP-OHD6DA9) [Debug] 1 [PackageName] WindowsEditor [ProjectName] Editor" joined alternative multi-casting on [225.0.0.222:34997]...

Refreshing native plugins compatible for Editor in 215.70 ms, found 4 plugins.
Preloading 0 native plugins for Editor in 0.00 ms.
Initialize engine version: 2021.3.15f1 (e8e88683f834)
[Subsystems] Discovering subsystems at path C:/Users/USER/Documents/2021.3.15f1/Editor/Data/Resources/UnitySubsystems
[Subsystems] Discovering subsystems at path C:/Users/USER/Documents/GitHub/CookAppsProject/CookappsProject/Assets
GfxDevice: creating device client; threaded=0; jobified=0
Direct3D:
    Version:  Direct3D 11.0 [level 11.1]
    Renderer: NVIDIA GeForce RTX 2060 (ID=0x1f51)
    Vendor:   NVIDIA
    VRAM:     5968 MB
    Driver:   31.0.15.3118
Initialize mono
Mono path[0] = 'C:/Users/USER/Documents/2021.3.15f1/Editor/Data/Managed'
Mono path[1] = 'C:/Users/USER/Documents/2021.3.15f1/Editor/Data/MonoBleedingEdge/lib/mono/unityjit-win32'
Mono config path = 'C:/Users/USER/Documents/2021.3.15f1/Editor/Data/MonoBleedingEdge/etc'
Using monoOptions --debugger-agent=transport=dt_socket,embedding=1,server=y,suspend=n,address=127.0.0.1:56028
Begin MonoManager ReloadAssembly
Registering precompiled unity dll's ...
Register platform support module: C:/Users/USER/Documents/2021.3.15f1/Editor/Data/PlaybackEngines/AndroidPlayer/UnityEditor.Android.Extensions.dll
Register platform support module: C:/Users/USER/Documents/2021.3.15f1/Editor/Data/PlaybackEngines/WindowsStandaloneSupport/UnityEditor.WindowsStandalone.Extensions.dll
Registered in 0.006953 seconds.
Native extension for WindowsStandalone target not found
Native extension for Android target not found
Refreshing native plugins compatible for Editor in 267.19 ms, found 4 plugins.
Preloading 0 native plugins for Editor in 0.00 ms.
Mono: successfully reloaded assembly
- Completed reload, in  1.095 seconds
Domain Reload Profiling:
	ReloadAssembly (1096ms)
		BeginReloadAssembly (119ms)
			ExecutionOrderSort (0ms)
			DisableScriptedObjects (0ms)
			BackupInstance (0ms)
			ReleaseScriptingObjects (0ms)
			CreateAndSetChildDomain (1ms)
		EndReloadAssembly (833ms)
			LoadAssemblies (119ms)
			RebuildTransferFunctionScriptingTraits (0ms)
			SetupTypeCache (157ms)
			ReleaseScriptCaches (0ms)
			RebuildScriptCaches (38ms)
			SetupLoadedEditorAssemblies (571ms)
				LogAssemblyErrors (0ms)
				InitializePlatformSupportModulesInManaged (57ms)
				SetLoadedEditorAssemblies (0ms)
				RefreshPlugins (267ms)
				BeforeProcessingInitializeOnLoad (2ms)
				ProcessInitializeOnLoadAttributes (158ms)
				ProcessInitializeOnLoadMethodAttributes (85ms)
				AfterProcessingInitializeOnLoad (0ms)
				EditorAssembliesLoaded (0ms)
			ExecutionOrderSort2 (0ms)
			AwakeInstancesAfterBackupRestoration (0ms)
Platform modules already initialized, skipping
Registering precompiled user dll's ...
Registered in 0.013771 seconds.
Begin MonoManager ReloadAssembly
Symbol file LoadedFromMemory doesn't match image C:\Users\USER\Documents\GitHub\CookAppsProject\CookappsProject\Library\PackageCache\com.unity.visualscripting@1.7.8\Editor\VisualScripting.Core\Dependencies\YamlDotNet\Unity.VisualScripting.YamlDotNet.dll
Symbol file LoadedFromMemory doesn't match image C:\Users\USER\Documents\GitHub\CookAppsProject\CookappsProject\Library\PackageCache\com.unity.visualscripting@1.7.8\Editor\VisualScripting.Core\Dependencies\DotNetZip\Unity.VisualScripting.IonicZip.dll
Native extension for WindowsStandalone target not found
Native extension for Android target not found
Refreshing native plugins compatible for Editor in 191.23 ms, found 4 plugins.
Preloading 0 native plugins for Editor in 0.00 ms.
Mono: successfully reloaded assembly
- Completed reload, in  2.238 seconds
Domain Reload Profiling:
	ReloadAssembly (2239ms)
		BeginReloadAssembly (163ms)
			ExecutionOrderSort (0ms)
			DisableScriptedObjects (8ms)
			BackupInstance (0ms)
			ReleaseScriptingObjects (0ms)
			CreateAndSetChildDomain (23ms)
		EndReloadAssembly (1927ms)
			LoadAssemblies (174ms)
			RebuildTransferFunctionScriptingTraits (0ms)
			SetupTypeCache (437ms)
			ReleaseScriptCaches (1ms)
			RebuildScriptCaches (149ms)
			SetupLoadedEditorAssemblies (1116ms)
				LogAssemblyErrors (0ms)
				InitializePlatformSupportModulesInManaged (20ms)
				SetLoadedEditorAssemblies (0ms)
				RefreshPlugins (191ms)
				BeforeProcessingInitializeOnLoad (214ms)
				ProcessInitializeOnLoadAttributes (546ms)
				ProcessInitializeOnLoadMethodAttributes (139ms)
				AfterProcessingInitializeOnLoad (5ms)
				EditorAssembliesLoaded (0ms)
			ExecutionOrderSort2 (0ms)
			AwakeInstancesAfterBackupRestoration (15ms)
Platform modules already initialized, skipping
========================================================================
Worker process is ready to serve import requests
Launched and connected shader compiler UnityShaderCompiler.exe after 0.08 seconds
Refreshing native plugins compatible for Editor in 2.11 ms, found 4 plugins.
Preloading 0 native plugins for Editor in 0.00 ms.
Unloading 6851 Unused Serialized files (Serialized files now loaded: 0)
Unloading 59 unused Assets / (1.6 MB). Loaded Objects now: 7316.
Memory consumption went from 268.0 MB to 266.4 MB.
Total: 5.708100 ms (FindLiveObjects: 0.617600 ms CreateObjectMapping: 0.667100 ms MarkObjects: 3.933300 ms  DeleteObjects: 0.489200 ms)

AssetImportParameters requested are different than current active one (requested -> active):
  custom:video-decoder-ogg-theora: a1e56fd34408186e4bbccfd4996cb3dc -> 
  custom:container-muxer-webm: aa71ff27fc2769a1b78a27578f13a17b -> 
  custom:container-demuxer-webm: 4f35f7cbe854078d1ac9338744f61a02 -> 
  custom:video-encoder-webm-vp8: eb34c28f22e8b96e1ab97ce403110664 -> 
  custom:audio-encoder-webm-vorbis: bf7c407c2cedff20999df2af8eb42d56 -> 
  custom:framework-win-MediaFoundation: 216162199b28c13a410421893ffa2e32 -> 
  custom:container-demuxer-ogg: 62fdf1f143b41e24485cea50d1cbac27 -> 
  custom:video-decoder-webm-vp8: 9c59270c3fd7afecdb556c50c9e8de78 -> 
  custom:audio-decoder-ogg-vorbis: bf7c407c2cedff20999df2af8eb42d56 -> 
========================================================================
Received Import Request.
  Time since last request: 158725.340288 seconds.
  path: Packages/com.unity.timeline/Editor/StyleSheets/Images/Icons/TrackMuteButtonDisabled.png
  artifactKey: Guid(5216b1b48296ef345ad2d2ec43105bf0) Importer(815301076,1909f56bfc062723c751e8b465ee728b)
Start importing Packages/com.unity.timeline/Editor/StyleSheets/Images/Icons/TrackMuteButtonDisabled.png using Guid(5216b1b48296ef345ad2d2ec43105bf0) Importer(815301076,1909f56bfc062723c751e8b465ee728b)  -> (artifact id: 'd352acf4ad8d34440809ec70df326fd1') in 0.205450 seconds 
========================================================================
Received Import Request.
  Time since last request: 0.010885 seconds.
  path: Packages/com.unity.timeline/Editor/StyleSheets/Images/Icons/TrackLockButtonEnabled@2x.png
  artifactKey: Guid(b8c531b4e51e4994a81837c4e9b0d649) Importer(815301076,1909f56bfc062723c751e8b465ee728b)
Start importing Packages/com.unity.timeline/Editor/StyleSheets/Images/Icons/TrackLockButtonEnabled@2x.png using Guid(b8c531b4e51e4994a81837c4e9b0d649) Importer(815301076,1909f56bfc062723c751e8b465ee728b)  -> (artifact id: 'be9515e12a8395828f9a9932d5872614') in 0.026210 seconds 
========================================================================
Received Import Request.
  Time since last request: 0.000031 seconds.
  path: Packages/com.unity.timeline/Editor/StyleSheets/Images/Icons/TrackMarkerButtonEnabled.png
  artifactKey: Guid(d1eccbb425fdacc4ba53ce4223f4ea30) Importer(815301076,1909f56bfc062723c751e8b465ee728b)
Start importing Packages/com.unity.timeline/Editor/StyleSheets/Images/Icons/TrackMarkerButtonEnabled.png using Guid(d1eccbb425fdacc4ba53ce4223f4ea30) Importer(815301076,1909f56bfc062723c751e8b465ee728b)  -> (artifact id: 'ae751a90827eb911d90a694dc760e27c') in 0.025725 seconds 
========================================================================
Received Import Request.
  Time since last request: 0.000024 seconds.
  path: Packages/com.unity.timeline/Editor/StyleSheets/Images/Icons/TrackCurvesButtonEnabled@2x.png
  artifactKey: Guid(9e541b6dcfb77d34481f69b3d62d0343) Importer(815301076,1909f56bfc062723c751e8b465ee728b)
Start importing Packages/com.unity.timeline/Editor/StyleSheets/Images/Icons/TrackCurvesButtonEnabled@2x.png using Guid(9e541b6dcfb77d34481f69b3d62d0343) Importer(815301076,1909f56bfc062723c751e8b465ee728b)  -> (artifact id: '1c762604b5982d900e672dbbb1136b35') in 0.121854 seconds 
========================================================================
Received Import Request.
  Time since last request: 0.000022 seconds.
  path: Packages/com.unity.timeline/Editor/StyleSheets/Images/Icons/TrackLockButtonDisabled.png
  artifactKey: Guid(fef7487d8b06bba408f70354e2463ce4) Importer(815301076,1909f56bfc062723c751e8b465ee728b)
Start importing Packages/com.unity.timeline/Editor/StyleSheets/Images/Icons/TrackLockButtonDisabled.png using Guid(fef7487d8b06bba408f70354e2463ce4) Importer(815301076,1909f56bfc062723c751e8b465ee728b)  -> (artifact id: '6314b880082801532edb09f0fdf267c3') in 0.022992 seconds 
========================================================================
Received Import Request.
  Time since last request: 0.068167 seconds.
  path: Packages/com.unity.timeline/Editor/StyleSheets/Images/Icons/TrackAvatarButtonDisabled@2x.png
  artifactKey: Guid(7c05578092876a0458b8b480269aef86) Importer(815301076,1909f56bfc062723c751e8b465ee728b)
Start importing Packages/com.unity.timeline/Editor/StyleSheets/Images/Icons/TrackAvatarButtonDisabled@2x.png using Guid(7c05578092876a0458b8b480269aef86) Importer(815301076,1909f56bfc062723c751e8b465ee728b)  -> (artifact id: 'be72cfe21820f2c27a2672e2c018ebb1') in 0.024181 seconds 
========================================================================
Received Import Request.
  Time since last request: 0.000027 seconds.
  path: Packages/com.unity.timeline/Editor/StyleSheets/Images/Icons/TrackAvatarButtonEnabled@2x.png
  artifactKey: Guid(51bf5f55a8a01e546bf6092b54fdae20) Importer(815301076,1909f56bfc062723c751e8b465ee728b)
Start importing Packages/com.unity.timeline/Editor/StyleSheets/Images/Icons/TrackAvatarButtonEnabled@2x.png using Guid(51bf5f55a8a01e546bf6092b54fdae20) Importer(815301076,1909f56bfc062723c751e8b465ee728b)  -> (artifact id: 'b547376e8f3f05bc57284f10370734c3') in 0.021751 seconds 
========================================================================
Received Import Request.
  Time since last request: 0.000019 seconds.
  path: Packages/com.unity.timeline/Editor/StyleSheets/Images/Icons/TrackAvatarButtonEnabled.png
  artifactKey: Guid(4bf6507f1346b2746a35384f6a5fd5f9) Importer(815301076,1909f56bfc062723c751e8b465ee728b)
Start importing Packages/com.unity.timeline/Editor/StyleSheets/Images/Icons/TrackAvatarButtonEnabled.png using Guid(4bf6507f1346b2746a35384f6a5fd5f9) Importer(815301076,1909f56bfc062723c751e8b465ee728b)  -> (artifact id: 'b16d243b13e755ad9e46b07183406aed') in 0.025099 seconds 
========================================================================
Received Import Request.
  Time since last request: 0.000021 seconds.
  path: Packages/com.unity.timeline/Editor/StyleSheets/Images/Icons/TrackCurvesButtonDisabled.png
  artifactKey: Guid(f0f8ff8921b22a74a8c79d955ace248d) Importer(815301076,1909f56bfc062723c751e8b465ee728b)
Start importing Packages/com.unity.timeline/Editor/StyleSheets/Images/Icons/TrackCurvesButtonDisabled.png using Guid(f0f8ff8921b22a74a8c79d955ace248d) Importer(815301076,1909f56bfc062723c751e8b465ee728b)  -> (artifact id: '1d0b2908b2e1aa8f52792b1ca1aec0d8') in 0.025920 seconds 
========================================================================
Received Import Request.
  Time since last request: 0.000036 seconds.
  path: Packages/com.unity.services.core/Editor/Core/UiHelpers/Images/ToggleOn.png
  artifactKey: Guid(e97f44a089f144758b462da41bc96973) Importer(815301076,1909f56bfc062723c751e8b465ee728b)
Start importing Packages/com.unity.services.core/Editor/Core/UiHelpers/Images/ToggleOn.png using Guid(e97f44a089f144758b462da41bc96973) Importer(815301076,1909f56bfc062723c751e8b465ee728b)  -> (artifact id: 'f4c99d5380893c5d3830100edfac6910') in 0.026468 seconds 
========================================================================
Received Import Request.
  Time since last request: 1.091932 seconds.
  path: Packages/com.unity.timeline/Editor/StyleSheets/Images/DarkSkin/TimelineKeyframe.png
  artifactKey: Guid(8eba099eb091faf419fecdcd5cdabfd7) Importer(815301076,1909f56bfc062723c751e8b465ee728b)
Start importing Packages/com.unity.timeline/Editor/StyleSheets/Images/DarkSkin/TimelineKeyframe.png using Guid(8eba099eb091faf419fecdcd5cdabfd7) Importer(815301076,1909f56bfc062723c751e8b465ee728b)  -> (artifact id: 'ca3619561dd09dd95791c4da92e49c9a') in 0.058516 seconds 
========================================================================
Received Import Request.
  Time since last request: 0.000026 seconds.
  path: Packages/com.unity.timeline/Editor/StyleSheets/Images/LightSkin/TimelineIconClipIn.png
  artifactKey: Guid(4171b549947246b4f9579419d5698a7e) Importer(815301076,1909f56bfc062723c751e8b465ee728b)
Start importing Packages/com.unity.timeline/Editor/StyleSheets/Images/LightSkin/TimelineIconClipIn.png using Guid(4171b549947246b4f9579419d5698a7e) Importer(815301076,1909f56bfc062723c751e8b465ee728b)  -> (artifact id: '627111308de7c707ea92de7221c782c9') in 0.025809 seconds 
========================================================================
Received Import Request.
  Time since last request: 0.000028 seconds.
  path: Packages/com.unity.timeline/Editor/StyleSheets/Images/DarkSkin/TimelineLoop.png
  artifactKey: Guid(360dded8761e81d4d98c10f469d55492) Importer(815301076,1909f56bfc062723c751e8b465ee728b)
Start importing Packages/com.unity.timeline/Editor/StyleSheets/Images/DarkSkin/TimelineLoop.png using Guid(360dded8761e81d4d98c10f469d55492) Importer(815301076,1909f56bfc062723c751e8b465ee728b)  -> (artifact id: '5084dc44d66291bcd45e0797a84fc878') in 0.026131 seconds 
========================================================================
Received Import Request.
  Time since last request: 0.000021 seconds.
  path: Packages/com.unity.timeline/Editor/StyleSheets/Images/DarkSkin/TimelineMarkerItem.png
  artifactKey: Guid(c133595e3c100774496e03e66fa69259) Importer(815301076,1909f56bfc062723c751e8b465ee728b)
Start importing Packages/com.unity.timeline/Editor/StyleSheets/Images/DarkSkin/TimelineMarkerItem.png using Guid(c133595e3c100774496e03e66fa69259) Importer(815301076,1909f56bfc062723c751e8b465ee728b)  -> (artifact id: 'b21f8577006029fd6c46723e4972efd5') in 0.026401 seconds 
========================================================================
Received Import Request.
  Time since last request: 0.000096 seconds.
  path: Packages/com.unity.timeline/Editor/StyleSheets/Images/DarkSkin/TimelineInfiniteTrackNoShadow.png
  artifactKey: Guid(eae63adb172f1164db61a7f4bdfc3637) Importer(815301076,1909f56bfc062723c751e8b465ee728b)
Start importing Packages/com.unity.timeline/Editor/StyleSheets/Images/DarkSkin/TimelineInfiniteTrackNoShadow.png using Guid(eae63adb172f1164db61a7f4bdfc3637) Importer(815301076,1909f56bfc062723c751e8b465ee728b)  -> (artifact id: '35b7c5c6b2826c5e610be4606d5b3817') in 0.029489 seconds 
========================================================================
Received Import Request.
  Time since last request: 0.838211 seconds.
  path: Assets/04.Sprites/UI/SkillIcons/Textures_PNG/T_Icon_Shadow_57.png
  artifactKey: Guid(cec3719a1f1498041ae65d4c24f72ee2) Importer(815301076,1909f56bfc062723c751e8b465ee728b)
Start importing Assets/04.Sprites/UI/SkillIcons/Textures_PNG/T_Icon_Shadow_57.png using Guid(cec3719a1f1498041ae65d4c24f72ee2) Importer(815301076,1909f56bfc062723c751e8b465ee728b)  -> (artifact id: 'f1044faa4f2b06e3cf4de84ea8123d10') in 0.096123 seconds 
========================================================================
Received Import Request.
  Time since last request: 0.000033 seconds.
  path: Assets/04.Sprites/UI/SkillIcons/Textures_PNG/T_Icon_Fire_68.png
  artifactKey: Guid(15d7fc1bd45edfe4295f17098ed02bea) Importer(815301076,1909f56bfc062723c751e8b465ee728b)
Start importing Assets/04.Sprites/UI/SkillIcons/Textures_PNG/T_Icon_Fire_68.png using Guid(15d7fc1bd45edfe4295f17098ed02bea) Importer(815301076,1909f56bfc062723c751e8b465ee728b)  -> (artifact id: 'f84685fd0db918a8166e74bf9717ba19') in 0.038116 seconds 
========================================================================
Received Import Request.
  Time since last request: 0.000033 seconds.
  path: Assets/04.Sprites/UI/SkillIcons/Textures_PNG/T_Icon_Fire_58.png
  artifactKey: Guid(c58c99394e54fb34e87946b3c44ec32b) Importer(815301076,1909f56bfc062723c751e8b465ee728b)
Start importing Assets/04.Sprites/UI/SkillIcons/Textures_PNG/T_Icon_Fire_58.png using Guid(c58c99394e54fb34e87946b3c44ec32b) Importer(815301076,1909f56bfc062723c751e8b465ee728b)  -> (artifact id: '9965ef0002a4871ca08c0becb63726ae') in 0.036119 seconds 
========================================================================
Received Import Request.
  Time since last request: 0.000029 seconds.
  path: Assets/04.Sprites/UI/SkillIcons/Textures_PNG/T_Icon_Fire_71.png
  artifactKey: Guid(3a4e0e89349ac2743ab236e7f7a88277) Importer(815301076,1909f56bfc062723c751e8b465ee728b)
Start importing Assets/04.Sprites/UI/SkillIcons/Textures_PNG/T_Icon_Fire_71.png using Guid(3a4e0e89349ac2743ab236e7f7a88277) Importer(815301076,1909f56bfc062723c751e8b465ee728b)  -> (artifact id: '3a7413162359632528dbb699807e67e1') in 0.034552 seconds 
========================================================================
Received Import Request.
  Time since last request: 0.000025 seconds.
  path: Assets/04.Sprites/UI/SkillIcons/Textures_PNG/T_Icon_Fire_50.png
  artifactKey: Guid(831c92f8e24a6fb4d92278ad748701c9) Importer(815301076,1909f56bfc062723c751e8b465ee728b)
Start importing Assets/04.Sprites/UI/SkillIcons/Textures_PNG/T_Icon_Fire_50.png using Guid(831c92f8e24a6fb4d92278ad748701c9) Importer(815301076,1909f56bfc062723c751e8b465ee728b)  -> (artifact id: '338a3fdc7f91e04457cf108dd007b631') in 0.033724 seconds 
========================================================================
Received Import Request.
  Time since last request: 0.000024 seconds.
  path: Assets/04.Sprites/UI/SkillIcons/Textures_PNG/T_Icon_Fire_73.png
  artifactKey: Guid(d27c5aa8f9c00b4419799f3f933bd35e) Importer(815301076,1909f56bfc062723c751e8b465ee728b)
Start importing Assets/04.Sprites/UI/SkillIcons/Textures_PNG/T_Icon_Fire_73.png using Guid(d27c5aa8f9c00b4419799f3f933bd35e) Importer(815301076,1909f56bfc062723c751e8b465ee728b)  -> (artifact id: 'b3fb16ed9a360a27720c6494eb593416') in 0.035855 seconds 
========================================================================
Received Import Request.
  Time since last request: 0.000029 seconds.
  path: Assets/04.Sprites/UI/SkillIcons/Textures_PNG/T_Icon_Fire_60.png
  artifactKey: Guid(2771c83551678b64381ccd203a689156) Importer(815301076,1909f56bfc062723c751e8b465ee728b)
Start importing Assets/04.Sprites/UI/SkillIcons/Textures_PNG/T_Icon_Fire_60.png using Guid(2771c83551678b64381ccd203a689156) Importer(815301076,1909f56bfc062723c751e8b465ee728b)  -> (artifact id: '696e6e0995287e94d492b219857033c6') in 0.035389 seconds 
========================================================================
Received Import Request.
  Time since last request: 0.000037 seconds.
  path: Assets/04.Sprites/UI/SkillIcons/Textures_PNG/T_Icon_Fire_53.png
  artifactKey: Guid(d1f5daf88ef4e05469e54a8a1b28c5ec) Importer(815301076,1909f56bfc062723c751e8b465ee728b)
Start importing Assets/04.Sprites/UI/SkillIcons/Textures_PNG/T_Icon_Fire_53.png using Guid(d1f5daf88ef4e05469e54a8a1b28c5ec) Importer(815301076,1909f56bfc062723c751e8b465ee728b)  -> (artifact id: '8e2f6188b3aa499dd8530ae09ea8cc02') in 0.094893 seconds 
========================================================================
Received Import Request.
  Time since last request: 0.000041 seconds.
  path: Assets/04.Sprites/UI/SkillIcons/Textures_PNG/T_Icon_Fire_52.png
  artifactKey: Guid(60c2b8255abb5b7438a9eb0079949f15) Importer(815301076,1909f56bfc062723c751e8b465ee728b)
Start importing Assets/04.Sprites/UI/SkillIcons/Textures_PNG/T_Icon_Fire_52.png using Guid(60c2b8255abb5b7438a9eb0079949f15) Importer(815301076,1909f56bfc062723c751e8b465ee728b)  -> (artifact id: 'e387e2013a65cc6e72dade6e1f06d3b2') in 0.043888 seconds 
========================================================================
Received Import Request.
  Time since last request: 0.000025 seconds.
  path: Assets/04.Sprites/UI/SkillIcons/Textures_PNG/T_Icon_Fire_67.png
  artifactKey: Guid(6f81ac2404d20324e88291f023a4bdd0) Importer(815301076,1909f56bfc062723c751e8b465ee728b)
Start importing Assets/04.Sprites/UI/SkillIcons/Textures_PNG/T_Icon_Fire_67.png using Guid(6f81ac2404d20324e88291f023a4bdd0) Importer(815301076,1909f56bfc062723c751e8b465ee728b)  -> (artifact id: '1c86ea87b4979ba3353e1d9c80803be0') in 0.035404 seconds 
========================================================================
Received Import Request.
  Time since last request: 0.000021 seconds.
  path: Assets/04.Sprites/UI/SkillIcons/Textures_PNG/T_Icon_Fire_59.png
  artifactKey: Guid(7e54b2d109f923448a20aa85dc2416a0) Importer(815301076,1909f56bfc062723c751e8b465ee728b)
Start importing Assets/04.Sprites/UI/SkillIcons/Textures_PNG/T_Icon_Fire_59.png using Guid(7e54b2d109f923448a20aa85dc2416a0) Importer(815301076,1909f56bfc062723c751e8b465ee728b)  -> (artifact id: 'f4dcc8c48168865302faf681d51486f1') in 0.045552 seconds 
========================================================================
Received Import Request.
  Time since last request: 0.000027 seconds.
  path: Assets/04.Sprites/UI/SkillIcons/Textures_PNG/T_Icon_Shadow_59.png
  artifactKey: Guid(7dc996a681b4b82479ec0f0c79651e73) Importer(815301076,1909f56bfc062723c751e8b465ee728b)
Start importing Assets/04.Sprites/UI/SkillIcons/Textures_PNG/T_Icon_Shadow_59.png using Guid(7dc996a681b4b82479ec0f0c79651e73) Importer(815301076,1909f56bfc062723c751e8b465ee728b)  -> (artifact id: '2f52cf564eb3206a63b5e09c24b4f8e2') in 0.036928 seconds 
========================================================================
Received Import Request.
  Time since last request: 0.000023 seconds.
  path: Assets/04.Sprites/UI/SkillIcons/Textures_PNG/T_Icon_Fire_70.png
  artifactKey: Guid(08b5e40c58dfd8145b2d63bfe18cf7d5) Importer(815301076,1909f56bfc062723c751e8b465ee728b)
Start importing Assets/04.Sprites/UI/SkillIcons/Textures_PNG/T_Icon_Fire_70.png using Guid(08b5e40c58dfd8145b2d63bfe18cf7d5) Importer(815301076,1909f56bfc062723c751e8b465ee728b)  -> (artifact id: '7d2c6ef603607270a74a3510ceb2dc44') in 0.039891 seconds 
========================================================================
Received Import Request.
  Time since last request: 0.000029 seconds.
  path: Assets/04.Sprites/UI/SkillIcons/Textures_PNG/T_Icon_Fire_56.png
  artifactKey: Guid(2eb83f8df0d3a884cb79942c74dd4c4d) Importer(815301076,1909f56bfc062723c751e8b465ee728b)
Start importing Assets/04.Sprites/UI/SkillIcons/Textures_PNG/T_Icon_Fire_56.png using Guid(2eb83f8df0d3a884cb79942c74dd4c4d) Importer(815301076,1909f56bfc062723c751e8b465ee728b)  -> (artifact id: '43d69106788c36ef72702cb47be2aa32') in 0.035305 seconds 
========================================================================
Received Import Request.
  Time since last request: 2.534173 seconds.
  path: Packages/com.unity.collab-proxy/Editor/Collaborate/Assets/Icons/added-file-dark@2x.png
  artifactKey: Guid(c223e0c507e2c6549a2cb97441b62cbe) Importer(815301076,1909f56bfc062723c751e8b465ee728b)
Start importing Packages/com.unity.collab-proxy/Editor/Collaborate/Assets/Icons/added-file-dark@2x.png using Guid(c223e0c507e2c6549a2cb97441b62cbe) Importer(815301076,1909f56bfc062723c751e8b465ee728b)  -> (artifact id: 'f172a0e0db631a196cb570a86f212513') in 0.027090 seconds 
========================================================================
Received Import Request.
  Time since last request: 0.000023 seconds.
  path: Packages/com.unity.collab-proxy/Editor/Collaborate/Assets/Icons/added-file-light.png
  artifactKey: Guid(397fff6c3885f8343bb65714f0064b5d) Importer(815301076,1909f56bfc062723c751e8b465ee728b)
Start importing Packages/com.unity.collab-proxy/Editor/Collaborate/Assets/Icons/added-file-light.png using Guid(397fff6c3885f8343bb65714f0064b5d) Importer(815301076,1909f56bfc062723c751e8b465ee728b)  -> (artifact id: '19018dee68f4d30fe2cfbd666f44236d') in 0.025475 seconds 
Editor requested this worker to shutdown with reason: Scaling down because of idle timeout
AssetImportWorker is now disconnected from the server
Process exiting
Exiting without the bug reporter. Application will terminate with return code 0