Using pre-set license
Built from '2021.3/staging' branch; Version is '2021.3.15f1 (e8e88683f834) revision 15263878'; Using compiler version '192829333'; Build Type 'Release'
OS: 'Windows 10  (10.0.19045) 64bit Core' Language: 'ko' Physical Memory: 16303 MB
BatchMode: 1, IsHumanControllingUs: 0, StartBugReporterOnCrash: 0, Is64bit: 1, IsPro: 1

COMMAND LINE ARGUMENTS:
C:\Users\USER\Documents\2021.3.15f1\Editor\Unity.exe
-adb2
-batchMode
-noUpm
-name
AssetImportWorker5
-projectPath
C:/Users/USER/Documents/GitHub/CookAppsProject/CookappsProject
-logFile
Logs/AssetImportWorker5.log
-srvPort
3832
Successfully changed project path to: C:/Users/USER/Documents/GitHub/CookAppsProject/CookappsProject
C:/Users/USER/Documents/GitHub/CookAppsProject/CookappsProject
[UnityMemory] Configuration Parameters - Can be set up in boot.config
    "memorysetup-bucket-allocator-granularity=16"
    "memorysetup-bucket-allocator-bucket-count=8"
    "memorysetup-bucket-allocator-block-size=33554432"
    "memorysetup-bucket-allocator-block-count=8"
    "memorysetup-main-allocator-block-size=16777216"
    "memorysetup-thread-allocator-block-size=16777216"
    "memorysetup-gfx-main-allocator-block-size=16777216"
    "memorysetup-gfx-thread-allocator-block-size=16777216"
    "memorysetup-cache-allocator-block-size=4194304"
    "memorysetup-typetree-allocator-block-size=2097152"
    "memorysetup-profiler-bucket-allocator-granularity=16"
    "memorysetup-profiler-bucket-allocator-bucket-count=8"
    "memorysetup-profiler-bucket-allocator-block-size=33554432"
    "memorysetup-profiler-bucket-allocator-block-count=8"
    "memorysetup-profiler-allocator-block-size=16777216"
    "memorysetup-profiler-editor-allocator-block-size=1048576"
    "memorysetup-temp-allocator-size-main=16777216"
    "memorysetup-job-temp-allocator-block-size=2097152"
    "memorysetup-job-temp-allocator-block-size-background=1048576"
    "memorysetup-job-temp-allocator-reduction-small-platforms=262144"
    "memorysetup-temp-allocator-size-background-worker=32768"
    "memorysetup-temp-allocator-size-job-worker=262144"
    "memorysetup-temp-allocator-size-preload-manager=33554432"
    "memorysetup-temp-allocator-size-nav-mesh-worker=65536"
    "memorysetup-temp-allocator-size-audio-worker=65536"
    "memorysetup-temp-allocator-size-cloud-worker=32768"
    "memorysetup-temp-allocator-size-gi-baking-worker=262144"
    "memorysetup-temp-allocator-size-gfx=262144"
Player connection [19088] Host "[IP] 192.168.200.193 [Port] 0 [Flags] 2 [Guid] 3418650862 [EditorId] 3418650862 [Version] 1048832 [Id] WindowsEditor(7,DESKTOP-OHD6DA9) [Debug] 1 [PackageName] WindowsEditor [ProjectName] Editor" joined multi-casting on [225.0.0.222:54997]...

Player connection [19088] Host "[IP] 192.168.200.193 [Port] 0 [Flags] 2 [Guid] 3418650862 [EditorId] 3418650862 [Version] 1048832 [Id] WindowsEditor(7,DESKTOP-OHD6DA9) [Debug] 1 [PackageName] WindowsEditor [ProjectName] Editor" joined alternative multi-casting on [225.0.0.222:34997]...

Refreshing native plugins compatible for Editor in 233.92 ms, found 4 plugins.
Preloading 0 native plugins for Editor in 0.00 ms.
Initialize engine version: 2021.3.15f1 (e8e88683f834)
[Subsystems] Discovering subsystems at path C:/Users/USER/Documents/2021.3.15f1/Editor/Data/Resources/UnitySubsystems
[Subsystems] Discovering subsystems at path C:/Users/USER/Documents/GitHub/CookAppsProject/CookappsProject/Assets
GfxDevice: creating device client; threaded=0; jobified=0
Direct3D:
    Version:  Direct3D 11.0 [level 11.1]
    Renderer: NVIDIA GeForce RTX 2060 (ID=0x1f51)
    Vendor:   NVIDIA
    VRAM:     5968 MB
    Driver:   31.0.15.3118
Initialize mono
Mono path[0] = 'C:/Users/USER/Documents/2021.3.15f1/Editor/Data/Managed'
Mono path[1] = 'C:/Users/USER/Documents/2021.3.15f1/Editor/Data/MonoBleedingEdge/lib/mono/unityjit-win32'
Mono config path = 'C:/Users/USER/Documents/2021.3.15f1/Editor/Data/MonoBleedingEdge/etc'
Using monoOptions --debugger-agent=transport=dt_socket,embedding=1,server=y,suspend=n,address=127.0.0.1:56112
Begin MonoManager ReloadAssembly
Registering precompiled unity dll's ...
Register platform support module: C:/Users/USER/Documents/2021.3.15f1/Editor/Data/PlaybackEngines/AndroidPlayer/UnityEditor.Android.Extensions.dll
Register platform support module: C:/Users/USER/Documents/2021.3.15f1/Editor/Data/PlaybackEngines/WindowsStandaloneSupport/UnityEditor.WindowsStandalone.Extensions.dll
Registered in 0.005382 seconds.
Native extension for WindowsStandalone target not found
Native extension for Android target not found
Refreshing native plugins compatible for Editor in 157.73 ms, found 4 plugins.
Preloading 0 native plugins for Editor in 0.00 ms.
Mono: successfully reloaded assembly
- Completed reload, in  0.750 seconds
Domain Reload Profiling:
	ReloadAssembly (750ms)
		BeginReloadAssembly (89ms)
			ExecutionOrderSort (0ms)
			DisableScriptedObjects (0ms)
			BackupInstance (0ms)
			ReleaseScriptingObjects (0ms)
			CreateAndSetChildDomain (1ms)
		EndReloadAssembly (551ms)
			LoadAssemblies (88ms)
			RebuildTransferFunctionScriptingTraits (0ms)
			SetupTypeCache (108ms)
			ReleaseScriptCaches (0ms)
			RebuildScriptCaches (34ms)
			SetupLoadedEditorAssemblies (361ms)
				LogAssemblyErrors (0ms)
				InitializePlatformSupportModulesInManaged (42ms)
				SetLoadedEditorAssemblies (0ms)
				RefreshPlugins (158ms)
				BeforeProcessingInitializeOnLoad (2ms)
				ProcessInitializeOnLoadAttributes (107ms)
				ProcessInitializeOnLoadMethodAttributes (52ms)
				AfterProcessingInitializeOnLoad (0ms)
				EditorAssembliesLoaded (0ms)
			ExecutionOrderSort2 (0ms)
			AwakeInstancesAfterBackupRestoration (0ms)
Platform modules already initialized, skipping
Registering precompiled user dll's ...
Registered in 0.008499 seconds.
Begin MonoManager ReloadAssembly
Symbol file LoadedFromMemory doesn't match image C:\Users\USER\Documents\GitHub\CookAppsProject\CookappsProject\Library\PackageCache\com.unity.visualscripting@1.7.8\Editor\VisualScripting.Core\Dependencies\YamlDotNet\Unity.VisualScripting.YamlDotNet.dll
Symbol file LoadedFromMemory doesn't match image C:\Users\USER\Documents\GitHub\CookAppsProject\CookappsProject\Library\PackageCache\com.unity.visualscripting@1.7.8\Editor\VisualScripting.Core\Dependencies\DotNetZip\Unity.VisualScripting.IonicZip.dll
Native extension for WindowsStandalone target not found
Native extension for Android target not found
Refreshing native plugins compatible for Editor in 164.07 ms, found 4 plugins.
Preloading 0 native plugins for Editor in 0.00 ms.
Mono: successfully reloaded assembly
- Completed reload, in  1.663 seconds
Domain Reload Profiling:
	ReloadAssembly (1664ms)
		BeginReloadAssembly (128ms)
			ExecutionOrderSort (0ms)
			DisableScriptedObjects (6ms)
			BackupInstance (0ms)
			ReleaseScriptingObjects (0ms)
			CreateAndSetChildDomain (19ms)
		EndReloadAssembly (1426ms)
			LoadAssemblies (133ms)
			RebuildTransferFunctionScriptingTraits (0ms)
			SetupTypeCache (290ms)
			ReleaseScriptCaches (1ms)
			RebuildScriptCaches (112ms)
			SetupLoadedEditorAssemblies (863ms)
				LogAssemblyErrors (0ms)
				InitializePlatformSupportModulesInManaged (13ms)
				SetLoadedEditorAssemblies (0ms)
				RefreshPlugins (164ms)
				BeforeProcessingInitializeOnLoad (168ms)
				ProcessInitializeOnLoadAttributes (406ms)
				ProcessInitializeOnLoadMethodAttributes (106ms)
				AfterProcessingInitializeOnLoad (5ms)
				EditorAssembliesLoaded (0ms)
			ExecutionOrderSort2 (0ms)
			AwakeInstancesAfterBackupRestoration (12ms)
Platform modules already initialized, skipping
========================================================================
Worker process is ready to serve import requests
Launched and connected shader compiler UnityShaderCompiler.exe after 0.06 seconds
Refreshing native plugins compatible for Editor in 1.52 ms, found 4 plugins.
Preloading 0 native plugins for Editor in 0.00 ms.
Unloading 6847 Unused Serialized files (Serialized files now loaded: 0)
Unloading 59 unused Assets / (1.6 MB). Loaded Objects now: 7311.
Memory consumption went from 268.7 MB to 267.1 MB.
Total: 5.071900 ms (FindLiveObjects: 0.477600 ms CreateObjectMapping: 0.409700 ms MarkObjects: 3.644500 ms  DeleteObjects: 0.539400 ms)

AssetImportParameters requested are different than current active one (requested -> active):
  custom:video-decoder-ogg-theora: a1e56fd34408186e4bbccfd4996cb3dc -> 
  custom:container-muxer-webm: aa71ff27fc2769a1b78a27578f13a17b -> 
  custom:container-demuxer-webm: 4f35f7cbe854078d1ac9338744f61a02 -> 
  custom:video-encoder-webm-vp8: eb34c28f22e8b96e1ab97ce403110664 -> 
  custom:audio-encoder-webm-vorbis: bf7c407c2cedff20999df2af8eb42d56 -> 
  custom:framework-win-MediaFoundation: 216162199b28c13a410421893ffa2e32 -> 
  custom:container-demuxer-ogg: 62fdf1f143b41e24485cea50d1cbac27 -> 
  custom:video-decoder-webm-vp8: 9c59270c3fd7afecdb556c50c9e8de78 -> 
  custom:audio-decoder-ogg-vorbis: bf7c407c2cedff20999df2af8eb42d56 -> 
========================================================================
Received Import Request.
  Time since last request: 88930.888801 seconds.
  path: Assets/04.Sprites/UI/png_128/icon/icon_sport/icon_sport_1.png
  artifactKey: Guid(b954ba7cf4ff55e45bb7046a73cde1af) Importer(815301076,1909f56bfc062723c751e8b465ee728b)
Start importing Assets/04.Sprites/UI/png_128/icon/icon_sport/icon_sport_1.png using Guid(b954ba7cf4ff55e45bb7046a73cde1af) Importer(815301076,1909f56bfc062723c751e8b465ee728b)  -> (artifact id: '9fb7adafe0a724bce380570134e3e81d') in 0.165432 seconds 
========================================================================
Received Import Request.
  Time since last request: 1.458032 seconds.
  path: Assets/04.Sprites/UI/png_128/icon/icon_sport/icon_sport_35.png
  artifactKey: Guid(f8b7e0977c5c3a74a819cad23ecd072a) Importer(815301076,1909f56bfc062723c751e8b465ee728b)
Start importing Assets/04.Sprites/UI/png_128/icon/icon_sport/icon_sport_35.png using Guid(f8b7e0977c5c3a74a819cad23ecd072a) Importer(815301076,1909f56bfc062723c751e8b465ee728b)  -> (artifact id: '35cab0345994022c67d2c40beece35eb') in 0.056589 seconds 
========================================================================
Received Import Request.
  Time since last request: 0.000043 seconds.
  path: Assets/04.Sprites/UI/png_128/icon/icon_sport/icon_sport_39.png
  artifactKey: Guid(06e52ed67c8a8274fbc2dea01c4cfcd0) Importer(815301076,1909f56bfc062723c751e8b465ee728b)
Start importing Assets/04.Sprites/UI/png_128/icon/icon_sport/icon_sport_39.png using Guid(06e52ed67c8a8274fbc2dea01c4cfcd0) Importer(815301076,1909f56bfc062723c751e8b465ee728b)  -> (artifact id: '328d5690e6123afa725d61035b45a4d4') in 0.038751 seconds 
========================================================================
Received Import Request.
  Time since last request: 0.193383 seconds.
  path: Assets/04.Sprites/UI/png_128/icon/icon_sport/icon_sport_42.png
  artifactKey: Guid(3ce5c2946c2f7e14dbbc9871ba9a9428) Importer(815301076,1909f56bfc062723c751e8b465ee728b)
Start importing Assets/04.Sprites/UI/png_128/icon/icon_sport/icon_sport_42.png using Guid(3ce5c2946c2f7e14dbbc9871ba9a9428) Importer(815301076,1909f56bfc062723c751e8b465ee728b)  -> (artifact id: '0ac1d5b333a203d9f5910d64961904e2') in 0.030802 seconds 
========================================================================
Received Import Request.
  Time since last request: 0.000022 seconds.
  path: Assets/04.Sprites/UI/png_128/icon/icon_sport/icon_sport_45.png
  artifactKey: Guid(1b8304d608b2ca343ad8a17a94d78ceb) Importer(815301076,1909f56bfc062723c751e8b465ee728b)
Start importing Assets/04.Sprites/UI/png_128/icon/icon_sport/icon_sport_45.png using Guid(1b8304d608b2ca343ad8a17a94d78ceb) Importer(815301076,1909f56bfc062723c751e8b465ee728b)  -> (artifact id: 'c7c5cb8cb4897790cbc7c95638709684') in 0.031588 seconds 
========================================================================
Received Import Request.
  Time since last request: 0.000026 seconds.
  path: Assets/04.Sprites/UI/png_128/icon/icon_sport/icon_sport_49.png
  artifactKey: Guid(84a657433c8026c4b92445cd1595fdec) Importer(815301076,1909f56bfc062723c751e8b465ee728b)
Start importing Assets/04.Sprites/UI/png_128/icon/icon_sport/icon_sport_49.png using Guid(84a657433c8026c4b92445cd1595fdec) Importer(815301076,1909f56bfc062723c751e8b465ee728b)  -> (artifact id: '8ca0df6876de55baced4e05eb7fa3120') in 0.030558 seconds 
========================================================================
Received Import Request.
  Time since last request: 0.183148 seconds.
  path: Assets/04.Sprites/UI/png_128/icon/icon_sport/icon_sport_52.png
  artifactKey: Guid(11691b97f8be33041a5da32a29d9ef2e) Importer(815301076,1909f56bfc062723c751e8b465ee728b)
Start importing Assets/04.Sprites/UI/png_128/icon/icon_sport/icon_sport_52.png using Guid(11691b97f8be33041a5da32a29d9ef2e) Importer(815301076,1909f56bfc062723c751e8b465ee728b)  -> (artifact id: '5a12edb4defdec90db81fce18effc9df') in 0.034457 seconds 
========================================================================
Received Import Request.
  Time since last request: 0.000043 seconds.
  path: Assets/04.Sprites/UI/png_128/icon/icon_sport/icon_sport_55.png
  artifactKey: Guid(157e11d2e15205440b263058fd6c5095) Importer(815301076,1909f56bfc062723c751e8b465ee728b)
Start importing Assets/04.Sprites/UI/png_128/icon/icon_sport/icon_sport_55.png using Guid(157e11d2e15205440b263058fd6c5095) Importer(815301076,1909f56bfc062723c751e8b465ee728b)  -> (artifact id: '062ee7422e2e1f72d59c60919d5e2249') in 0.032874 seconds 
========================================================================
Received Import Request.
  Time since last request: 0.000032 seconds.
  path: Assets/04.Sprites/UI/png_128/icon/icon_sport/icon_sport_58.png
  artifactKey: Guid(e001eb5793747ec458bb99a61174c5ee) Importer(815301076,1909f56bfc062723c751e8b465ee728b)
Start importing Assets/04.Sprites/UI/png_128/icon/icon_sport/icon_sport_58.png using Guid(e001eb5793747ec458bb99a61174c5ee) Importer(815301076,1909f56bfc062723c751e8b465ee728b)  -> (artifact id: 'fd503fe707c484741139ca6426655543') in 0.030321 seconds 
========================================================================
Received Import Request.
  Time since last request: 0.217211 seconds.
  path: Assets/04.Sprites/UI/png_128/icon/icon_sport/icon_sport_62.png
  artifactKey: Guid(3d7303946ccca8b42b1134a6867cabe4) Importer(815301076,1909f56bfc062723c751e8b465ee728b)
Start importing Assets/04.Sprites/UI/png_128/icon/icon_sport/icon_sport_62.png using Guid(3d7303946ccca8b42b1134a6867cabe4) Importer(815301076,1909f56bfc062723c751e8b465ee728b)  -> (artifact id: 'c7f1ad01f47e74ed9a2525f726611c3d') in 0.031512 seconds 
========================================================================
Received Import Request.
  Time since last request: 0.000021 seconds.
  path: Assets/04.Sprites/UI/png_128/icon/icon_sport/icon_sport_65.png
  artifactKey: Guid(8db54c3102c3c9b4c9e7abf2324e0204) Importer(815301076,1909f56bfc062723c751e8b465ee728b)
Start importing Assets/04.Sprites/UI/png_128/icon/icon_sport/icon_sport_65.png using Guid(8db54c3102c3c9b4c9e7abf2324e0204) Importer(815301076,1909f56bfc062723c751e8b465ee728b)  -> (artifact id: '546a28a3c5fbdd9537ce236da6b939fa') in 0.033967 seconds 
========================================================================
Received Import Request.
  Time since last request: 0.000763 seconds.
  path: Assets/04.Sprites/UI/png_128/icon/icon_sport/icon_sport_68.png
  artifactKey: Guid(81f7db13a81b9424f94d359e5be03fad) Importer(815301076,1909f56bfc062723c751e8b465ee728b)
Start importing Assets/04.Sprites/UI/png_128/icon/icon_sport/icon_sport_68.png using Guid(81f7db13a81b9424f94d359e5be03fad) Importer(815301076,1909f56bfc062723c751e8b465ee728b)  -> (artifact id: '28ea7de796f733498ebef57985e0d1f4') in 0.031364 seconds 
========================================================================
Received Import Request.
  Time since last request: 0.000022 seconds.
  path: Assets/04.Sprites/UI/png_128/icon/icon_sport/icon_sport_71.png
  artifactKey: Guid(ad2bb95ae3046db4f81d552e3c4044da) Importer(815301076,1909f56bfc062723c751e8b465ee728b)
Start importing Assets/04.Sprites/UI/png_128/icon/icon_sport/icon_sport_71.png using Guid(ad2bb95ae3046db4f81d552e3c4044da) Importer(815301076,1909f56bfc062723c751e8b465ee728b)  -> (artifact id: 'afb2dd5f40cfcb821ceb041989db154d') in 0.028060 seconds 
========================================================================
Received Import Request.
  Time since last request: 0.210556 seconds.
  path: Assets/04.Sprites/UI/png_128/icon/icon_sport/icon_sport_74.png
  artifactKey: Guid(a21fb205fa8034749b00b977f7bdd224) Importer(815301076,1909f56bfc062723c751e8b465ee728b)
Start importing Assets/04.Sprites/UI/png_128/icon/icon_sport/icon_sport_74.png using Guid(a21fb205fa8034749b00b977f7bdd224) Importer(815301076,1909f56bfc062723c751e8b465ee728b)  -> (artifact id: 'fef47e0e8ce35a5eb48f28aabad8978f') in 0.031705 seconds 
========================================================================
Received Import Request.
  Time since last request: 12.814277 seconds.
  path: Assets/04.Sprites/UI/png_128/icon/icon_store/icon_store_15.png
  artifactKey: Guid(80be30f7d01209a4291ac84f1837b3bb) Importer(815301076,1909f56bfc062723c751e8b465ee728b)
Start importing Assets/04.Sprites/UI/png_128/icon/icon_store/icon_store_15.png using Guid(80be30f7d01209a4291ac84f1837b3bb) Importer(815301076,1909f56bfc062723c751e8b465ee728b)  -> (artifact id: '13e814ea504ee10f8771bbc0a54bf44b') in 0.040160 seconds 
========================================================================
Received Import Request.
  Time since last request: 6.265175 seconds.
  path: Assets/04.Sprites/UI/png_128/icon/icon_simpleshape/icon_simpleshape_54.png
  artifactKey: Guid(f36a981fbdefaed4ba9a566a37fddac6) Importer(815301076,1909f56bfc062723c751e8b465ee728b)
Start importing Assets/04.Sprites/UI/png_128/icon/icon_simpleshape/icon_simpleshape_54.png using Guid(f36a981fbdefaed4ba9a566a37fddac6) Importer(815301076,1909f56bfc062723c751e8b465ee728b)  -> (artifact id: '886e004b0aa97891ac76ddf677b39eba') in 0.076226 seconds 
========================================================================
Received Import Request.
  Time since last request: 0.000021 seconds.
  path: Assets/04.Sprites/UI/png_128/icon/icon_simpleshape/icon_simpleshape_55.png
  artifactKey: Guid(74c319bf789c4f844a47652a69746f5b) Importer(815301076,1909f56bfc062723c751e8b465ee728b)
Start importing Assets/04.Sprites/UI/png_128/icon/icon_simpleshape/icon_simpleshape_55.png using Guid(74c319bf789c4f844a47652a69746f5b) Importer(815301076,1909f56bfc062723c751e8b465ee728b)  -> (artifact id: '3c1b143293716a2b12f23d9dc836c20c') in 0.031488 seconds 
========================================================================
Received Import Request.
  Time since last request: 0.000037 seconds.
  path: Assets/04.Sprites/UI/png_128/icon/icon_simpleshape/icon_simpleshape_65.png
  artifactKey: Guid(9f541c19c24300244bc785b596845df2) Importer(815301076,1909f56bfc062723c751e8b465ee728b)
Start importing Assets/04.Sprites/UI/png_128/icon/icon_simpleshape/icon_simpleshape_65.png using Guid(9f541c19c24300244bc785b596845df2) Importer(815301076,1909f56bfc062723c751e8b465ee728b)  -> (artifact id: 'b7291fbacf4492df11538b9d87db747c') in 0.029709 seconds 
========================================================================
Received Import Request.
  Time since last request: 0.000046 seconds.
  path: Assets/04.Sprites/UI/png_128/icon/icon_simpleshape/icon_simpleshape_66.png
  artifactKey: Guid(755ecfea9dfb9e0449a976c2fe1aac62) Importer(815301076,1909f56bfc062723c751e8b465ee728b)
Start importing Assets/04.Sprites/UI/png_128/icon/icon_simpleshape/icon_simpleshape_66.png using Guid(755ecfea9dfb9e0449a976c2fe1aac62) Importer(815301076,1909f56bfc062723c751e8b465ee728b)  -> (artifact id: '028aadbffb7e889b29412f71f2e5c728') in 0.029070 seconds 
========================================================================
Received Import Request.
  Time since last request: 0.000035 seconds.
  path: Assets/04.Sprites/UI/png_128/icon/icon_simpleshape/icon_simpleshape_64.png
  artifactKey: Guid(376e9a77c42771c4cbbf365e4bb3b4c7) Importer(815301076,1909f56bfc062723c751e8b465ee728b)
Start importing Assets/04.Sprites/UI/png_128/icon/icon_simpleshape/icon_simpleshape_64.png using Guid(376e9a77c42771c4cbbf365e4bb3b4c7) Importer(815301076,1909f56bfc062723c751e8b465ee728b)  -> (artifact id: 'b92b91d85b81a6aeeb6847e855e5da2b') in 0.031298 seconds 
========================================================================
Received Import Request.
  Time since last request: 0.000027 seconds.
  path: Assets/04.Sprites/UI/png_128/icon/icon_simpleshape/icon_simpleshape_67.png
  artifactKey: Guid(94c6d85cf5aef5e49a2b514e7d545a16) Importer(815301076,1909f56bfc062723c751e8b465ee728b)
Start importing Assets/04.Sprites/UI/png_128/icon/icon_simpleshape/icon_simpleshape_67.png using Guid(94c6d85cf5aef5e49a2b514e7d545a16) Importer(815301076,1909f56bfc062723c751e8b465ee728b)  -> (artifact id: 'f029cfaa34c8010ef49a200d458bba20') in 0.029809 seconds 
========================================================================
Received Import Request.
  Time since last request: 0.000029 seconds.
  path: Assets/04.Sprites/UI/png_128/icon/icon_simpleshape/icon_simpleshape_73.png
  artifactKey: Guid(f8ad2ba167ab9e1459912fada542e0f5) Importer(815301076,1909f56bfc062723c751e8b465ee728b)
Start importing Assets/04.Sprites/UI/png_128/icon/icon_simpleshape/icon_simpleshape_73.png using Guid(f8ad2ba167ab9e1459912fada542e0f5) Importer(815301076,1909f56bfc062723c751e8b465ee728b)  -> (artifact id: 'ab34a0bcdfe2c93fd17d358ef5d6fd84') in 0.027170 seconds 
========================================================================
Received Import Request.
  Time since last request: 0.000025 seconds.
  path: Assets/04.Sprites/UI/png_128/icon/icon_simpleshape/icon_simpleshape_74.png
  artifactKey: Guid(b1fe5f8d686af484b98400beaf4acc0e) Importer(815301076,1909f56bfc062723c751e8b465ee728b)
Start importing Assets/04.Sprites/UI/png_128/icon/icon_simpleshape/icon_simpleshape_74.png using Guid(b1fe5f8d686af484b98400beaf4acc0e) Importer(815301076,1909f56bfc062723c751e8b465ee728b)  -> (artifact id: '0cc15877a68165e016cdb063b216de78') in 0.023200 seconds 
========================================================================
Received Import Request.
  Time since last request: 32.820061 seconds.
  path: Assets/04.Sprites/UI/png_128/icon/icon_store/icon_store_20.png
  artifactKey: Guid(4de5008c56826524ca0cde84e06734c1) Importer(815301076,1909f56bfc062723c751e8b465ee728b)
Start importing Assets/04.Sprites/UI/png_128/icon/icon_store/icon_store_20.png using Guid(4de5008c56826524ca0cde84e06734c1) Importer(815301076,1909f56bfc062723c751e8b465ee728b)  -> (artifact id: '6e14994426b1bceed11b35f305f29baf') in 0.133117 seconds 
========================================================================
Received Import Request.
  Time since last request: 0.000021 seconds.
  path: Assets/04.Sprites/UI/png_128/icon/icon_store/icon_store_72.png
  artifactKey: Guid(3a520feb9faff514da8fd049a40975ff) Importer(815301076,1909f56bfc062723c751e8b465ee728b)
Start importing Assets/04.Sprites/UI/png_128/icon/icon_store/icon_store_72.png using Guid(3a520feb9faff514da8fd049a40975ff) Importer(815301076,1909f56bfc062723c751e8b465ee728b)  -> (artifact id: '24f415fef56a3f9e6db8e7f19e339e90') in 0.038918 seconds 
========================================================================
Received Import Request.
  Time since last request: 0.000033 seconds.
  path: Assets/04.Sprites/UI/png_128/icon/icon_store/icon_store_113.png
  artifactKey: Guid(9dded39b48a13444989fa4998e5e50ac) Importer(815301076,1909f56bfc062723c751e8b465ee728b)
Start importing Assets/04.Sprites/UI/png_128/icon/icon_store/icon_store_113.png using Guid(9dded39b48a13444989fa4998e5e50ac) Importer(815301076,1909f56bfc062723c751e8b465ee728b)  -> (artifact id: '41a5c5e734f0265feb6240360d691a09') in 0.031446 seconds 
========================================================================
Received Import Request.
  Time since last request: 0.000044 seconds.
  path: Assets/04.Sprites/UI/png_128/icon/icon_store/icon_store_92.png
  artifactKey: Guid(b5feb5c17d94648429c6fa4b7ed6e5d2) Importer(815301076,1909f56bfc062723c751e8b465ee728b)
Start importing Assets/04.Sprites/UI/png_128/icon/icon_store/icon_store_92.png using Guid(b5feb5c17d94648429c6fa4b7ed6e5d2) Importer(815301076,1909f56bfc062723c751e8b465ee728b)  -> (artifact id: '8d0e1590148d72a8468ec7e7c7fe2b19') in 0.038335 seconds 
========================================================================
Received Import Request.
  Time since last request: 0.000038 seconds.
  path: Assets/04.Sprites/UI/png_128/icon/icon_store/icon_store_131.png
  artifactKey: Guid(554d193fe5fdbc140867377f04518313) Importer(815301076,1909f56bfc062723c751e8b465ee728b)
Start importing Assets/04.Sprites/UI/png_128/icon/icon_store/icon_store_131.png using Guid(554d193fe5fdbc140867377f04518313) Importer(815301076,1909f56bfc062723c751e8b465ee728b)  -> (artifact id: 'c52f7dda7531258a21d8c6f51b6ea374') in 0.052746 seconds 
========================================================================
Received Import Request.
  Time since last request: 0.000024 seconds.
  path: Assets/04.Sprites/UI/png_128/icon/icon_store/icon_store_132.png
  artifactKey: Guid(29f370e6dbbccd140a70530485797318) Importer(815301076,1909f56bfc062723c751e8b465ee728b)
Start importing Assets/04.Sprites/UI/png_128/icon/icon_store/icon_store_132.png using Guid(29f370e6dbbccd140a70530485797318) Importer(815301076,1909f56bfc062723c751e8b465ee728b)  -> (artifact id: 'f2e83d5ad4aeb52ca08c0ee5fa0bf594') in 0.027760 seconds 
========================================================================
Received Import Request.
  Time since last request: 0.000020 seconds.
  path: Assets/04.Sprites/UI/png_128/icon/icon_store/icon_store_89.png
  artifactKey: Guid(45fb718fd96008d44ab7fae6bd7eb4e5) Importer(815301076,1909f56bfc062723c751e8b465ee728b)
Start importing Assets/04.Sprites/UI/png_128/icon/icon_store/icon_store_89.png using Guid(45fb718fd96008d44ab7fae6bd7eb4e5) Importer(815301076,1909f56bfc062723c751e8b465ee728b)  -> (artifact id: '2ac302014321e5af7a6de932290d2563') in 0.028309 seconds 
========================================================================
Received Import Request.
  Time since last request: 0.000026 seconds.
  path: Assets/04.Sprites/UI/png_128/icon/icon_store/icon_store_116.png
  artifactKey: Guid(03e7c361bbb52d04390fb34a8ac83856) Importer(815301076,1909f56bfc062723c751e8b465ee728b)
Start importing Assets/04.Sprites/UI/png_128/icon/icon_store/icon_store_116.png using Guid(03e7c361bbb52d04390fb34a8ac83856) Importer(815301076,1909f56bfc062723c751e8b465ee728b)  -> (artifact id: '963464ccf2b4e7db8244b8331cc1d763') in 0.029369 seconds 
========================================================================
Received Import Request.
  Time since last request: 0.000062 seconds.
  path: Assets/04.Sprites/UI/png_128/icon/icon_store/icon_store_79.png
  artifactKey: Guid(9563eff68b144c74eb7f51985baf4337) Importer(815301076,1909f56bfc062723c751e8b465ee728b)
Start importing Assets/04.Sprites/UI/png_128/icon/icon_store/icon_store_79.png using Guid(9563eff68b144c74eb7f51985baf4337) Importer(815301076,1909f56bfc062723c751e8b465ee728b)  -> (artifact id: '89dbe84687aafb9908d9d245da24766e') in 0.027703 seconds 
========================================================================
Received Import Request.
  Time since last request: 0.000035 seconds.
  path: Assets/04.Sprites/UI/png_128/icon/icon_store/icon_store_165.png
  artifactKey: Guid(a8d34758c0b803846a7d539bfda3b390) Importer(815301076,1909f56bfc062723c751e8b465ee728b)
Start importing Assets/04.Sprites/UI/png_128/icon/icon_store/icon_store_165.png using Guid(a8d34758c0b803846a7d539bfda3b390) Importer(815301076,1909f56bfc062723c751e8b465ee728b)  -> (artifact id: '381e8da37e509280e3b497151b7a8643') in 0.026273 seconds 
========================================================================
Received Import Request.
  Time since last request: 0.000025 seconds.
  path: Assets/04.Sprites/UI/png_128/icon/icon_store/icon_store_41.png
  artifactKey: Guid(ce1c6c6c0cdf5314293164ed78483e3f) Importer(815301076,1909f56bfc062723c751e8b465ee728b)
Start importing Assets/04.Sprites/UI/png_128/icon/icon_store/icon_store_41.png using Guid(ce1c6c6c0cdf5314293164ed78483e3f) Importer(815301076,1909f56bfc062723c751e8b465ee728b)  -> (artifact id: '8f44974efbf8834a53e22a729c756140') in 0.028657 seconds 
========================================================================
Received Import Request.
  Time since last request: 0.000021 seconds.
  path: Assets/04.Sprites/UI/png_128/icon/icon_store/icon_store_73.png
  artifactKey: Guid(acf0359be9c032b4cb8ff0234730a821) Importer(815301076,1909f56bfc062723c751e8b465ee728b)
Start importing Assets/04.Sprites/UI/png_128/icon/icon_store/icon_store_73.png using Guid(acf0359be9c032b4cb8ff0234730a821) Importer(815301076,1909f56bfc062723c751e8b465ee728b)  -> (artifact id: 'f4149022ff92d57a62df7ab1957d1871') in 0.027899 seconds 
========================================================================
Received Import Request.
  Time since last request: 0.000021 seconds.
  path: Assets/04.Sprites/UI/png_128/icon/icon_store/icon_store_105.png
  artifactKey: Guid(a1c690a9f53b0034bbcfa0a4d738e297) Importer(815301076,1909f56bfc062723c751e8b465ee728b)
Start importing Assets/04.Sprites/UI/png_128/icon/icon_store/icon_store_105.png using Guid(a1c690a9f53b0034bbcfa0a4d738e297) Importer(815301076,1909f56bfc062723c751e8b465ee728b)  -> (artifact id: '1e2c5182205de41707c2ed62b0137d44') in 0.046780 seconds 
========================================================================
Received Import Request.
  Time since last request: 0.000055 seconds.
  path: Assets/04.Sprites/UI/png_128/icon/icon_store/icon_store_107.png
  artifactKey: Guid(c74f0fcfad21d3849a2f7b86a325f49f) Importer(815301076,1909f56bfc062723c751e8b465ee728b)
Start importing Assets/04.Sprites/UI/png_128/icon/icon_store/icon_store_107.png using Guid(c74f0fcfad21d3849a2f7b86a325f49f) Importer(815301076,1909f56bfc062723c751e8b465ee728b)  -> (artifact id: '6d565359ba72a1e3f235a825616df9f5') in 0.027451 seconds 
========================================================================
Received Import Request.
  Time since last request: 0.000032 seconds.
  path: Assets/04.Sprites/UI/png_128/icon/icon_store/icon_store_123.png
  artifactKey: Guid(2710fc3bcabf4be4f919e333515a4a8b) Importer(815301076,1909f56bfc062723c751e8b465ee728b)
Start importing Assets/04.Sprites/UI/png_128/icon/icon_store/icon_store_123.png using Guid(2710fc3bcabf4be4f919e333515a4a8b) Importer(815301076,1909f56bfc062723c751e8b465ee728b)  -> (artifact id: '08ab885e55271d17650da27483174509') in 0.025999 seconds 
========================================================================
Received Import Request.
  Time since last request: 0.000046 seconds.
  path: Assets/04.Sprites/UI/png_128/icon/icon_store/icon_store_101.png
  artifactKey: Guid(ad6768f73471aab46933f4abf83b8391) Importer(815301076,1909f56bfc062723c751e8b465ee728b)
Start importing Assets/04.Sprites/UI/png_128/icon/icon_store/icon_store_101.png using Guid(ad6768f73471aab46933f4abf83b8391) Importer(815301076,1909f56bfc062723c751e8b465ee728b)  -> (artifact id: '4d3b94df7eb81823a5d77077929b834a') in 0.032037 seconds 
========================================================================
Received Import Request.
  Time since last request: 0.000024 seconds.
  path: Assets/04.Sprites/UI/png_128/icon/icon_store/icon_store_130.png
  artifactKey: Guid(f922c5223075a4849880902aaa5981ce) Importer(815301076,1909f56bfc062723c751e8b465ee728b)
Start importing Assets/04.Sprites/UI/png_128/icon/icon_store/icon_store_130.png using Guid(f922c5223075a4849880902aaa5981ce) Importer(815301076,1909f56bfc062723c751e8b465ee728b)  -> (artifact id: '31e9a411c48c665b0e67de9f80c6b764') in 0.029741 seconds 
========================================================================
Received Import Request.
  Time since last request: 0.000045 seconds.
  path: Assets/04.Sprites/UI/png_128/icon/icon_store/icon_store_69.png
  artifactKey: Guid(5b44d777ef42935428b3b5039e2f324b) Importer(815301076,1909f56bfc062723c751e8b465ee728b)
Start importing Assets/04.Sprites/UI/png_128/icon/icon_store/icon_store_69.png using Guid(5b44d777ef42935428b3b5039e2f324b) Importer(815301076,1909f56bfc062723c751e8b465ee728b)  -> (artifact id: '810cab96fc49747d93d99b759a7a3a1b') in 0.028415 seconds 
========================================================================
Received Import Request.
  Time since last request: 0.000036 seconds.
  path: Assets/04.Sprites/UI/png_128/icon/icon_store/icon_store_30.png
  artifactKey: Guid(9c63538e26c1d5b47a5ca6905bbbc9c7) Importer(815301076,1909f56bfc062723c751e8b465ee728b)
Start importing Assets/04.Sprites/UI/png_128/icon/icon_store/icon_store_30.png using Guid(9c63538e26c1d5b47a5ca6905bbbc9c7) Importer(815301076,1909f56bfc062723c751e8b465ee728b)  -> (artifact id: 'dc197a7dec503daaabaee38691e339bd') in 0.029600 seconds 
========================================================================
Received Import Request.
  Time since last request: 0.000027 seconds.
  path: Assets/04.Sprites/UI/png_128/icon/icon_store/icon_store_24.png
  artifactKey: Guid(c34f18f8bd92d534daf62461e11f30ba) Importer(815301076,1909f56bfc062723c751e8b465ee728b)
Start importing Assets/04.Sprites/UI/png_128/icon/icon_store/icon_store_24.png using Guid(c34f18f8bd92d534daf62461e11f30ba) Importer(815301076,1909f56bfc062723c751e8b465ee728b)  -> (artifact id: '5ad6ac3d342662d1433843d63df65a96') in 0.034997 seconds 
========================================================================
Received Import Request.
  Time since last request: 0.000034 seconds.
  path: Assets/04.Sprites/UI/png_128/icon/icon_store/icon_store_171.png
  artifactKey: Guid(e910dab0b5fa4b04fa408f4a9cfc9b16) Importer(815301076,1909f56bfc062723c751e8b465ee728b)
Start importing Assets/04.Sprites/UI/png_128/icon/icon_store/icon_store_171.png using Guid(e910dab0b5fa4b04fa408f4a9cfc9b16) Importer(815301076,1909f56bfc062723c751e8b465ee728b)  -> (artifact id: '50589f2eed7863b86c79158c8fae0300') in 0.027617 seconds 
========================================================================
Received Import Request.
  Time since last request: 0.000029 seconds.
  path: Assets/04.Sprites/UI/png_128/icon/icon_store/icon_store_111.png
  artifactKey: Guid(2d3bd4bba6c066343a5a360444b84495) Importer(815301076,1909f56bfc062723c751e8b465ee728b)
Start importing Assets/04.Sprites/UI/png_128/icon/icon_store/icon_store_111.png using Guid(2d3bd4bba6c066343a5a360444b84495) Importer(815301076,1909f56bfc062723c751e8b465ee728b)  -> (artifact id: '4ddb0b5bcf09204d10000baf1d0dd1ae') in 0.027573 seconds 
========================================================================
Received Import Request.
  Time since last request: 0.000028 seconds.
  path: Assets/04.Sprites/UI/png_128/icon/icon_store/icon_store_133.png
  artifactKey: Guid(f87b5a75d124770468f1f14902461788) Importer(815301076,1909f56bfc062723c751e8b465ee728b)
Start importing Assets/04.Sprites/UI/png_128/icon/icon_store/icon_store_133.png using Guid(f87b5a75d124770468f1f14902461788) Importer(815301076,1909f56bfc062723c751e8b465ee728b)  -> (artifact id: '4c8ad0698c3fb13808a4985dd4e00cf6') in 0.027832 seconds 
========================================================================
Received Import Request.
  Time since last request: 0.000041 seconds.
  path: Assets/04.Sprites/UI/png_128/icon/icon_store/icon_store_96.png
  artifactKey: Guid(ad35958af2f13854680b2cadfbba7080) Importer(815301076,1909f56bfc062723c751e8b465ee728b)
Start importing Assets/04.Sprites/UI/png_128/icon/icon_store/icon_store_96.png using Guid(ad35958af2f13854680b2cadfbba7080) Importer(815301076,1909f56bfc062723c751e8b465ee728b)  -> (artifact id: 'a4f61e167a83eff10158dfb424b5f095') in 0.028403 seconds 
========================================================================
Received Import Request.
  Time since last request: 0.000026 seconds.
  path: Assets/04.Sprites/UI/png_128/icon/icon_store/icon_store_163.png
  artifactKey: Guid(8e9c2503cda49bf4db89a8210bc91f9f) Importer(815301076,1909f56bfc062723c751e8b465ee728b)
Start importing Assets/04.Sprites/UI/png_128/icon/icon_store/icon_store_163.png using Guid(8e9c2503cda49bf4db89a8210bc91f9f) Importer(815301076,1909f56bfc062723c751e8b465ee728b)  -> (artifact id: 'cff466f6ceb455f497008a35d7829ace') in 0.030187 seconds 
========================================================================
Received Import Request.
  Time since last request: 0.000034 seconds.
  path: Assets/04.Sprites/UI/png_128/icon/icon_store/icon_store_68.png
  artifactKey: Guid(1b84ef365ed9df14fa899ca4fdfa6127) Importer(815301076,1909f56bfc062723c751e8b465ee728b)
Start importing Assets/04.Sprites/UI/png_128/icon/icon_store/icon_store_68.png using Guid(1b84ef365ed9df14fa899ca4fdfa6127) Importer(815301076,1909f56bfc062723c751e8b465ee728b)  -> (artifact id: '5b116cfe693caf52362fca9be4d134a7') in 0.026169 seconds 
========================================================================
Received Import Request.
  Time since last request: 0.000025 seconds.
  path: Assets/04.Sprites/UI/png_128/icon/icon_store/icon_store_112.png
  artifactKey: Guid(88d6385465a00e84fa0ed2a20cce9be6) Importer(815301076,1909f56bfc062723c751e8b465ee728b)
Start importing Assets/04.Sprites/UI/png_128/icon/icon_store/icon_store_112.png using Guid(88d6385465a00e84fa0ed2a20cce9be6) Importer(815301076,1909f56bfc062723c751e8b465ee728b)  -> (artifact id: '6534644528cd80d09cd7509d373393b8') in 0.030787 seconds 
========================================================================
Received Import Request.
  Time since last request: 0.000030 seconds.
  path: Assets/04.Sprites/UI/png_128/icon/icon_store/icon_store_31.png
  artifactKey: Guid(4c59cd7b0d3774540a8a79bd44662030) Importer(815301076,1909f56bfc062723c751e8b465ee728b)
Start importing Assets/04.Sprites/UI/png_128/icon/icon_store/icon_store_31.png using Guid(4c59cd7b0d3774540a8a79bd44662030) Importer(815301076,1909f56bfc062723c751e8b465ee728b)  -> (artifact id: 'ea0fcf0f748a0efaa0647961e63389a9') in 0.026370 seconds 
========================================================================
Received Import Request.
  Time since last request: 0.000034 seconds.
  path: Assets/04.Sprites/UI/png_128/icon/icon_store/icon_store_91.png
  artifactKey: Guid(4f84db0459e31514c8b555933b6b930c) Importer(815301076,1909f56bfc062723c751e8b465ee728b)
Start importing Assets/04.Sprites/UI/png_128/icon/icon_store/icon_store_91.png using Guid(4f84db0459e31514c8b555933b6b930c) Importer(815301076,1909f56bfc062723c751e8b465ee728b)  -> (artifact id: '4a5b7fd49cac514bc58bf04cc340d5cf') in 0.027732 seconds 
========================================================================
Received Import Request.
  Time since last request: 0.000021 seconds.
  path: Assets/04.Sprites/UI/png_128/icon/icon_store/icon_store_129.png
  artifactKey: Guid(442ff58bdd30b8d4792313e410a92ef5) Importer(815301076,1909f56bfc062723c751e8b465ee728b)
Start importing Assets/04.Sprites/UI/png_128/icon/icon_store/icon_store_129.png using Guid(442ff58bdd30b8d4792313e410a92ef5) Importer(815301076,1909f56bfc062723c751e8b465ee728b)  -> (artifact id: 'adf99d5fff845d7348aa0407579e306b') in 0.027690 seconds 
========================================================================
Received Import Request.
  Time since last request: 0.000019 seconds.
  path: Assets/04.Sprites/UI/png_128/icon/icon_store/icon_store_104.png
  artifactKey: Guid(2f49a46e715600d4f8204a6cca2f1b71) Importer(815301076,1909f56bfc062723c751e8b465ee728b)
Start importing Assets/04.Sprites/UI/png_128/icon/icon_store/icon_store_104.png using Guid(2f49a46e715600d4f8204a6cca2f1b71) Importer(815301076,1909f56bfc062723c751e8b465ee728b)  -> (artifact id: 'a646efd076271104bef96e4398dcbfca') in 0.027444 seconds 
========================================================================
Received Import Request.
  Time since last request: 0.000032 seconds.
  path: Assets/04.Sprites/UI/png_128/icon/icon_store/icon_store_95.png
  artifactKey: Guid(ceb001207d767d9459b203842f943b50) Importer(815301076,1909f56bfc062723c751e8b465ee728b)
Start importing Assets/04.Sprites/UI/png_128/icon/icon_store/icon_store_95.png using Guid(ceb001207d767d9459b203842f943b50) Importer(815301076,1909f56bfc062723c751e8b465ee728b)  -> (artifact id: '188faf76a29f93e7051e82636067683c') in 0.025956 seconds 
========================================================================
Received Import Request.
  Time since last request: 0.000019 seconds.
  path: Assets/04.Sprites/UI/png_128/icon/icon_store/icon_store_34.png
  artifactKey: Guid(b70f941490777d34c853f07f65711f36) Importer(815301076,1909f56bfc062723c751e8b465ee728b)
Start importing Assets/04.Sprites/UI/png_128/icon/icon_store/icon_store_34.png using Guid(b70f941490777d34c853f07f65711f36) Importer(815301076,1909f56bfc062723c751e8b465ee728b)  -> (artifact id: 'f42979b95305c67455688ab51c381014') in 0.028077 seconds 
========================================================================
Received Import Request.
  Time since last request: 0.000023 seconds.
  path: Assets/04.Sprites/UI/png_128/icon/icon_store/icon_store_106.png
  artifactKey: Guid(bd93e2943b4566248b4dc3319603a3cf) Importer(815301076,1909f56bfc062723c751e8b465ee728b)
Start importing Assets/04.Sprites/UI/png_128/icon/icon_store/icon_store_106.png using Guid(bd93e2943b4566248b4dc3319603a3cf) Importer(815301076,1909f56bfc062723c751e8b465ee728b)  -> (artifact id: 'e0b449ab948ff753bcc86a0fb7b624bc') in 0.027548 seconds 
========================================================================
Received Import Request.
  Time since last request: 2.483567 seconds.
  path: Assets/04.Sprites/UI/png_128/icon/icon_store/icon_store_82.png
  artifactKey: Guid(c6f0754bf7f21ea40838e40feb73643f) Importer(815301076,1909f56bfc062723c751e8b465ee728b)
Start importing Assets/04.Sprites/UI/png_128/icon/icon_store/icon_store_82.png using Guid(c6f0754bf7f21ea40838e40feb73643f) Importer(815301076,1909f56bfc062723c751e8b465ee728b)  -> (artifact id: 'd06ebb1633dc7acb27c6513b9943708c') in 0.035611 seconds 
========================================================================
Received Import Request.
  Time since last request: 6.739431 seconds.
  path: Assets/04.Sprites/UI/png_128/icon/icon_tool/icon_tool_3.png
  artifactKey: Guid(d6c3ec4f2027ea24f8ccadd7d0c4926a) Importer(815301076,1909f56bfc062723c751e8b465ee728b)
Start importing Assets/04.Sprites/UI/png_128/icon/icon_tool/icon_tool_3.png using Guid(d6c3ec4f2027ea24f8ccadd7d0c4926a) Importer(815301076,1909f56bfc062723c751e8b465ee728b)  -> (artifact id: '2fd81da1af06764282530c8682b6f974') in 0.039880 seconds 
========================================================================
Received Import Request.
  Time since last request: 0.000044 seconds.
  path: Assets/04.Sprites/UI/png_128/icon/icon_tool/icon_tool_6.png
  artifactKey: Guid(113243f99a7e1ce46b828c2d5f3be9ff) Importer(815301076,1909f56bfc062723c751e8b465ee728b)
Start importing Assets/04.Sprites/UI/png_128/icon/icon_tool/icon_tool_6.png using Guid(113243f99a7e1ce46b828c2d5f3be9ff) Importer(815301076,1909f56bfc062723c751e8b465ee728b)  -> (artifact id: '9062904a421a3cfef438b90a8239a779') in 0.049015 seconds 
========================================================================
Received Import Request.
  Time since last request: 0.000056 seconds.
  path: Assets/04.Sprites/UI/png_128/icon/icon_tool/icon_tool_13.png
  artifactKey: Guid(9fde63bc1400ec643b3c9363469229c3) Importer(815301076,1909f56bfc062723c751e8b465ee728b)
Start importing Assets/04.Sprites/UI/png_128/icon/icon_tool/icon_tool_13.png using Guid(9fde63bc1400ec643b3c9363469229c3) Importer(815301076,1909f56bfc062723c751e8b465ee728b)  -> (artifact id: 'a63bc8de77237547d8f288d0aa7c4cbb') in 0.047600 seconds 
========================================================================
Received Import Request.
  Time since last request: 0.000043 seconds.
  path: Assets/04.Sprites/UI/png_128/icon/icon_tool/icon_tool_5.png
  artifactKey: Guid(4d05796c05d71c142a79f730aceb5c7d) Importer(815301076,1909f56bfc062723c751e8b465ee728b)
Start importing Assets/04.Sprites/UI/png_128/icon/icon_tool/icon_tool_5.png using Guid(4d05796c05d71c142a79f730aceb5c7d) Importer(815301076,1909f56bfc062723c751e8b465ee728b)  -> (artifact id: '34097d4bb186a4efbb473c94e896f656') in 0.033371 seconds 
========================================================================
Received Import Request.
  Time since last request: 0.000024 seconds.
  path: Assets/04.Sprites/UI/png_128/icon/icon_tool/icon_tool_12.png
  artifactKey: Guid(404088e94a126164cbd2fbc105e6d6b9) Importer(815301076,1909f56bfc062723c751e8b465ee728b)
Start importing Assets/04.Sprites/UI/png_128/icon/icon_tool/icon_tool_12.png using Guid(404088e94a126164cbd2fbc105e6d6b9) Importer(815301076,1909f56bfc062723c751e8b465ee728b)  -> (artifact id: '9f736ed5164e8f689b32c06f3470f82c') in 0.033271 seconds 
========================================================================
Received Import Request.
  Time since last request: 0.000034 seconds.
  path: Assets/04.Sprites/UI/png_128/icon/icon_tool/icon_tool_14.png
  artifactKey: Guid(7851a218cc6f1ce4494764644f97b809) Importer(815301076,1909f56bfc062723c751e8b465ee728b)
Start importing Assets/04.Sprites/UI/png_128/icon/icon_tool/icon_tool_14.png using Guid(7851a218cc6f1ce4494764644f97b809) Importer(815301076,1909f56bfc062723c751e8b465ee728b)  -> (artifact id: 'cb219397b072d3b9afcc83a459cb2ac9') in 0.030433 seconds 
========================================================================
Received Import Request.
  Time since last request: 2.035161 seconds.
  path: Assets/04.Sprites/UI/png_128/icon/icon_tool/icon_tool_20.png
  artifactKey: Guid(4d6fbd284d0b8c442844d06235c66e11) Importer(815301076,1909f56bfc062723c751e8b465ee728b)
Start importing Assets/04.Sprites/UI/png_128/icon/icon_tool/icon_tool_20.png using Guid(4d6fbd284d0b8c442844d06235c66e11) Importer(815301076,1909f56bfc062723c751e8b465ee728b)  -> (artifact id: '774c142a33c9e7fff4f7ed61ac80b0c5') in 0.030774 seconds 
========================================================================
Received Import Request.
  Time since last request: 0.000026 seconds.
  path: Assets/04.Sprites/UI/png_128/icon/icon_tool/icon_tool_24.png
  artifactKey: Guid(6b05651ad0c9f5541bdd21883dbda805) Importer(815301076,1909f56bfc062723c751e8b465ee728b)
Start importing Assets/04.Sprites/UI/png_128/icon/icon_tool/icon_tool_24.png using Guid(6b05651ad0c9f5541bdd21883dbda805) Importer(815301076,1909f56bfc062723c751e8b465ee728b)  -> (artifact id: 'e5b8e32e2301431f88c81e330dfdae63') in 0.035951 seconds 
========================================================================
Received Import Request.
  Time since last request: 0.000024 seconds.
  path: Assets/04.Sprites/UI/png_128/icon/icon_tool/icon_tool_28.png
  artifactKey: Guid(ad1159a3e7194194aab8675bf94abc41) Importer(815301076,1909f56bfc062723c751e8b465ee728b)
Start importing Assets/04.Sprites/UI/png_128/icon/icon_tool/icon_tool_28.png using Guid(ad1159a3e7194194aab8675bf94abc41) Importer(815301076,1909f56bfc062723c751e8b465ee728b)  -> (artifact id: '90456ef33e2d4ba8ebd8c4dc7dcce6d6') in 0.033000 seconds 
========================================================================
Received Import Request.
  Time since last request: 0.000036 seconds.
  path: Assets/04.Sprites/UI/png_128/icon/icon_tool/icon_tool_23.png
  artifactKey: Guid(34672910145a0d84e895a629f25ac9e9) Importer(815301076,1909f56bfc062723c751e8b465ee728b)
Start importing Assets/04.Sprites/UI/png_128/icon/icon_tool/icon_tool_23.png using Guid(34672910145a0d84e895a629f25ac9e9) Importer(815301076,1909f56bfc062723c751e8b465ee728b)  -> (artifact id: '1411dd486ca97db85574576897a8b7c9') in 0.026412 seconds 
========================================================================
Received Import Request.
  Time since last request: 0.000027 seconds.
  path: Assets/04.Sprites/UI/png_128/icon/icon_tool/icon_tool_32.png
  artifactKey: Guid(41d4e6bdc9190bb4586ecb5fea37954e) Importer(815301076,1909f56bfc062723c751e8b465ee728b)
Start importing Assets/04.Sprites/UI/png_128/icon/icon_tool/icon_tool_32.png using Guid(41d4e6bdc9190bb4586ecb5fea37954e) Importer(815301076,1909f56bfc062723c751e8b465ee728b)  -> (artifact id: 'deca0726971c71872b504782186852dc') in 0.028322 seconds 
========================================================================
Received Import Request.
  Time since last request: 0.000025 seconds.
  path: Assets/04.Sprites/UI/png_128/icon/icon_tool/icon_tool_30.png
  artifactKey: Guid(a3c64059e9c28034da12ed1fb7779cee) Importer(815301076,1909f56bfc062723c751e8b465ee728b)
Start importing Assets/04.Sprites/UI/png_128/icon/icon_tool/icon_tool_30.png using Guid(a3c64059e9c28034da12ed1fb7779cee) Importer(815301076,1909f56bfc062723c751e8b465ee728b)  -> (artifact id: '2dc9831a5f7bdc29c7dd5973c02d3de4') in 0.026015 seconds 
========================================================================
Received Import Request.
  Time since last request: 0.251775 seconds.
  path: Assets/04.Sprites/UI/png_128/icon/icon_tool/icon_tool_36.png
  artifactKey: Guid(a22a38578ff7a8c4488e18103a118ec5) Importer(815301076,1909f56bfc062723c751e8b465ee728b)
Start importing Assets/04.Sprites/UI/png_128/icon/icon_tool/icon_tool_36.png using Guid(a22a38578ff7a8c4488e18103a118ec5) Importer(815301076,1909f56bfc062723c751e8b465ee728b)  -> (artifact id: '653ca8dafff03cbe485b0eaadc46f02f') in 0.032270 seconds 
========================================================================
Received Import Request.
  Time since last request: 0.000064 seconds.
  path: Assets/04.Sprites/UI/png_128/icon/icon_tool/icon_tool_42.png
  artifactKey: Guid(9c7adf71c6b50e24ebb593782e3bf118) Importer(815301076,1909f56bfc062723c751e8b465ee728b)
Start importing Assets/04.Sprites/UI/png_128/icon/icon_tool/icon_tool_42.png using Guid(9c7adf71c6b50e24ebb593782e3bf118) Importer(815301076,1909f56bfc062723c751e8b465ee728b)  -> (artifact id: '38c70d442e9c020e85ece8da68406816') in 0.031432 seconds 
========================================================================
Received Import Request.
  Time since last request: 0.000056 seconds.
  path: Assets/04.Sprites/UI/png_128/icon/icon_tool/icon_tool_52.png
  artifactKey: Guid(cc30780f7f6f9d8469b1cda0ba8997e5) Importer(815301076,1909f56bfc062723c751e8b465ee728b)
Start importing Assets/04.Sprites/UI/png_128/icon/icon_tool/icon_tool_52.png using Guid(cc30780f7f6f9d8469b1cda0ba8997e5) Importer(815301076,1909f56bfc062723c751e8b465ee728b)  -> (artifact id: '6df75f26f357de3b1a106f47c272e526') in 0.034920 seconds 
========================================================================
Received Import Request.
  Time since last request: 0.000028 seconds.
  path: Assets/04.Sprites/UI/png_128/icon/icon_tool/icon_tool_82.png
  artifactKey: Guid(636bd1574a3b8a84ebb72934413c0205) Importer(815301076,1909f56bfc062723c751e8b465ee728b)
Start importing Assets/04.Sprites/UI/png_128/icon/icon_tool/icon_tool_82.png using Guid(636bd1574a3b8a84ebb72934413c0205) Importer(815301076,1909f56bfc062723c751e8b465ee728b)  -> (artifact id: '3a09a68cf1b7939be1fa371e6fb48e4f') in 0.032268 seconds 
========================================================================
Received Import Request.
  Time since last request: 0.000029 seconds.
  path: Assets/04.Sprites/UI/png_128/icon/icon_tool/icon_tool_91.png
  artifactKey: Guid(2d5240ac8c008c8498b51f02c35f4156) Importer(815301076,1909f56bfc062723c751e8b465ee728b)
Start importing Assets/04.Sprites/UI/png_128/icon/icon_tool/icon_tool_91.png using Guid(2d5240ac8c008c8498b51f02c35f4156) Importer(815301076,1909f56bfc062723c751e8b465ee728b)  -> (artifact id: '28d40d60b0e0a876732de8357a55eb92') in 0.386196 seconds 
========================================================================
Received Import Request.
  Time since last request: 0.000042 seconds.
  path: Assets/04.Sprites/UI/png_128/icon/icon_tool/icon_tool_101.png
  artifactKey: Guid(e5134f9ad18fecd4cb97adcbc3286937) Importer(815301076,1909f56bfc062723c751e8b465ee728b)
Start importing Assets/04.Sprites/UI/png_128/icon/icon_tool/icon_tool_101.png using Guid(e5134f9ad18fecd4cb97adcbc3286937) Importer(815301076,1909f56bfc062723c751e8b465ee728b)  -> (artifact id: '245e259693ed68fc31a73a4b2d77b594') in 0.029235 seconds 
========================================================================
Received Import Request.
  Time since last request: 0.000033 seconds.
  path: Assets/04.Sprites/UI/png_128/icon/icon_tool/icon_tool_104.png
  artifactKey: Guid(ca50a70cf7f11624aa09a3d8df05cef4) Importer(815301076,1909f56bfc062723c751e8b465ee728b)
Start importing Assets/04.Sprites/UI/png_128/icon/icon_tool/icon_tool_104.png using Guid(ca50a70cf7f11624aa09a3d8df05cef4) Importer(815301076,1909f56bfc062723c751e8b465ee728b)  -> (artifact id: 'ff49c33ff64d601628288225ebfcd147') in 0.034106 seconds 
========================================================================
Received Import Request.
  Time since last request: 0.000023 seconds.
  path: Assets/04.Sprites/UI/png_128/icon/icon_tool/icon_tool_93.png
  artifactKey: Guid(489d98905fcc28a45b3d89e821278d0d) Importer(815301076,1909f56bfc062723c751e8b465ee728b)
Start importing Assets/04.Sprites/UI/png_128/icon/icon_tool/icon_tool_93.png using Guid(489d98905fcc28a45b3d89e821278d0d) Importer(815301076,1909f56bfc062723c751e8b465ee728b)  -> (artifact id: 'a0e84df8f420a2704c62fbfb91aad384') in 0.030026 seconds 
========================================================================
Received Import Request.
  Time since last request: 0.000023 seconds.
  path: Assets/04.Sprites/UI/png_128/icon/icon_tool/icon_tool_103.png
  artifactKey: Guid(24a8ad45a96dd4343a12d16128f81042) Importer(815301076,1909f56bfc062723c751e8b465ee728b)
Start importing Assets/04.Sprites/UI/png_128/icon/icon_tool/icon_tool_103.png using Guid(24a8ad45a96dd4343a12d16128f81042) Importer(815301076,1909f56bfc062723c751e8b465ee728b)  -> (artifact id: '6b231a92ca994b2839709e752bd575e7') in 0.028382 seconds 
========================================================================
Received Import Request.
  Time since last request: 0.000031 seconds.
  path: Assets/04.Sprites/UI/png_128/icon/icon_tool/icon_tool_106.png
  artifactKey: Guid(a9d4e295f10a8984ba8a5cb3ec12837a) Importer(815301076,1909f56bfc062723c751e8b465ee728b)
Start importing Assets/04.Sprites/UI/png_128/icon/icon_tool/icon_tool_106.png using Guid(a9d4e295f10a8984ba8a5cb3ec12837a) Importer(815301076,1909f56bfc062723c751e8b465ee728b)  -> (artifact id: 'bf4003608a74a3c3e05bb6680969e976') in 0.030665 seconds 
========================================================================
Received Import Request.
  Time since last request: 21.706650 seconds.
  path: Assets/04.Sprites/UI/png_128/icon/icon_traffic/icon_traffic_3.png
  artifactKey: Guid(024b59e3bc804bf4dbb6c429f72b0906) Importer(815301076,1909f56bfc062723c751e8b465ee728b)
Start importing Assets/04.Sprites/UI/png_128/icon/icon_traffic/icon_traffic_3.png using Guid(024b59e3bc804bf4dbb6c429f72b0906) Importer(815301076,1909f56bfc062723c751e8b465ee728b)  -> (artifact id: 'a6887ab70cc48568e7147d33072dc158') in 0.070131 seconds 
========================================================================
Received Import Request.
  Time since last request: 0.000020 seconds.
  path: Assets/04.Sprites/UI/png_128/icon/icon_traffic/icon_traffic_6.png
  artifactKey: Guid(02ac4c4184464254fbf05e255c86e5b3) Importer(815301076,1909f56bfc062723c751e8b465ee728b)
Start importing Assets/04.Sprites/UI/png_128/icon/icon_traffic/icon_traffic_6.png using Guid(02ac4c4184464254fbf05e255c86e5b3) Importer(815301076,1909f56bfc062723c751e8b465ee728b)  -> (artifact id: 'cf95b3248d015194d47d943e31400325') in 0.046536 seconds 
========================================================================
Received Import Request.
  Time since last request: 0.000037 seconds.
  path: Assets/04.Sprites/UI/png_128/icon/icon_traffic/icon_traffic_5.png
  artifactKey: Guid(217bba096b95a1f4cad2b942a9c50b4d) Importer(815301076,1909f56bfc062723c751e8b465ee728b)
Start importing Assets/04.Sprites/UI/png_128/icon/icon_traffic/icon_traffic_5.png using Guid(217bba096b95a1f4cad2b942a9c50b4d) Importer(815301076,1909f56bfc062723c751e8b465ee728b)  -> (artifact id: '47aee1d54863411cfab400d0e0e81a75') in 0.050818 seconds 
========================================================================
Received Import Request.
  Time since last request: 1.369517 seconds.
  path: Assets/04.Sprites/UI/png_128/icon/icon_traffic/icon_traffic_39.png
  artifactKey: Guid(07186b341cea3cf46a9d77c56074e59f) Importer(815301076,1909f56bfc062723c751e8b465ee728b)
Start importing Assets/04.Sprites/UI/png_128/icon/icon_traffic/icon_traffic_39.png using Guid(07186b341cea3cf46a9d77c56074e59f) Importer(815301076,1909f56bfc062723c751e8b465ee728b)  -> (artifact id: '146e1840f797dfef2c5f6452af482e69') in 0.027836 seconds 
========================================================================
Received Import Request.
  Time since last request: 60.086478 seconds.
  path: Assets/04.Sprites/UI/png_128/icon_line/icon_line_activity/icon_line_activity_11.png
  artifactKey: Guid(6a397cc48ff43b54db77b42dd737eb45) Importer(815301076,1909f56bfc062723c751e8b465ee728b)
Start importing Assets/04.Sprites/UI/png_128/icon_line/icon_line_activity/icon_line_activity_11.png using Guid(6a397cc48ff43b54db77b42dd737eb45) Importer(815301076,1909f56bfc062723c751e8b465ee728b)  -> (artifact id: '2f42fcdc52bc0ab308032872916531ad') in 0.029719 seconds 
========================================================================
Received Import Request.
  Time since last request: 0.000052 seconds.
  path: Assets/04.Sprites/UI/png_128/icon_line/icon_line_activity/icon_line_activity_15.png
  artifactKey: Guid(ece0192765ba0cb469437b5f6a859b78) Importer(815301076,1909f56bfc062723c751e8b465ee728b)
Start importing Assets/04.Sprites/UI/png_128/icon_line/icon_line_activity/icon_line_activity_15.png using Guid(ece0192765ba0cb469437b5f6a859b78) Importer(815301076,1909f56bfc062723c751e8b465ee728b)  -> (artifact id: 'dd3305e3cd6f2dad4dbbedde68f27abe') in 0.044919 seconds 
========================================================================
Received Import Request.
  Time since last request: 0.000044 seconds.
  path: Assets/04.Sprites/UI/png_128/icon_line/icon_line_activity/icon_line_activity_17.png
  artifactKey: Guid(0e8aa3cc0610b8348b481262c5545449) Importer(815301076,1909f56bfc062723c751e8b465ee728b)
Start importing Assets/04.Sprites/UI/png_128/icon_line/icon_line_activity/icon_line_activity_17.png using Guid(0e8aa3cc0610b8348b481262c5545449) Importer(815301076,1909f56bfc062723c751e8b465ee728b)  -> (artifact id: 'b09dbb10dfde81e485a508fc5a15d8f3') in 0.043024 seconds 
========================================================================
Received Import Request.
  Time since last request: 0.000030 seconds.
  path: Assets/04.Sprites/UI/png_128/icon_line/icon_line_activity/icon_line_activity_16.png
  artifactKey: Guid(f3d8938d5ae483b44898db6c42ad2706) Importer(815301076,1909f56bfc062723c751e8b465ee728b)
Start importing Assets/04.Sprites/UI/png_128/icon_line/icon_line_activity/icon_line_activity_16.png using Guid(f3d8938d5ae483b44898db6c42ad2706) Importer(815301076,1909f56bfc062723c751e8b465ee728b)  -> (artifact id: '5a13d7a9624ea86a8d94cbf148e72e4c') in 0.036216 seconds 
========================================================================
Received Import Request.
  Time since last request: 30.189512 seconds.
  path: Assets/04.Sprites/UI/png_128/icon_line/icon_line_app/icon_line_app_11.png
  artifactKey: Guid(0de22a93e3feb134a9d94da13ca9f313) Importer(815301076,1909f56bfc062723c751e8b465ee728b)
Start importing Assets/04.Sprites/UI/png_128/icon_line/icon_line_app/icon_line_app_11.png using Guid(0de22a93e3feb134a9d94da13ca9f313) Importer(815301076,1909f56bfc062723c751e8b465ee728b)  -> (artifact id: 'b68c72e620ec179cf505a1364fb88844') in 0.070187 seconds 
========================================================================
Received Import Request.
  Time since last request: 0.000063 seconds.
  path: Assets/04.Sprites/UI/png_128/icon_line/icon_line_app/icon_line_app_16.png
  artifactKey: Guid(d7b85aaf932f25f439b1ce75792899b2) Importer(815301076,1909f56bfc062723c751e8b465ee728b)
Start importing Assets/04.Sprites/UI/png_128/icon_line/icon_line_app/icon_line_app_16.png using Guid(d7b85aaf932f25f439b1ce75792899b2) Importer(815301076,1909f56bfc062723c751e8b465ee728b)  -> (artifact id: '98d63c21a1f9e7b8a82f2d441948a380') in 0.034713 seconds 
========================================================================
Received Import Request.
  Time since last request: 0.000032 seconds.
  path: Assets/04.Sprites/UI/png_128/icon_line/icon_line_app/icon_line_app_17.png
  artifactKey: Guid(28f5a3c91851e224aa3aea08636ef385) Importer(815301076,1909f56bfc062723c751e8b465ee728b)
Start importing Assets/04.Sprites/UI/png_128/icon_line/icon_line_app/icon_line_app_17.png using Guid(28f5a3c91851e224aa3aea08636ef385) Importer(815301076,1909f56bfc062723c751e8b465ee728b)  -> (artifact id: 'f46c2fc6435271e925c18611a9f3698d') in 0.035306 seconds 
========================================================================
Received Import Request.
  Time since last request: 0.000036 seconds.
  path: Assets/04.Sprites/UI/png_128/icon_line/icon_line_app/icon_line_app_13.png
  artifactKey: Guid(e352e5643b5d42c4dbc3adf2b5cf694e) Importer(815301076,1909f56bfc062723c751e8b465ee728b)
Start importing Assets/04.Sprites/UI/png_128/icon_line/icon_line_app/icon_line_app_13.png using Guid(e352e5643b5d42c4dbc3adf2b5cf694e) Importer(815301076,1909f56bfc062723c751e8b465ee728b)  -> (artifact id: 'e05b63026f0aad9e2db6c414fe9cffe3') in 0.033457 seconds 
========================================================================
Received Import Request.
  Time since last request: 4.364617 seconds.
  path: Assets/04.Sprites/UI/png_128/icon_line/icon_line_architecture/icon_line_architecture_3.png
  artifactKey: Guid(0c7e3b9b031e1294ba5c29d63ed82d37) Importer(815301076,1909f56bfc062723c751e8b465ee728b)
Start importing Assets/04.Sprites/UI/png_128/icon_line/icon_line_architecture/icon_line_architecture_3.png using Guid(0c7e3b9b031e1294ba5c29d63ed82d37) Importer(815301076,1909f56bfc062723c751e8b465ee728b)  -> (artifact id: '6aa3953a5471d2ba79ed650d6e07f530') in 0.038233 seconds 
========================================================================
Received Import Request.
  Time since last request: 0.000041 seconds.
  path: Assets/04.Sprites/UI/png_128/icon_line/icon_line_architecture/icon_line_architecture_9.png
  artifactKey: Guid(af3920b117d2abb47bd93b6d1c772326) Importer(815301076,1909f56bfc062723c751e8b465ee728b)
Start importing Assets/04.Sprites/UI/png_128/icon_line/icon_line_architecture/icon_line_architecture_9.png using Guid(af3920b117d2abb47bd93b6d1c772326) Importer(815301076,1909f56bfc062723c751e8b465ee728b)  -> (artifact id: 'f008cd1a9cc7a379085ac7782e7095c1') in 0.074962 seconds 
========================================================================
Received Import Request.
  Time since last request: 0.000031 seconds.
  path: Assets/04.Sprites/UI/png_128/icon_line/icon_line_architecture/icon_line_architecture_11.png
  artifactKey: Guid(18ce7fe15685f444b8f13d500a7a6d28) Importer(815301076,1909f56bfc062723c751e8b465ee728b)
Start importing Assets/04.Sprites/UI/png_128/icon_line/icon_line_architecture/icon_line_architecture_11.png using Guid(18ce7fe15685f444b8f13d500a7a6d28) Importer(815301076,1909f56bfc062723c751e8b465ee728b)  -> (artifact id: 'e47b5601ad8aac50dd494218a56b902b') in 0.066885 seconds 
========================================================================
Received Import Request.
  Time since last request: 0.000024 seconds.
  path: Assets/04.Sprites/UI/png_128/icon_line/icon_line_architecture/icon_line_architecture_14.png
  artifactKey: Guid(3d368377533748d40b554fc24e6dc59b) Importer(815301076,1909f56bfc062723c751e8b465ee728b)
Start importing Assets/04.Sprites/UI/png_128/icon_line/icon_line_architecture/icon_line_architecture_14.png using Guid(3d368377533748d40b554fc24e6dc59b) Importer(815301076,1909f56bfc062723c751e8b465ee728b)  -> (artifact id: 'fec6e83426fe9e654e47ac73e5e286fd') in 0.041226 seconds 
========================================================================
Received Import Request.
  Time since last request: 0.000021 seconds.
  path: Assets/04.Sprites/UI/png_128/icon_line/icon_line_architecture/icon_line_architecture_8.png
  artifactKey: Guid(01626979c309e2846a9b090a43ac561e) Importer(815301076,1909f56bfc062723c751e8b465ee728b)
Start importing Assets/04.Sprites/UI/png_128/icon_line/icon_line_architecture/icon_line_architecture_8.png using Guid(01626979c309e2846a9b090a43ac561e) Importer(815301076,1909f56bfc062723c751e8b465ee728b)  -> (artifact id: 'ab1c46712a57203feb1ad80b0f2bd9b4') in 0.040032 seconds 
========================================================================
Received Import Request.
  Time since last request: 2.578492 seconds.
  path: Assets/04.Sprites/UI/png_128/icon_line/icon_line_arrow/icon_line_arrow_3.png
  artifactKey: Guid(3273473569f2a514d8dd7a0bb427f1a5) Importer(815301076,1909f56bfc062723c751e8b465ee728b)
Start importing Assets/04.Sprites/UI/png_128/icon_line/icon_line_arrow/icon_line_arrow_3.png using Guid(3273473569f2a514d8dd7a0bb427f1a5) Importer(815301076,1909f56bfc062723c751e8b465ee728b)  -> (artifact id: 'ccc1873979198a4dc8b9199c25408601') in 0.041381 seconds 
