Using pre-set license
Built from '2021.3/staging' branch; Version is '2021.3.15f1 (e8e88683f834) revision 15263878'; Using compiler version '192829333'; Build Type 'Release'
OS: 'Windows 10  (10.0.19045) 64bit Core' Language: 'ko' Physical Memory: 16303 MB
BatchMode: 1, IsHumanControllingUs: 0, StartBugReporterOnCrash: 0, Is64bit: 1, IsPro: 1

COMMAND LINE ARGUMENTS:
C:\Users\USER\Documents\2021.3.15f1\Editor\Unity.exe
-adb2
-batchMode
-noUpm
-name
AssetImportWorker4
-projectPath
C:/Users/USER/Documents/GitHub/CookAppsProject/CookappsProject
-logFile
Logs/AssetImportWorker4.log
-srvPort
3832
Successfully changed project path to: C:/Users/USER/Documents/GitHub/CookAppsProject/CookappsProject
C:/Users/USER/Documents/GitHub/CookAppsProject/CookappsProject
[UnityMemory] Configuration Parameters - Can be set up in boot.config
    "memorysetup-bucket-allocator-granularity=16"
    "memorysetup-bucket-allocator-bucket-count=8"
    "memorysetup-bucket-allocator-block-size=33554432"
    "memorysetup-bucket-allocator-block-count=8"
    "memorysetup-main-allocator-block-size=16777216"
    "memorysetup-thread-allocator-block-size=16777216"
    "memorysetup-gfx-main-allocator-block-size=16777216"
    "memorysetup-gfx-thread-allocator-block-size=16777216"
    "memorysetup-cache-allocator-block-size=4194304"
    "memorysetup-typetree-allocator-block-size=2097152"
    "memorysetup-profiler-bucket-allocator-granularity=16"
    "memorysetup-profiler-bucket-allocator-bucket-count=8"
    "memorysetup-profiler-bucket-allocator-block-size=33554432"
    "memorysetup-profiler-bucket-allocator-block-count=8"
    "memorysetup-profiler-allocator-block-size=16777216"
    "memorysetup-profiler-editor-allocator-block-size=1048576"
    "memorysetup-temp-allocator-size-main=16777216"
    "memorysetup-job-temp-allocator-block-size=2097152"
    "memorysetup-job-temp-allocator-block-size-background=1048576"
    "memorysetup-job-temp-allocator-reduction-small-platforms=262144"
    "memorysetup-temp-allocator-size-background-worker=32768"
    "memorysetup-temp-allocator-size-job-worker=262144"
    "memorysetup-temp-allocator-size-preload-manager=33554432"
    "memorysetup-temp-allocator-size-nav-mesh-worker=65536"
    "memorysetup-temp-allocator-size-audio-worker=65536"
    "memorysetup-temp-allocator-size-cloud-worker=32768"
    "memorysetup-temp-allocator-size-gi-baking-worker=262144"
    "memorysetup-temp-allocator-size-gfx=262144"
Player connection [10388] Host "[IP] 192.168.200.193 [Port] 0 [Flags] 2 [Guid] 2851690664 [EditorId] 2851690664 [Version] 1048832 [Id] WindowsEditor(7,DESKTOP-OHD6DA9) [Debug] 1 [PackageName] WindowsEditor [ProjectName] Editor" joined multi-casting on [225.0.0.222:54997]...

Player connection [10388] Host "[IP] 192.168.200.193 [Port] 0 [Flags] 2 [Guid] 2851690664 [EditorId] 2851690664 [Version] 1048832 [Id] WindowsEditor(7,DESKTOP-OHD6DA9) [Debug] 1 [PackageName] WindowsEditor [ProjectName] Editor" joined alternative multi-casting on [225.0.0.222:34997]...

Refreshing native plugins compatible for Editor in 173.04 ms, found 4 plugins.
Preloading 0 native plugins for Editor in 0.00 ms.
Initialize engine version: 2021.3.15f1 (e8e88683f834)
[Subsystems] Discovering subsystems at path C:/Users/USER/Documents/2021.3.15f1/Editor/Data/Resources/UnitySubsystems
[Subsystems] Discovering subsystems at path C:/Users/USER/Documents/GitHub/CookAppsProject/CookappsProject/Assets
GfxDevice: creating device client; threaded=0; jobified=0
Direct3D:
    Version:  Direct3D 11.0 [level 11.1]
    Renderer: NVIDIA GeForce RTX 2060 (ID=0x1f51)
    Vendor:   NVIDIA
    VRAM:     5968 MB
    Driver:   31.0.15.3118
Initialize mono
Mono path[0] = 'C:/Users/USER/Documents/2021.3.15f1/Editor/Data/Managed'
Mono path[1] = 'C:/Users/USER/Documents/2021.3.15f1/Editor/Data/MonoBleedingEdge/lib/mono/unityjit-win32'
Mono config path = 'C:/Users/USER/Documents/2021.3.15f1/Editor/Data/MonoBleedingEdge/etc'
Using monoOptions --debugger-agent=transport=dt_socket,embedding=1,server=y,suspend=n,address=127.0.0.1:56380
Begin MonoManager ReloadAssembly
Registering precompiled unity dll's ...
Register platform support module: C:/Users/USER/Documents/2021.3.15f1/Editor/Data/PlaybackEngines/AndroidPlayer/UnityEditor.Android.Extensions.dll
Register platform support module: C:/Users/USER/Documents/2021.3.15f1/Editor/Data/PlaybackEngines/WindowsStandaloneSupport/UnityEditor.WindowsStandalone.Extensions.dll
Registered in 0.004989 seconds.
Native extension for WindowsStandalone target not found
Native extension for Android target not found
Refreshing native plugins compatible for Editor in 164.94 ms, found 4 plugins.
Preloading 0 native plugins for Editor in 0.00 ms.
Mono: successfully reloaded assembly
- Completed reload, in  0.774 seconds
Domain Reload Profiling:
	ReloadAssembly (774ms)
		BeginReloadAssembly (81ms)
			ExecutionOrderSort (0ms)
			DisableScriptedObjects (0ms)
			BackupInstance (0ms)
			ReleaseScriptingObjects (0ms)
			CreateAndSetChildDomain (1ms)
		EndReloadAssembly (594ms)
			LoadAssemblies (80ms)
			RebuildTransferFunctionScriptingTraits (0ms)
			SetupTypeCache (107ms)
			ReleaseScriptCaches (0ms)
			RebuildScriptCaches (40ms)
			SetupLoadedEditorAssemblies (391ms)
				LogAssemblyErrors (0ms)
				InitializePlatformSupportModulesInManaged (51ms)
				SetLoadedEditorAssemblies (0ms)
				RefreshPlugins (165ms)
				BeforeProcessingInitializeOnLoad (1ms)
				ProcessInitializeOnLoadAttributes (114ms)
				ProcessInitializeOnLoadMethodAttributes (60ms)
				AfterProcessingInitializeOnLoad (0ms)
				EditorAssembliesLoaded (0ms)
			ExecutionOrderSort2 (0ms)
			AwakeInstancesAfterBackupRestoration (0ms)
Platform modules already initialized, skipping
Registering precompiled user dll's ...
Registered in 0.009076 seconds.
Begin MonoManager ReloadAssembly
Symbol file LoadedFromMemory doesn't match image C:\Users\USER\Documents\GitHub\CookAppsProject\CookappsProject\Library\PackageCache\com.unity.visualscripting@1.7.8\Editor\VisualScripting.Core\Dependencies\YamlDotNet\Unity.VisualScripting.YamlDotNet.dll
Symbol file LoadedFromMemory doesn't match image C:\Users\USER\Documents\GitHub\CookAppsProject\CookappsProject\Library\PackageCache\com.unity.visualscripting@1.7.8\Editor\VisualScripting.Core\Dependencies\DotNetZip\Unity.VisualScripting.IonicZip.dll
Native extension for WindowsStandalone target not found
Native extension for Android target not found
Refreshing native plugins compatible for Editor in 162.71 ms, found 4 plugins.
Preloading 0 native plugins for Editor in 0.00 ms.
Mono: successfully reloaded assembly
- Completed reload, in  1.650 seconds
Domain Reload Profiling:
	ReloadAssembly (1651ms)
		BeginReloadAssembly (116ms)
			ExecutionOrderSort (0ms)
			DisableScriptedObjects (6ms)
			BackupInstance (0ms)
			ReleaseScriptingObjects (0ms)
			CreateAndSetChildDomain (18ms)
		EndReloadAssembly (1429ms)
			LoadAssemblies (119ms)
			RebuildTransferFunctionScriptingTraits (0ms)
			SetupTypeCache (317ms)
			ReleaseScriptCaches (1ms)
			RebuildScriptCaches (100ms)
			SetupLoadedEditorAssemblies (853ms)
				LogAssemblyErrors (0ms)
				InitializePlatformSupportModulesInManaged (14ms)
				SetLoadedEditorAssemblies (0ms)
				RefreshPlugins (163ms)
				BeforeProcessingInitializeOnLoad (165ms)
				ProcessInitializeOnLoadAttributes (405ms)
				ProcessInitializeOnLoadMethodAttributes (100ms)
				AfterProcessingInitializeOnLoad (5ms)
				EditorAssembliesLoaded (0ms)
			ExecutionOrderSort2 (0ms)
			AwakeInstancesAfterBackupRestoration (13ms)
Platform modules already initialized, skipping
========================================================================
Worker process is ready to serve import requests
Launched and connected shader compiler UnityShaderCompiler.exe after 0.06 seconds
Refreshing native plugins compatible for Editor in 1.50 ms, found 4 plugins.
Preloading 0 native plugins for Editor in 0.00 ms.
Unloading 6847 Unused Serialized files (Serialized files now loaded: 0)
Unloading 59 unused Assets / (1.6 MB). Loaded Objects now: 7311.
Memory consumption went from 268.7 MB to 267.1 MB.
Total: 5.108500 ms (FindLiveObjects: 0.660300 ms CreateObjectMapping: 0.413100 ms MarkObjects: 3.626100 ms  DeleteObjects: 0.408200 ms)

AssetImportParameters requested are different than current active one (requested -> active):
  custom:video-decoder-ogg-theora: a1e56fd34408186e4bbccfd4996cb3dc -> 
  custom:container-muxer-webm: aa71ff27fc2769a1b78a27578f13a17b -> 
  custom:container-demuxer-webm: 4f35f7cbe854078d1ac9338744f61a02 -> 
  custom:video-encoder-webm-vp8: eb34c28f22e8b96e1ab97ce403110664 -> 
  custom:audio-encoder-webm-vorbis: bf7c407c2cedff20999df2af8eb42d56 -> 
  custom:framework-win-MediaFoundation: 216162199b28c13a410421893ffa2e32 -> 
  custom:container-demuxer-ogg: 62fdf1f143b41e24485cea50d1cbac27 -> 
  custom:video-decoder-webm-vp8: 9c59270c3fd7afecdb556c50c9e8de78 -> 
  custom:audio-decoder-ogg-vorbis: bf7c407c2cedff20999df2af8eb42d56 -> 
========================================================================
Received Import Request.
  Time since last request: 88922.699552 seconds.
  path: Assets/04.Sprites/UI/png_128/icon/icon_socialmedia/icon_socialmedia_1.png
  artifactKey: Guid(3c6d0271f51cba749b7eb452853b66cb) Importer(815301076,1909f56bfc062723c751e8b465ee728b)
Start importing Assets/04.Sprites/UI/png_128/icon/icon_socialmedia/icon_socialmedia_1.png using Guid(3c6d0271f51cba749b7eb452853b66cb) Importer(815301076,1909f56bfc062723c751e8b465ee728b)  -> (artifact id: '7f7d2cbbbc98c04e7a85d73b0ef95df3') in 0.201285 seconds 
========================================================================
Received Import Request.
  Time since last request: 0.000036 seconds.
  path: Assets/04.Sprites/UI/png_128/icon/icon_socialmedia/icon_socialmedia_15.png
  artifactKey: Guid(b06fcdd819bf7114780a9ca0c9a4d974) Importer(815301076,1909f56bfc062723c751e8b465ee728b)
Start importing Assets/04.Sprites/UI/png_128/icon/icon_socialmedia/icon_socialmedia_15.png using Guid(b06fcdd819bf7114780a9ca0c9a4d974) Importer(815301076,1909f56bfc062723c751e8b465ee728b)  -> (artifact id: '6a344dfac71c8d3c00f70b1c1f30bb0c') in 0.071651 seconds 
========================================================================
Received Import Request.
  Time since last request: 0.000031 seconds.
  path: Assets/04.Sprites/UI/png_128/icon/icon_socialmedia/icon_socialmedia_4.png
  artifactKey: Guid(06e061faee4a4b54289566ab8c1a450d) Importer(815301076,1909f56bfc062723c751e8b465ee728b)
Start importing Assets/04.Sprites/UI/png_128/icon/icon_socialmedia/icon_socialmedia_4.png using Guid(06e061faee4a4b54289566ab8c1a450d) Importer(815301076,1909f56bfc062723c751e8b465ee728b)  -> (artifact id: '7f5d5a7ea3b497a0b185bcd1ae178bef') in 0.045201 seconds 
========================================================================
Received Import Request.
  Time since last request: 0.000024 seconds.
  path: Assets/04.Sprites/UI/png_128/icon/icon_socialmedia/icon_socialmedia_16.png
  artifactKey: Guid(7e1387a18a69b0e4382bb54bfeaae58d) Importer(815301076,1909f56bfc062723c751e8b465ee728b)
Start importing Assets/04.Sprites/UI/png_128/icon/icon_socialmedia/icon_socialmedia_16.png using Guid(7e1387a18a69b0e4382bb54bfeaae58d) Importer(815301076,1909f56bfc062723c751e8b465ee728b)  -> (artifact id: 'bd953c54fa2b91a3aca7474dea220e08') in 0.028743 seconds 
========================================================================
Received Import Request.
  Time since last request: 0.000028 seconds.
  path: Assets/04.Sprites/UI/png_128/icon/icon_socialmedia/icon_socialmedia_11.png
  artifactKey: Guid(a985896c9e24e3d49ab4b7ff3340bb55) Importer(815301076,1909f56bfc062723c751e8b465ee728b)
Start importing Assets/04.Sprites/UI/png_128/icon/icon_socialmedia/icon_socialmedia_11.png using Guid(a985896c9e24e3d49ab4b7ff3340bb55) Importer(815301076,1909f56bfc062723c751e8b465ee728b)  -> (artifact id: '61b99d5a029bfcc2ae35146319866bdc') in 0.029107 seconds 
========================================================================
Received Import Request.
  Time since last request: 0.000017 seconds.
  path: Assets/04.Sprites/UI/png_128/icon/icon_socialmedia/icon_socialmedia_8.png
  artifactKey: Guid(5d24fc2f2e4b3b94b8e88bfdf0e70c43) Importer(815301076,1909f56bfc062723c751e8b465ee728b)
Start importing Assets/04.Sprites/UI/png_128/icon/icon_socialmedia/icon_socialmedia_8.png using Guid(5d24fc2f2e4b3b94b8e88bfdf0e70c43) Importer(815301076,1909f56bfc062723c751e8b465ee728b)  -> (artifact id: '033db75b13e83bd522bcd4b5f93a31d4') in 0.029804 seconds 
========================================================================
Received Import Request.
  Time since last request: 0.000024 seconds.
  path: Assets/04.Sprites/UI/png_128/icon/icon_socialmedia/icon_socialmedia_14.png
  artifactKey: Guid(5ec92387347388d48a48db63447e1fea) Importer(815301076,1909f56bfc062723c751e8b465ee728b)
Start importing Assets/04.Sprites/UI/png_128/icon/icon_socialmedia/icon_socialmedia_14.png using Guid(5ec92387347388d48a48db63447e1fea) Importer(815301076,1909f56bfc062723c751e8b465ee728b)  -> (artifact id: '5845c0f16acf26904b90e662f8b6601a') in 0.028066 seconds 
========================================================================
Received Import Request.
  Time since last request: 1.365600 seconds.
  path: Assets/04.Sprites/UI/png_128/icon/icon_socialmedia/icon_socialmedia_18.png
  artifactKey: Guid(a0ae955437961a440925e7c40306e6b8) Importer(815301076,1909f56bfc062723c751e8b465ee728b)
Start importing Assets/04.Sprites/UI/png_128/icon/icon_socialmedia/icon_socialmedia_18.png using Guid(a0ae955437961a440925e7c40306e6b8) Importer(815301076,1909f56bfc062723c751e8b465ee728b)  -> (artifact id: '3c1a6c4856e0a9240be35384ab6d789f') in 0.030919 seconds 
========================================================================
Received Import Request.
  Time since last request: 0.000023 seconds.
  path: Assets/04.Sprites/UI/png_128/icon/icon_socialmedia/icon_socialmedia_22.png
  artifactKey: Guid(8bbd39f232ecb914a9def84f9ea4f749) Importer(815301076,1909f56bfc062723c751e8b465ee728b)
Start importing Assets/04.Sprites/UI/png_128/icon/icon_socialmedia/icon_socialmedia_22.png using Guid(8bbd39f232ecb914a9def84f9ea4f749) Importer(815301076,1909f56bfc062723c751e8b465ee728b)  -> (artifact id: 'a020e1749e8318eaad1149f83017bcec') in 0.031090 seconds 
========================================================================
Received Import Request.
  Time since last request: 0.000060 seconds.
  path: Assets/04.Sprites/UI/png_128/icon/icon_socialmedia/icon_socialmedia_28.png
  artifactKey: Guid(e0c50474fbf8197439779565881b72db) Importer(815301076,1909f56bfc062723c751e8b465ee728b)
Start importing Assets/04.Sprites/UI/png_128/icon/icon_socialmedia/icon_socialmedia_28.png using Guid(e0c50474fbf8197439779565881b72db) Importer(815301076,1909f56bfc062723c751e8b465ee728b)  -> (artifact id: '89e7e12794cff7ffdce3860b37537dd8') in 0.027101 seconds 
========================================================================
Received Import Request.
  Time since last request: 0.000046 seconds.
  path: Assets/04.Sprites/UI/png_128/icon/icon_socialmedia/icon_socialmedia_39.png
  artifactKey: Guid(ce9662d9cadbeb549aeb29b57f54ee00) Importer(815301076,1909f56bfc062723c751e8b465ee728b)
Start importing Assets/04.Sprites/UI/png_128/icon/icon_socialmedia/icon_socialmedia_39.png using Guid(ce9662d9cadbeb549aeb29b57f54ee00) Importer(815301076,1909f56bfc062723c751e8b465ee728b)  -> (artifact id: '4ba62943488c5c735d05c4737321eeec') in 0.026201 seconds 
========================================================================
Received Import Request.
  Time since last request: 0.000041 seconds.
  path: Assets/04.Sprites/UI/png_128/icon/icon_socialmedia/icon_socialmedia_42.png
  artifactKey: Guid(ed82810d5cc8a304d83770d3bb57b8c0) Importer(815301076,1909f56bfc062723c751e8b465ee728b)
Start importing Assets/04.Sprites/UI/png_128/icon/icon_socialmedia/icon_socialmedia_42.png using Guid(ed82810d5cc8a304d83770d3bb57b8c0) Importer(815301076,1909f56bfc062723c751e8b465ee728b)  -> (artifact id: 'd66e5f7e9dd22041e0ec70529e85cf17') in 0.026987 seconds 
========================================================================
Received Import Request.
  Time since last request: 0.000023 seconds.
  path: Assets/04.Sprites/UI/png_128/icon/icon_socialmedia/icon_socialmedia_27.png
  artifactKey: Guid(f5a7cda1aba952d4297e5d5fa0633d46) Importer(815301076,1909f56bfc062723c751e8b465ee728b)
Start importing Assets/04.Sprites/UI/png_128/icon/icon_socialmedia/icon_socialmedia_27.png using Guid(f5a7cda1aba952d4297e5d5fa0633d46) Importer(815301076,1909f56bfc062723c751e8b465ee728b)  -> (artifact id: '74c86a0f77b228e7a75ce289b8a6d2cd') in 0.025270 seconds 
========================================================================
Received Import Request.
  Time since last request: 0.000024 seconds.
  path: Assets/04.Sprites/UI/png_128/icon/icon_socialmedia/icon_socialmedia_43.png
  artifactKey: Guid(773d923d4d20d5640b6333c15f6f9c48) Importer(815301076,1909f56bfc062723c751e8b465ee728b)
Start importing Assets/04.Sprites/UI/png_128/icon/icon_socialmedia/icon_socialmedia_43.png using Guid(773d923d4d20d5640b6333c15f6f9c48) Importer(815301076,1909f56bfc062723c751e8b465ee728b)  -> (artifact id: 'b9d086cef2e8619a9b9c28bc6b8886af') in 0.026322 seconds 
========================================================================
Received Import Request.
  Time since last request: 0.000022 seconds.
  path: Assets/04.Sprites/UI/png_128/icon/icon_socialmedia/icon_socialmedia_25.png
  artifactKey: Guid(05561197bbae6ff45935372c51577ce0) Importer(815301076,1909f56bfc062723c751e8b465ee728b)
Start importing Assets/04.Sprites/UI/png_128/icon/icon_socialmedia/icon_socialmedia_25.png using Guid(05561197bbae6ff45935372c51577ce0) Importer(815301076,1909f56bfc062723c751e8b465ee728b)  -> (artifact id: '57ed8e9dd83a93a608e876810616e2bf') in 0.026149 seconds 
========================================================================
Received Import Request.
  Time since last request: 0.000026 seconds.
  path: Assets/04.Sprites/UI/png_128/icon/icon_socialmedia/icon_socialmedia_26.png
  artifactKey: Guid(7411bb67b47f221439bf22300f2aa0a8) Importer(815301076,1909f56bfc062723c751e8b465ee728b)
Start importing Assets/04.Sprites/UI/png_128/icon/icon_socialmedia/icon_socialmedia_26.png using Guid(7411bb67b47f221439bf22300f2aa0a8) Importer(815301076,1909f56bfc062723c751e8b465ee728b)  -> (artifact id: '92a6d9979b4f177f061c99c1629b6498') in 0.026220 seconds 
========================================================================
Received Import Request.
  Time since last request: 0.000024 seconds.
  path: Assets/04.Sprites/UI/png_128/icon/icon_socialmedia/icon_socialmedia_38.png
  artifactKey: Guid(928a7aa4b8b141e49ab3cb6fdde5daab) Importer(815301076,1909f56bfc062723c751e8b465ee728b)
Start importing Assets/04.Sprites/UI/png_128/icon/icon_socialmedia/icon_socialmedia_38.png using Guid(928a7aa4b8b141e49ab3cb6fdde5daab) Importer(815301076,1909f56bfc062723c751e8b465ee728b)  -> (artifact id: '3320d1342d92f9cf5ab4f89f6c3e417a') in 0.028135 seconds 
========================================================================
Received Import Request.
  Time since last request: 0.000031 seconds.
  path: Assets/04.Sprites/UI/png_128/icon/icon_socialmedia/icon_socialmedia_30.png
  artifactKey: Guid(1820d6338d7952d4a9a4c9e95bc2ee22) Importer(815301076,1909f56bfc062723c751e8b465ee728b)
Start importing Assets/04.Sprites/UI/png_128/icon/icon_socialmedia/icon_socialmedia_30.png using Guid(1820d6338d7952d4a9a4c9e95bc2ee22) Importer(815301076,1909f56bfc062723c751e8b465ee728b)  -> (artifact id: 'ed439ac490b0155a10c1477147a570cc') in 0.029015 seconds 
========================================================================
Received Import Request.
  Time since last request: 0.000028 seconds.
  path: Assets/04.Sprites/UI/png_128/icon/icon_socialmedia/icon_socialmedia_31.png
  artifactKey: Guid(5158a37cd04cd694b8c83e4fa06c81e5) Importer(815301076,1909f56bfc062723c751e8b465ee728b)
Start importing Assets/04.Sprites/UI/png_128/icon/icon_socialmedia/icon_socialmedia_31.png using Guid(5158a37cd04cd694b8c83e4fa06c81e5) Importer(815301076,1909f56bfc062723c751e8b465ee728b)  -> (artifact id: '3adbf576711db209786a985ada2f1d09') in 0.026114 seconds 
========================================================================
Received Import Request.
  Time since last request: 0.000018 seconds.
  path: Assets/04.Sprites/UI/png_128/icon/icon_socialmedia/icon_socialmedia_32.png
  artifactKey: Guid(9218e9f1be77b3240affa0afe6a74e82) Importer(815301076,1909f56bfc062723c751e8b465ee728b)
Start importing Assets/04.Sprites/UI/png_128/icon/icon_socialmedia/icon_socialmedia_32.png using Guid(9218e9f1be77b3240affa0afe6a74e82) Importer(815301076,1909f56bfc062723c751e8b465ee728b)  -> (artifact id: 'b38e3786f8d9c989cf8e266d57390878') in 0.027073 seconds 
========================================================================
Received Import Request.
  Time since last request: 0.000018 seconds.
  path: Assets/04.Sprites/UI/png_128/icon/icon_socialmedia/icon_socialmedia_36.png
  artifactKey: Guid(a15a5eda777ae5a47b6cd962cd4fec8c) Importer(815301076,1909f56bfc062723c751e8b465ee728b)
Start importing Assets/04.Sprites/UI/png_128/icon/icon_socialmedia/icon_socialmedia_36.png using Guid(a15a5eda777ae5a47b6cd962cd4fec8c) Importer(815301076,1909f56bfc062723c751e8b465ee728b)  -> (artifact id: '9576e06486a545b0c32ae772a1143fa2') in 0.025630 seconds 
========================================================================
Received Import Request.
  Time since last request: 0.000021 seconds.
  path: Assets/04.Sprites/UI/png_128/icon/icon_socialmedia/icon_socialmedia_37.png
  artifactKey: Guid(ef39101636ceb4749b55e7694e0812ef) Importer(815301076,1909f56bfc062723c751e8b465ee728b)
Start importing Assets/04.Sprites/UI/png_128/icon/icon_socialmedia/icon_socialmedia_37.png using Guid(ef39101636ceb4749b55e7694e0812ef) Importer(815301076,1909f56bfc062723c751e8b465ee728b)  -> (artifact id: '217269e9028c1067802e6b27a16fb348') in 0.024356 seconds 
========================================================================
Received Import Request.
  Time since last request: 0.000026 seconds.
  path: Assets/04.Sprites/UI/png_128/icon/icon_socialmedia/icon_socialmedia_21.png
  artifactKey: Guid(9bcbbc4b684ddd24ea124216492945c3) Importer(815301076,1909f56bfc062723c751e8b465ee728b)
Start importing Assets/04.Sprites/UI/png_128/icon/icon_socialmedia/icon_socialmedia_21.png using Guid(9bcbbc4b684ddd24ea124216492945c3) Importer(815301076,1909f56bfc062723c751e8b465ee728b)  -> (artifact id: 'a9fa63124f0fc0e6279aec631e752f28') in 0.023039 seconds 
========================================================================
Received Import Request.
  Time since last request: 1.212630 seconds.
  path: Assets/04.Sprites/UI/png_128/icon/icon_simpleshape/icon_simpleshape_45.png
  artifactKey: Guid(7ed88e37dceb8df42a0d994b5467ba57) Importer(815301076,1909f56bfc062723c751e8b465ee728b)
Start importing Assets/04.Sprites/UI/png_128/icon/icon_simpleshape/icon_simpleshape_45.png using Guid(7ed88e37dceb8df42a0d994b5467ba57) Importer(815301076,1909f56bfc062723c751e8b465ee728b)  -> (artifact id: '09ff6a4372cf5488774f182864886fd4') in 0.037872 seconds 
========================================================================
Received Import Request.
  Time since last request: 0.000023 seconds.
  path: Assets/04.Sprites/UI/png_128/icon/icon_simpleshape/icon_simpleshape_50.png
  artifactKey: Guid(027e2300a7221e1469ed5676da8f97ac) Importer(815301076,1909f56bfc062723c751e8b465ee728b)
Start importing Assets/04.Sprites/UI/png_128/icon/icon_simpleshape/icon_simpleshape_50.png using Guid(027e2300a7221e1469ed5676da8f97ac) Importer(815301076,1909f56bfc062723c751e8b465ee728b)  -> (artifact id: 'aa574e5b2973e292a129ab1d814e54f6') in 0.033036 seconds 
========================================================================
Received Import Request.
  Time since last request: 0.000044 seconds.
  path: Assets/04.Sprites/UI/png_128/icon/icon_simpleshape/icon_simpleshape_48.png
  artifactKey: Guid(b5bd57668d994ce48afba76a2115b9ab) Importer(815301076,1909f56bfc062723c751e8b465ee728b)
Start importing Assets/04.Sprites/UI/png_128/icon/icon_simpleshape/icon_simpleshape_48.png using Guid(b5bd57668d994ce48afba76a2115b9ab) Importer(815301076,1909f56bfc062723c751e8b465ee728b)  -> (artifact id: 'f51739852391aff798240cb1a5b7bafe') in 0.030737 seconds 
========================================================================
Received Import Request.
  Time since last request: 3.338308 seconds.
  path: Assets/04.Sprites/UI/png_128/icon/icon_sport/icon_sport_5.png
  artifactKey: Guid(a86b41f8bc4b89b4cb4f5e7c6312aa7d) Importer(815301076,1909f56bfc062723c751e8b465ee728b)
Start importing Assets/04.Sprites/UI/png_128/icon/icon_sport/icon_sport_5.png using Guid(a86b41f8bc4b89b4cb4f5e7c6312aa7d) Importer(815301076,1909f56bfc062723c751e8b465ee728b)  -> (artifact id: 'f76ed2340e09565a41764d8a99d8a249') in 0.047740 seconds 
========================================================================
Received Import Request.
  Time since last request: 0.871090 seconds.
  path: Assets/04.Sprites/UI/png_128/icon/icon_sport/icon_sport_3.png
  artifactKey: Guid(da84801ee88c15941843fb106ae5cc1e) Importer(815301076,1909f56bfc062723c751e8b465ee728b)
Start importing Assets/04.Sprites/UI/png_128/icon/icon_sport/icon_sport_3.png using Guid(da84801ee88c15941843fb106ae5cc1e) Importer(815301076,1909f56bfc062723c751e8b465ee728b)  -> (artifact id: 'cd1b7be9f93f37e44653e788dc620d96') in 0.039608 seconds 
========================================================================
Received Import Request.
  Time since last request: 0.000026 seconds.
  path: Assets/04.Sprites/UI/png_128/icon/icon_sport/icon_sport_2.png
  artifactKey: Guid(43981760a2dd3754398e5009f09d366a) Importer(815301076,1909f56bfc062723c751e8b465ee728b)
Start importing Assets/04.Sprites/UI/png_128/icon/icon_sport/icon_sport_2.png using Guid(43981760a2dd3754398e5009f09d366a) Importer(815301076,1909f56bfc062723c751e8b465ee728b)  -> (artifact id: '81627f70aeac13aecbb59571a39cf712') in 0.036790 seconds 
========================================================================
Received Import Request.
  Time since last request: 1.564644 seconds.
  path: Assets/04.Sprites/UI/png_128/icon/icon_sport/icon_sport_33.png
  artifactKey: Guid(aa357ef725aca6b46a0e39faec0439ea) Importer(815301076,1909f56bfc062723c751e8b465ee728b)
Start importing Assets/04.Sprites/UI/png_128/icon/icon_sport/icon_sport_33.png using Guid(aa357ef725aca6b46a0e39faec0439ea) Importer(815301076,1909f56bfc062723c751e8b465ee728b)  -> (artifact id: '18e596eae10b4581b251491e671bd889') in 0.038231 seconds 
========================================================================
Received Import Request.
  Time since last request: 0.000024 seconds.
  path: Assets/04.Sprites/UI/png_128/icon/icon_sport/icon_sport_37.png
  artifactKey: Guid(c5e3c6b7b27cc744c9f2bd84a7db6050) Importer(815301076,1909f56bfc062723c751e8b465ee728b)
Start importing Assets/04.Sprites/UI/png_128/icon/icon_sport/icon_sport_37.png using Guid(c5e3c6b7b27cc744c9f2bd84a7db6050) Importer(815301076,1909f56bfc062723c751e8b465ee728b)  -> (artifact id: '65e1980e5891268cdbac55d38ef41f3f') in 0.044488 seconds 
========================================================================
Received Import Request.
  Time since last request: 0.172937 seconds.
  path: Assets/04.Sprites/UI/png_128/icon/icon_sport/icon_sport_40.png
  artifactKey: Guid(c048c85d12ca3c54fb95530d246d3642) Importer(815301076,1909f56bfc062723c751e8b465ee728b)
Start importing Assets/04.Sprites/UI/png_128/icon/icon_sport/icon_sport_40.png using Guid(c048c85d12ca3c54fb95530d246d3642) Importer(815301076,1909f56bfc062723c751e8b465ee728b)  -> (artifact id: '90f699f3ff65b99f0725c692d42bb925') in 0.027700 seconds 
========================================================================
Received Import Request.
  Time since last request: 0.000052 seconds.
  path: Assets/04.Sprites/UI/png_128/icon/icon_sport/icon_sport_43.png
  artifactKey: Guid(08aa7eb77b4fc3449a9563b333da9c21) Importer(815301076,1909f56bfc062723c751e8b465ee728b)
Start importing Assets/04.Sprites/UI/png_128/icon/icon_sport/icon_sport_43.png using Guid(08aa7eb77b4fc3449a9563b333da9c21) Importer(815301076,1909f56bfc062723c751e8b465ee728b)  -> (artifact id: 'f4b48052b4b4239b67ae5708c2ad5c74') in 0.032907 seconds 
========================================================================
Received Import Request.
  Time since last request: 0.000030 seconds.
  path: Assets/04.Sprites/UI/png_128/icon/icon_sport/icon_sport_47.png
  artifactKey: Guid(b0444ecf2278b6b4cbb8c90caa6e1177) Importer(815301076,1909f56bfc062723c751e8b465ee728b)
Start importing Assets/04.Sprites/UI/png_128/icon/icon_sport/icon_sport_47.png using Guid(b0444ecf2278b6b4cbb8c90caa6e1177) Importer(815301076,1909f56bfc062723c751e8b465ee728b)  -> (artifact id: 'e159b0d327f9f5a6c7482cd68d83536b') in 0.032028 seconds 
========================================================================
Received Import Request.
  Time since last request: 0.000031 seconds.
  path: Assets/04.Sprites/UI/png_128/icon/icon_sport/icon_sport_48.png
  artifactKey: Guid(3fd32342c5bc4734caa4788df7222aac) Importer(815301076,1909f56bfc062723c751e8b465ee728b)
Start importing Assets/04.Sprites/UI/png_128/icon/icon_sport/icon_sport_48.png using Guid(3fd32342c5bc4734caa4788df7222aac) Importer(815301076,1909f56bfc062723c751e8b465ee728b)  -> (artifact id: '549a973dcc727ea7a81549bf40c3476d') in 0.029941 seconds 
========================================================================
Received Import Request.
  Time since last request: 0.155811 seconds.
  path: Assets/04.Sprites/UI/png_128/icon/icon_sport/icon_sport_50.png
  artifactKey: Guid(e55bf7c36a777bd47a8e6e9a46c21da0) Importer(815301076,1909f56bfc062723c751e8b465ee728b)
Start importing Assets/04.Sprites/UI/png_128/icon/icon_sport/icon_sport_50.png using Guid(e55bf7c36a777bd47a8e6e9a46c21da0) Importer(815301076,1909f56bfc062723c751e8b465ee728b)  -> (artifact id: 'cf932ee7f1b7478ea06ca53bf14e1d18') in 0.029094 seconds 
========================================================================
Received Import Request.
  Time since last request: 0.000030 seconds.
  path: Assets/04.Sprites/UI/png_128/icon/icon_sport/icon_sport_53.png
  artifactKey: Guid(6d1ec7b0b01e792498541914b5d9ec7d) Importer(815301076,1909f56bfc062723c751e8b465ee728b)
Start importing Assets/04.Sprites/UI/png_128/icon/icon_sport/icon_sport_53.png using Guid(6d1ec7b0b01e792498541914b5d9ec7d) Importer(815301076,1909f56bfc062723c751e8b465ee728b)  -> (artifact id: 'd7e35749101c48473642cfd21f58a9d5') in 0.034585 seconds 
========================================================================
Received Import Request.
  Time since last request: 0.000031 seconds.
  path: Assets/04.Sprites/UI/png_128/icon/icon_sport/icon_sport_57.png
  artifactKey: Guid(f6b56be2794f3e54a92ca63ec0076ded) Importer(815301076,1909f56bfc062723c751e8b465ee728b)
Start importing Assets/04.Sprites/UI/png_128/icon/icon_sport/icon_sport_57.png using Guid(f6b56be2794f3e54a92ca63ec0076ded) Importer(815301076,1909f56bfc062723c751e8b465ee728b)  -> (artifact id: 'ca5ec18b230cdc61eba457b3df4045a5') in 0.032257 seconds 
========================================================================
Received Import Request.
  Time since last request: 0.000027 seconds.
  path: Assets/04.Sprites/UI/png_128/icon/icon_sport/icon_sport_59.png
  artifactKey: Guid(37e91ef3d8aa0f64faec506ced54be45) Importer(815301076,1909f56bfc062723c751e8b465ee728b)
Start importing Assets/04.Sprites/UI/png_128/icon/icon_sport/icon_sport_59.png using Guid(37e91ef3d8aa0f64faec506ced54be45) Importer(815301076,1909f56bfc062723c751e8b465ee728b)  -> (artifact id: 'c7c7ae933b989050a7cce472eb848c04') in 0.025130 seconds 
========================================================================
Received Import Request.
  Time since last request: 0.173085 seconds.
  path: Assets/04.Sprites/UI/png_128/icon/icon_sport/icon_sport_60.png
  artifactKey: Guid(6c46112b100e8564ebd5b1e4ad8da82c) Importer(815301076,1909f56bfc062723c751e8b465ee728b)
Start importing Assets/04.Sprites/UI/png_128/icon/icon_sport/icon_sport_60.png using Guid(6c46112b100e8564ebd5b1e4ad8da82c) Importer(815301076,1909f56bfc062723c751e8b465ee728b)  -> (artifact id: 'f5301c49291cb166979ae6381df711d9') in 0.031555 seconds 
========================================================================
Received Import Request.
  Time since last request: 0.000029 seconds.
  path: Assets/04.Sprites/UI/png_128/icon/icon_sport/icon_sport_63.png
  artifactKey: Guid(738138429a8a11047a8df17390d2b9d6) Importer(815301076,1909f56bfc062723c751e8b465ee728b)
Start importing Assets/04.Sprites/UI/png_128/icon/icon_sport/icon_sport_63.png using Guid(738138429a8a11047a8df17390d2b9d6) Importer(815301076,1909f56bfc062723c751e8b465ee728b)  -> (artifact id: '38a5c3b7c32bc6eac80d1b27f7adb52f') in 0.033438 seconds 
========================================================================
Received Import Request.
  Time since last request: 0.000028 seconds.
  path: Assets/04.Sprites/UI/png_128/icon/icon_sport/icon_sport_67.png
  artifactKey: Guid(55bc60beee8c3284cbfa743855d1d68d) Importer(815301076,1909f56bfc062723c751e8b465ee728b)
Start importing Assets/04.Sprites/UI/png_128/icon/icon_sport/icon_sport_67.png using Guid(55bc60beee8c3284cbfa743855d1d68d) Importer(815301076,1909f56bfc062723c751e8b465ee728b)  -> (artifact id: '170a89b2f648f5e2b069c84f303b9af8') in 0.029637 seconds 
========================================================================
Received Import Request.
  Time since last request: 0.000024 seconds.
  path: Assets/04.Sprites/UI/png_128/icon/icon_sport/icon_sport_69.png
  artifactKey: Guid(8ab3109ab0e1ad8449bfa1306b99e21d) Importer(815301076,1909f56bfc062723c751e8b465ee728b)
Start importing Assets/04.Sprites/UI/png_128/icon/icon_sport/icon_sport_69.png using Guid(8ab3109ab0e1ad8449bfa1306b99e21d) Importer(815301076,1909f56bfc062723c751e8b465ee728b)  -> (artifact id: 'eddfe56f115787d1cfcceef66ee90655') in 0.026277 seconds 
========================================================================
Received Import Request.
  Time since last request: 0.000023 seconds.
  path: Assets/04.Sprites/UI/png_128/icon/icon_sport/icon_sport_70.png
  artifactKey: Guid(699698f1818be1545b72cc64450aad2a) Importer(815301076,1909f56bfc062723c751e8b465ee728b)
Start importing Assets/04.Sprites/UI/png_128/icon/icon_sport/icon_sport_70.png using Guid(699698f1818be1545b72cc64450aad2a) Importer(815301076,1909f56bfc062723c751e8b465ee728b)  -> (artifact id: '24c5ac6fdc19f34ed3a06521054000ba') in 0.025206 seconds 
========================================================================
Received Import Request.
  Time since last request: 0.179475 seconds.
  path: Assets/04.Sprites/UI/png_128/icon/icon_sport/icon_sport_72.png
  artifactKey: Guid(b41932edefd9b0a4bbb4d960cffe3d59) Importer(815301076,1909f56bfc062723c751e8b465ee728b)
Start importing Assets/04.Sprites/UI/png_128/icon/icon_sport/icon_sport_72.png using Guid(b41932edefd9b0a4bbb4d960cffe3d59) Importer(815301076,1909f56bfc062723c751e8b465ee728b)  -> (artifact id: '70c1663ce9cf1996900c5905679d3e99') in 0.028631 seconds 
========================================================================
Received Import Request.
  Time since last request: 0.000051 seconds.
  path: Assets/04.Sprites/UI/png_128/icon/icon_sport/icon_sport_75.png
  artifactKey: Guid(004ba4b7755997e48ba72569a43e99cc) Importer(815301076,1909f56bfc062723c751e8b465ee728b)
Start importing Assets/04.Sprites/UI/png_128/icon/icon_sport/icon_sport_75.png using Guid(004ba4b7755997e48ba72569a43e99cc) Importer(815301076,1909f56bfc062723c751e8b465ee728b)  -> (artifact id: 'e6f71995e714cff78e1d4a9218c24f16') in 0.029404 seconds 
========================================================================
Received Import Request.
  Time since last request: 12.789227 seconds.
  path: Assets/04.Sprites/UI/png_128/icon/icon_store/icon_store_13.png
  artifactKey: Guid(9ac626eeab119714dae9fdf7e4ab7286) Importer(815301076,1909f56bfc062723c751e8b465ee728b)
Start importing Assets/04.Sprites/UI/png_128/icon/icon_store/icon_store_13.png using Guid(9ac626eeab119714dae9fdf7e4ab7286) Importer(815301076,1909f56bfc062723c751e8b465ee728b)  -> (artifact id: 'fe7cbe0ef55d3d455245c2a4abaac525') in 0.042813 seconds 
========================================================================
Received Import Request.
  Time since last request: 0.000027 seconds.
  path: Assets/04.Sprites/UI/png_128/icon/icon_store/icon_store_16.png
  artifactKey: Guid(9b9393ca10a0e254b9edee3edfab25f5) Importer(815301076,1909f56bfc062723c751e8b465ee728b)
Start importing Assets/04.Sprites/UI/png_128/icon/icon_store/icon_store_16.png using Guid(9b9393ca10a0e254b9edee3edfab25f5) Importer(815301076,1909f56bfc062723c751e8b465ee728b)  -> (artifact id: '1bb7d2610e9e58725b658d392c966c71') in 0.040113 seconds 
========================================================================
Received Import Request.
  Time since last request: 6.199319 seconds.
  path: Assets/04.Sprites/UI/png_128/icon/icon_simpleshape/icon_simpleshape_52.png
  artifactKey: Guid(c9eca0a4c862ee04b98811d7674bcdd5) Importer(815301076,1909f56bfc062723c751e8b465ee728b)
Start importing Assets/04.Sprites/UI/png_128/icon/icon_simpleshape/icon_simpleshape_52.png using Guid(c9eca0a4c862ee04b98811d7674bcdd5) Importer(815301076,1909f56bfc062723c751e8b465ee728b)  -> (artifact id: 'c3a3cb900bcade089fe48b8ef836f849') in 0.078765 seconds 
========================================================================
Received Import Request.
  Time since last request: 0.000034 seconds.
  path: Assets/04.Sprites/UI/png_128/icon/icon_simpleshape/icon_simpleshape_62.png
  artifactKey: Guid(d90c63d71bf861a4fbee5da8ad627721) Importer(815301076,1909f56bfc062723c751e8b465ee728b)
Start importing Assets/04.Sprites/UI/png_128/icon/icon_simpleshape/icon_simpleshape_62.png using Guid(d90c63d71bf861a4fbee5da8ad627721) Importer(815301076,1909f56bfc062723c751e8b465ee728b)  -> (artifact id: '24c0c304029e93698730e632f01683f7') in 0.032225 seconds 
========================================================================
Received Import Request.
  Time since last request: 0.000033 seconds.
  path: Assets/04.Sprites/UI/png_128/icon/icon_simpleshape/icon_simpleshape_71.png
  artifactKey: Guid(d958f3f3bfaa030488e5d1f26b8095d2) Importer(815301076,1909f56bfc062723c751e8b465ee728b)
Start importing Assets/04.Sprites/UI/png_128/icon/icon_simpleshape/icon_simpleshape_71.png using Guid(d958f3f3bfaa030488e5d1f26b8095d2) Importer(815301076,1909f56bfc062723c751e8b465ee728b)  -> (artifact id: 'ef836f9802de4bdd8dab676605ca13be') in 0.042017 seconds 
========================================================================
Received Import Request.
  Time since last request: 0.000062 seconds.
  path: Assets/04.Sprites/UI/png_128/icon/icon_simpleshape/icon_simpleshape_59.png
  artifactKey: Guid(84af47ab9a11d904999567644bab5114) Importer(815301076,1909f56bfc062723c751e8b465ee728b)
Start importing Assets/04.Sprites/UI/png_128/icon/icon_simpleshape/icon_simpleshape_59.png using Guid(84af47ab9a11d904999567644bab5114) Importer(815301076,1909f56bfc062723c751e8b465ee728b)  -> (artifact id: '8b386328f8b83bbd24ddc1d0130f8cc6') in 0.027767 seconds 
========================================================================
Received Import Request.
  Time since last request: 0.000030 seconds.
  path: Assets/04.Sprites/UI/png_128/icon/icon_simpleshape/icon_simpleshape_63.png
  artifactKey: Guid(3c2d0ea920a22ba4a8fcf00b5c814f5d) Importer(815301076,1909f56bfc062723c751e8b465ee728b)
Start importing Assets/04.Sprites/UI/png_128/icon/icon_simpleshape/icon_simpleshape_63.png using Guid(3c2d0ea920a22ba4a8fcf00b5c814f5d) Importer(815301076,1909f56bfc062723c751e8b465ee728b)  -> (artifact id: '82a65ff77c1c59ae1e8da1eac8bd04c0') in 0.031831 seconds 
========================================================================
Received Import Request.
  Time since last request: 0.000028 seconds.
  path: Assets/04.Sprites/UI/png_128/icon/icon_simpleshape/icon_simpleshape_56.png
  artifactKey: Guid(548bfd74085c968409d25533925fed05) Importer(815301076,1909f56bfc062723c751e8b465ee728b)
Start importing Assets/04.Sprites/UI/png_128/icon/icon_simpleshape/icon_simpleshape_56.png using Guid(548bfd74085c968409d25533925fed05) Importer(815301076,1909f56bfc062723c751e8b465ee728b)  -> (artifact id: 'c59a7de91a92b5952cbe3dc7a529b118') in 0.027990 seconds 
========================================================================
Received Import Request.
  Time since last request: 0.000031 seconds.
  path: Assets/04.Sprites/UI/png_128/icon/icon_simpleshape/icon_simpleshape_69.png
  artifactKey: Guid(7d0e8c8a70ea171499c831fc95bac128) Importer(815301076,1909f56bfc062723c751e8b465ee728b)
Start importing Assets/04.Sprites/UI/png_128/icon/icon_simpleshape/icon_simpleshape_69.png using Guid(7d0e8c8a70ea171499c831fc95bac128) Importer(815301076,1909f56bfc062723c751e8b465ee728b)  -> (artifact id: '0ce92282b40ea1ca10ed7d16491c0e2c') in 0.029540 seconds 
========================================================================
Received Import Request.
  Time since last request: 32.849523 seconds.
  path: Assets/04.Sprites/UI/png_128/icon/icon_store/icon_store_18.png
  artifactKey: Guid(95d94e6b616d8144287df72cf9b64abc) Importer(815301076,1909f56bfc062723c751e8b465ee728b)
Start importing Assets/04.Sprites/UI/png_128/icon/icon_store/icon_store_18.png using Guid(95d94e6b616d8144287df72cf9b64abc) Importer(815301076,1909f56bfc062723c751e8b465ee728b)  -> (artifact id: '5c449cc0abd22df479923c5f12b05749') in 0.071448 seconds 
========================================================================
Received Import Request.
  Time since last request: 0.000028 seconds.
  path: Assets/04.Sprites/UI/png_128/icon/icon_store/icon_store_26.png
  artifactKey: Guid(993ea030e91faa449b3012638c7bf54d) Importer(815301076,1909f56bfc062723c751e8b465ee728b)
Start importing Assets/04.Sprites/UI/png_128/icon/icon_store/icon_store_26.png using Guid(993ea030e91faa449b3012638c7bf54d) Importer(815301076,1909f56bfc062723c751e8b465ee728b)  -> (artifact id: '33ea4e079f8e4a991c6d9b1ccd70d4f9') in 0.071542 seconds 
========================================================================
Received Import Request.
  Time since last request: 0.000029 seconds.
  path: Assets/04.Sprites/UI/png_128/icon/icon_store/icon_store_25.png
  artifactKey: Guid(3069e402a3313c24490e59b3b63e2472) Importer(815301076,1909f56bfc062723c751e8b465ee728b)
Start importing Assets/04.Sprites/UI/png_128/icon/icon_store/icon_store_25.png using Guid(3069e402a3313c24490e59b3b63e2472) Importer(815301076,1909f56bfc062723c751e8b465ee728b)  -> (artifact id: '1bb6fd8c811a58629282e85efd1d2901') in 0.055222 seconds 
========================================================================
Received Import Request.
  Time since last request: 0.000032 seconds.
  path: Assets/04.Sprites/UI/png_128/icon/icon_store/icon_store_127.png
  artifactKey: Guid(f6505ec0feab3ea47a3be17e65d2cd7d) Importer(815301076,1909f56bfc062723c751e8b465ee728b)
Start importing Assets/04.Sprites/UI/png_128/icon/icon_store/icon_store_127.png using Guid(f6505ec0feab3ea47a3be17e65d2cd7d) Importer(815301076,1909f56bfc062723c751e8b465ee728b)  -> (artifact id: 'db3df5a814d984ee0950479723bfcb7c') in 0.035188 seconds 
========================================================================
Received Import Request.
  Time since last request: 0.000029 seconds.
  path: Assets/04.Sprites/UI/png_128/icon/icon_store/icon_store_103.png
  artifactKey: Guid(bac440a1e95ab7e48a9cf88e38ae2f9c) Importer(815301076,1909f56bfc062723c751e8b465ee728b)
Start importing Assets/04.Sprites/UI/png_128/icon/icon_store/icon_store_103.png using Guid(bac440a1e95ab7e48a9cf88e38ae2f9c) Importer(815301076,1909f56bfc062723c751e8b465ee728b)  -> (artifact id: '483aedf25d9a2dccc4de4c6a2c6d1f81') in 0.038597 seconds 
========================================================================
Received Import Request.
  Time since last request: 0.000028 seconds.
  path: Assets/04.Sprites/UI/png_128/icon/icon_store/icon_store_173.png
  artifactKey: Guid(6cf6843506cca20479272f7d6fbc7939) Importer(815301076,1909f56bfc062723c751e8b465ee728b)
Start importing Assets/04.Sprites/UI/png_128/icon/icon_store/icon_store_173.png using Guid(6cf6843506cca20479272f7d6fbc7939) Importer(815301076,1909f56bfc062723c751e8b465ee728b)  -> (artifact id: 'e1cd54531d105468d31c459107304506') in 0.028205 seconds 
========================================================================
Received Import Request.
  Time since last request: 0.000031 seconds.
  path: Assets/04.Sprites/UI/png_128/icon/icon_store/icon_store_169.png
  artifactKey: Guid(e13f128382f01c24c824b3bd2585ec97) Importer(815301076,1909f56bfc062723c751e8b465ee728b)
Start importing Assets/04.Sprites/UI/png_128/icon/icon_store/icon_store_169.png using Guid(e13f128382f01c24c824b3bd2585ec97) Importer(815301076,1909f56bfc062723c751e8b465ee728b)  -> (artifact id: 'c832e884354ec666205249974f290787') in 0.025650 seconds 
========================================================================
Received Import Request.
  Time since last request: 0.000024 seconds.
  path: Assets/04.Sprites/UI/png_128/icon/icon_store/icon_store_98.png
  artifactKey: Guid(835b372c935d73e448e01f6adbe51f77) Importer(815301076,1909f56bfc062723c751e8b465ee728b)
Start importing Assets/04.Sprites/UI/png_128/icon/icon_store/icon_store_98.png using Guid(835b372c935d73e448e01f6adbe51f77) Importer(815301076,1909f56bfc062723c751e8b465ee728b)  -> (artifact id: '2cd295c7a335becc6d0b68406348fa11') in 0.042100 seconds 
========================================================================
Received Import Request.
  Time since last request: 0.000023 seconds.
  path: Assets/04.Sprites/UI/png_128/icon/icon_store/icon_store_39.png
  artifactKey: Guid(d0185b40ba77401478437fbbfc250f5d) Importer(815301076,1909f56bfc062723c751e8b465ee728b)
Start importing Assets/04.Sprites/UI/png_128/icon/icon_store/icon_store_39.png using Guid(d0185b40ba77401478437fbbfc250f5d) Importer(815301076,1909f56bfc062723c751e8b465ee728b)  -> (artifact id: 'aaf9182f79cef10da6dd9b36d7f33d50') in 0.027845 seconds 
========================================================================
Received Import Request.
  Time since last request: 0.000078 seconds.
  path: Assets/04.Sprites/UI/png_128/icon/icon_store/icon_store_38.png
  artifactKey: Guid(3f344680d6eb02e48a094e811b59e11f) Importer(815301076,1909f56bfc062723c751e8b465ee728b)
Start importing Assets/04.Sprites/UI/png_128/icon/icon_store/icon_store_38.png using Guid(3f344680d6eb02e48a094e811b59e11f) Importer(815301076,1909f56bfc062723c751e8b465ee728b)  -> (artifact id: '1bf81a2bf6e06304a2bd22f46786265b') in 0.029523 seconds 
========================================================================
Received Import Request.
  Time since last request: 0.000028 seconds.
  path: Assets/04.Sprites/UI/png_128/icon/icon_store/icon_store_32.png
  artifactKey: Guid(248e50ca3af208e4ba3ea9e26e7f7e14) Importer(815301076,1909f56bfc062723c751e8b465ee728b)
Start importing Assets/04.Sprites/UI/png_128/icon/icon_store/icon_store_32.png using Guid(248e50ca3af208e4ba3ea9e26e7f7e14) Importer(815301076,1909f56bfc062723c751e8b465ee728b)  -> (artifact id: '6897fea9081cf3b3a097d7549e6f22bc') in 0.032018 seconds 
========================================================================
Received Import Request.
  Time since last request: 0.000029 seconds.
  path: Assets/04.Sprites/UI/png_128/icon/icon_store/icon_store_168.png
  artifactKey: Guid(e57559842d74c6048aeac26c1a507881) Importer(815301076,1909f56bfc062723c751e8b465ee728b)
Start importing Assets/04.Sprites/UI/png_128/icon/icon_store/icon_store_168.png using Guid(e57559842d74c6048aeac26c1a507881) Importer(815301076,1909f56bfc062723c751e8b465ee728b)  -> (artifact id: '49942a9733ec10ca4f025e2abf5e0118') in 0.025773 seconds 
========================================================================
Received Import Request.
  Time since last request: 0.000025 seconds.
  path: Assets/04.Sprites/UI/png_128/icon/icon_store/icon_store_37.png
  artifactKey: Guid(c554cd477b2022b49a505830100bd76a) Importer(815301076,1909f56bfc062723c751e8b465ee728b)
Start importing Assets/04.Sprites/UI/png_128/icon/icon_store/icon_store_37.png using Guid(c554cd477b2022b49a505830100bd76a) Importer(815301076,1909f56bfc062723c751e8b465ee728b)  -> (artifact id: 'e1a5cdfce5373dc2243448948f512c57') in 0.026280 seconds 
========================================================================
Received Import Request.
  Time since last request: 0.000021 seconds.
  path: Assets/04.Sprites/UI/png_128/icon/icon_store/icon_store_119.png
  artifactKey: Guid(d02af49be41e3764198392ffd69cd301) Importer(815301076,1909f56bfc062723c751e8b465ee728b)
Start importing Assets/04.Sprites/UI/png_128/icon/icon_store/icon_store_119.png using Guid(d02af49be41e3764198392ffd69cd301) Importer(815301076,1909f56bfc062723c751e8b465ee728b)  -> (artifact id: 'b060cfefc071a0a05fbb51b1c2a04731') in 0.027966 seconds 
========================================================================
Received Import Request.
  Time since last request: 0.000022 seconds.
  path: Assets/04.Sprites/UI/png_128/icon/icon_store/icon_store_170.png
  artifactKey: Guid(ff45b18841148194d81736872d841f0b) Importer(815301076,1909f56bfc062723c751e8b465ee728b)
Start importing Assets/04.Sprites/UI/png_128/icon/icon_store/icon_store_170.png using Guid(ff45b18841148194d81736872d841f0b) Importer(815301076,1909f56bfc062723c751e8b465ee728b)  -> (artifact id: 'ec8d47d87959dd0aeda20954f864bd49') in 0.028942 seconds 
========================================================================
Received Import Request.
  Time since last request: 0.000025 seconds.
  path: Assets/04.Sprites/UI/png_128/icon/icon_store/icon_store_97.png
  artifactKey: Guid(1fd9dafd967550d4ab5d2c9394b6bf5b) Importer(815301076,1909f56bfc062723c751e8b465ee728b)
Start importing Assets/04.Sprites/UI/png_128/icon/icon_store/icon_store_97.png using Guid(1fd9dafd967550d4ab5d2c9394b6bf5b) Importer(815301076,1909f56bfc062723c751e8b465ee728b)  -> (artifact id: '0fd8fbf82b8f8b4c2891f5a75d0c13e2') in 0.030108 seconds 
========================================================================
Received Import Request.
  Time since last request: 0.000041 seconds.
  path: Assets/04.Sprites/UI/png_128/icon/icon_store/icon_store_87.png
  artifactKey: Guid(c7da1693978a833428dd91460018e82a) Importer(815301076,1909f56bfc062723c751e8b465ee728b)
Start importing Assets/04.Sprites/UI/png_128/icon/icon_store/icon_store_87.png using Guid(c7da1693978a833428dd91460018e82a) Importer(815301076,1909f56bfc062723c751e8b465ee728b)  -> (artifact id: 'ad1e46b8372deb35d186fc319e2e2f44') in 0.029342 seconds 
========================================================================
Received Import Request.
  Time since last request: 0.000029 seconds.
  path: Assets/04.Sprites/UI/png_128/icon/icon_store/icon_store_134.png
  artifactKey: Guid(b379308816c3a6b48a53bc85c2184148) Importer(815301076,1909f56bfc062723c751e8b465ee728b)
Start importing Assets/04.Sprites/UI/png_128/icon/icon_store/icon_store_134.png using Guid(b379308816c3a6b48a53bc85c2184148) Importer(815301076,1909f56bfc062723c751e8b465ee728b)  -> (artifact id: 'fa2cef655595971862b17f3e1e759a7c') in 0.028435 seconds 
========================================================================
Received Import Request.
  Time since last request: 0.000022 seconds.
  path: Assets/04.Sprites/UI/png_128/icon/icon_store/icon_store_78.png
  artifactKey: Guid(1e51a04cc7f741644997a50cec02bba5) Importer(815301076,1909f56bfc062723c751e8b465ee728b)
Start importing Assets/04.Sprites/UI/png_128/icon/icon_store/icon_store_78.png using Guid(1e51a04cc7f741644997a50cec02bba5) Importer(815301076,1909f56bfc062723c751e8b465ee728b)  -> (artifact id: 'c56e0dc99881b160190ec1858b5b38f4') in 0.028750 seconds 
========================================================================
Received Import Request.
  Time since last request: 0.000026 seconds.
  path: Assets/04.Sprites/UI/png_128/icon/icon_store/icon_store_86.png
  artifactKey: Guid(9751dab9e52677343b6a08ec5743f1e1) Importer(815301076,1909f56bfc062723c751e8b465ee728b)
Start importing Assets/04.Sprites/UI/png_128/icon/icon_store/icon_store_86.png using Guid(9751dab9e52677343b6a08ec5743f1e1) Importer(815301076,1909f56bfc062723c751e8b465ee728b)  -> (artifact id: '489f34671be0af0b7b99a9a855061245') in 0.031251 seconds 
========================================================================
Received Import Request.
  Time since last request: 0.000034 seconds.
  path: Assets/04.Sprites/UI/png_128/icon/icon_store/icon_store_76.png
  artifactKey: Guid(1e2bd35ebc949474893376bb8a06d13a) Importer(815301076,1909f56bfc062723c751e8b465ee728b)
Start importing Assets/04.Sprites/UI/png_128/icon/icon_store/icon_store_76.png using Guid(1e2bd35ebc949474893376bb8a06d13a) Importer(815301076,1909f56bfc062723c751e8b465ee728b)  -> (artifact id: '61b8343ace317054cb743f0a59342c95') in 0.032341 seconds 
========================================================================
Received Import Request.
  Time since last request: 0.000043 seconds.
  path: Assets/04.Sprites/UI/png_128/icon/icon_store/icon_store_99.png
  artifactKey: Guid(86703dc62a339fa4093fa64e739eea26) Importer(815301076,1909f56bfc062723c751e8b465ee728b)
Start importing Assets/04.Sprites/UI/png_128/icon/icon_store/icon_store_99.png using Guid(86703dc62a339fa4093fa64e739eea26) Importer(815301076,1909f56bfc062723c751e8b465ee728b)  -> (artifact id: '51d926997592942ef24585a71a27dad8') in 0.038886 seconds 
========================================================================
Received Import Request.
  Time since last request: 0.000038 seconds.
  path: Assets/04.Sprites/UI/png_128/icon/icon_store/icon_store_100.png
  artifactKey: Guid(f5b8c10fdf78dfd4499b1feb1ff128d3) Importer(815301076,1909f56bfc062723c751e8b465ee728b)
Start importing Assets/04.Sprites/UI/png_128/icon/icon_store/icon_store_100.png using Guid(f5b8c10fdf78dfd4499b1feb1ff128d3) Importer(815301076,1909f56bfc062723c751e8b465ee728b)  -> (artifact id: 'd588be249c9b468afd1ad377efa9b3b8') in 0.027638 seconds 
========================================================================
Received Import Request.
  Time since last request: 0.000039 seconds.
  path: Assets/04.Sprites/UI/png_128/icon/icon_store/icon_store_166.png
  artifactKey: Guid(ec2c0d9ab82a693458e9afd162e5a305) Importer(815301076,1909f56bfc062723c751e8b465ee728b)
Start importing Assets/04.Sprites/UI/png_128/icon/icon_store/icon_store_166.png using Guid(ec2c0d9ab82a693458e9afd162e5a305) Importer(815301076,1909f56bfc062723c751e8b465ee728b)  -> (artifact id: 'bc5e409bc001e0c0edd219f6d1c47d91') in 0.027416 seconds 
========================================================================
Received Import Request.
  Time since last request: 0.000030 seconds.
  path: Assets/04.Sprites/UI/png_128/icon/icon_store/icon_store_120.png
  artifactKey: Guid(78c3a7779143b754aa12d4c265d2a156) Importer(815301076,1909f56bfc062723c751e8b465ee728b)
Start importing Assets/04.Sprites/UI/png_128/icon/icon_store/icon_store_120.png using Guid(78c3a7779143b754aa12d4c265d2a156) Importer(815301076,1909f56bfc062723c751e8b465ee728b)  -> (artifact id: 'daccf8017bb7ae53179d5317b6029d26') in 0.028647 seconds 
========================================================================
Received Import Request.
  Time since last request: 0.000020 seconds.
  path: Assets/04.Sprites/UI/png_128/icon/icon_store/icon_store_28.png
  artifactKey: Guid(b55621a304d395140bba064e6b0bfd56) Importer(815301076,1909f56bfc062723c751e8b465ee728b)
Start importing Assets/04.Sprites/UI/png_128/icon/icon_store/icon_store_28.png using Guid(b55621a304d395140bba064e6b0bfd56) Importer(815301076,1909f56bfc062723c751e8b465ee728b)  -> (artifact id: '03cd5fa5902d744ca07021deff19e80f') in 0.027459 seconds 
========================================================================
Received Import Request.
  Time since last request: 0.000031 seconds.
  path: Assets/04.Sprites/UI/png_128/icon/icon_store/icon_store_167.png
  artifactKey: Guid(cc38f9d573368c94ea59ef4a222512bb) Importer(815301076,1909f56bfc062723c751e8b465ee728b)
Start importing Assets/04.Sprites/UI/png_128/icon/icon_store/icon_store_167.png using Guid(cc38f9d573368c94ea59ef4a222512bb) Importer(815301076,1909f56bfc062723c751e8b465ee728b)  -> (artifact id: 'a516b278aeacf1757141e65dbc574285') in 0.025831 seconds 
========================================================================
Received Import Request.
  Time since last request: 0.000025 seconds.
  path: Assets/04.Sprites/UI/png_128/icon/icon_store/icon_store_75.png
  artifactKey: Guid(0a1e43cfca105bd40b8d190eada2a5ad) Importer(815301076,1909f56bfc062723c751e8b465ee728b)
Start importing Assets/04.Sprites/UI/png_128/icon/icon_store/icon_store_75.png using Guid(0a1e43cfca105bd40b8d190eada2a5ad) Importer(815301076,1909f56bfc062723c751e8b465ee728b)  -> (artifact id: '52a07310353cbde318f8686fe39a4332') in 0.026105 seconds 
========================================================================
Received Import Request.
  Time since last request: 0.000036 seconds.
  path: Assets/04.Sprites/UI/png_128/icon/icon_store/icon_store_77.png
  artifactKey: Guid(c0eab92c54074244c82bc97d363f6d07) Importer(815301076,1909f56bfc062723c751e8b465ee728b)
Start importing Assets/04.Sprites/UI/png_128/icon/icon_store/icon_store_77.png using Guid(c0eab92c54074244c82bc97d363f6d07) Importer(815301076,1909f56bfc062723c751e8b465ee728b)  -> (artifact id: '720737d55a00d944d97f1c43c09b26c8') in 0.027946 seconds 
========================================================================
Received Import Request.
  Time since last request: 0.000042 seconds.
  path: Assets/04.Sprites/UI/png_128/icon/icon_store/icon_store_114.png
  artifactKey: Guid(fa936f425e8e0dc418a2e0776fc9fd0b) Importer(815301076,1909f56bfc062723c751e8b465ee728b)
Start importing Assets/04.Sprites/UI/png_128/icon/icon_store/icon_store_114.png using Guid(fa936f425e8e0dc418a2e0776fc9fd0b) Importer(815301076,1909f56bfc062723c751e8b465ee728b)  -> (artifact id: '1a54d0055db0212b971eaf31b9f67389') in 0.024839 seconds 
========================================================================
Received Import Request.
  Time since last request: 0.000029 seconds.
  path: Assets/04.Sprites/UI/png_128/icon/icon_store/icon_store_74.png
  artifactKey: Guid(1761f22ef9609ec468be836746cccfc6) Importer(815301076,1909f56bfc062723c751e8b465ee728b)
Start importing Assets/04.Sprites/UI/png_128/icon/icon_store/icon_store_74.png using Guid(1761f22ef9609ec468be836746cccfc6) Importer(815301076,1909f56bfc062723c751e8b465ee728b)  -> (artifact id: 'b4ee9bbc7196f99b95f49f700b45a06f') in 0.024395 seconds 
========================================================================
Received Import Request.
  Time since last request: 0.000021 seconds.
  path: Assets/04.Sprites/UI/png_128/icon/icon_store/icon_store_23.png
  artifactKey: Guid(f1e6884c43929ac43b73da40d106640f) Importer(815301076,1909f56bfc062723c751e8b465ee728b)
Start importing Assets/04.Sprites/UI/png_128/icon/icon_store/icon_store_23.png using Guid(f1e6884c43929ac43b73da40d106640f) Importer(815301076,1909f56bfc062723c751e8b465ee728b)  -> (artifact id: 'b5f93124a778bb68285027641b9eb22b') in 0.028529 seconds 
========================================================================
Received Import Request.
  Time since last request: 0.000035 seconds.
  path: Assets/04.Sprites/UI/png_128/icon/icon_store/icon_store_27.png
  artifactKey: Guid(a3b163d7510068e459209b64efc0b3ff) Importer(815301076,1909f56bfc062723c751e8b465ee728b)
Start importing Assets/04.Sprites/UI/png_128/icon/icon_store/icon_store_27.png using Guid(a3b163d7510068e459209b64efc0b3ff) Importer(815301076,1909f56bfc062723c751e8b465ee728b)  -> (artifact id: '14b2bc68088bba55fe2fce037b92ec81') in 0.027018 seconds 
========================================================================
Received Import Request.
  Time since last request: 0.000019 seconds.
  path: Assets/04.Sprites/UI/png_128/icon/icon_store/icon_store_162.png
  artifactKey: Guid(6359113f945cbcd4898feeec2693f42e) Importer(815301076,1909f56bfc062723c751e8b465ee728b)
Start importing Assets/04.Sprites/UI/png_128/icon/icon_store/icon_store_162.png using Guid(6359113f945cbcd4898feeec2693f42e) Importer(815301076,1909f56bfc062723c751e8b465ee728b)  -> (artifact id: 'd4f91514e1951bd965c83c31592c4ad6') in 0.026670 seconds 
========================================================================
Received Import Request.
  Time since last request: 2.491113 seconds.
  path: Assets/04.Sprites/UI/png_128/icon/icon_store/icon_store_83.png
  artifactKey: Guid(e139576647e34fa49817d130babdce3c) Importer(815301076,1909f56bfc062723c751e8b465ee728b)
Start importing Assets/04.Sprites/UI/png_128/icon/icon_store/icon_store_83.png using Guid(e139576647e34fa49817d130babdce3c) Importer(815301076,1909f56bfc062723c751e8b465ee728b)  -> (artifact id: 'fb1517ddc6dd2ade50b8faeca3bab2b2') in 0.034584 seconds 
========================================================================
Received Import Request.
  Time since last request: 6.752642 seconds.
  path: Assets/04.Sprites/UI/png_128/icon/icon_tool/icon_tool_1.png
  artifactKey: Guid(be7868785f04d7b4dae189289e2e1f05) Importer(815301076,1909f56bfc062723c751e8b465ee728b)
Start importing Assets/04.Sprites/UI/png_128/icon/icon_tool/icon_tool_1.png using Guid(be7868785f04d7b4dae189289e2e1f05) Importer(815301076,1909f56bfc062723c751e8b465ee728b)  -> (artifact id: '41e4646bfaa2929504b973a36d76f998') in 0.041730 seconds 
========================================================================
Received Import Request.
  Time since last request: 0.000027 seconds.
  path: Assets/04.Sprites/UI/png_128/icon/icon_tool/icon_tool_17.png
  artifactKey: Guid(809fe6ae66d0ad847bd8bf018255a4ad) Importer(815301076,1909f56bfc062723c751e8b465ee728b)
Start importing Assets/04.Sprites/UI/png_128/icon/icon_tool/icon_tool_17.png using Guid(809fe6ae66d0ad847bd8bf018255a4ad) Importer(815301076,1909f56bfc062723c751e8b465ee728b)  -> (artifact id: '249ffda72d7460d683d8507628d15425') in 0.081703 seconds 
========================================================================
Received Import Request.
  Time since last request: 0.000034 seconds.
  path: Assets/04.Sprites/UI/png_128/icon/icon_tool/icon_tool_9.png
  artifactKey: Guid(9af46ee310df93c4ea62bdff33b1b4bf) Importer(815301076,1909f56bfc062723c751e8b465ee728b)
Start importing Assets/04.Sprites/UI/png_128/icon/icon_tool/icon_tool_9.png using Guid(9af46ee310df93c4ea62bdff33b1b4bf) Importer(815301076,1909f56bfc062723c751e8b465ee728b)  -> (artifact id: '167cdac7c440f2067c62e3e3254c5b4b') in 0.048134 seconds 
========================================================================
Received Import Request.
  Time since last request: 0.000033 seconds.
  path: Assets/04.Sprites/UI/png_128/icon/icon_tool/icon_tool_15.png
  artifactKey: Guid(f30c9eb6e0d33694d87015178184b62a) Importer(815301076,1909f56bfc062723c751e8b465ee728b)
Start importing Assets/04.Sprites/UI/png_128/icon/icon_tool/icon_tool_15.png using Guid(f30c9eb6e0d33694d87015178184b62a) Importer(815301076,1909f56bfc062723c751e8b465ee728b)  -> (artifact id: 'e788583aef139efd6253bd65cc84b29c') in 0.034294 seconds 
========================================================================
Received Import Request.
  Time since last request: 0.000022 seconds.
  path: Assets/04.Sprites/UI/png_128/icon/icon_tool/icon_tool_8.png
  artifactKey: Guid(7612932258b971f4593ba41f8d64f2fc) Importer(815301076,1909f56bfc062723c751e8b465ee728b)
Start importing Assets/04.Sprites/UI/png_128/icon/icon_tool/icon_tool_8.png using Guid(7612932258b971f4593ba41f8d64f2fc) Importer(815301076,1909f56bfc062723c751e8b465ee728b)  -> (artifact id: '9cf1d2cd4faad8f1542df7ad35f12092') in 0.030283 seconds 
========================================================================
Received Import Request.
  Time since last request: 0.000029 seconds.
  path: Assets/04.Sprites/UI/png_128/icon/icon_tool/icon_tool_7.png
  artifactKey: Guid(bb24428573590544fa5778ba37ba0b83) Importer(815301076,1909f56bfc062723c751e8b465ee728b)
Start importing Assets/04.Sprites/UI/png_128/icon/icon_tool/icon_tool_7.png using Guid(bb24428573590544fa5778ba37ba0b83) Importer(815301076,1909f56bfc062723c751e8b465ee728b)  -> (artifact id: 'e17c84a530f0e77bcc60db74209e73c5') in 0.027814 seconds 
========================================================================
Received Import Request.
  Time since last request: 1.977305 seconds.
  path: Assets/04.Sprites/UI/png_128/icon/icon_tool/icon_tool_18.png
  artifactKey: Guid(9ad34681e6d44fe4084fb2013d7cd863) Importer(815301076,1909f56bfc062723c751e8b465ee728b)
Start importing Assets/04.Sprites/UI/png_128/icon/icon_tool/icon_tool_18.png using Guid(9ad34681e6d44fe4084fb2013d7cd863) Importer(815301076,1909f56bfc062723c751e8b465ee728b)  -> (artifact id: '9d06b93d1bd13d632a6d9162832c4e65') in 0.036249 seconds 
========================================================================
Received Import Request.
  Time since last request: 0.015007 seconds.
  path: Assets/04.Sprites/UI/png_128/icon/icon_tool/icon_tool_22.png
  artifactKey: Guid(af13cb5956d36904ca717b33ecc65d47) Importer(815301076,1909f56bfc062723c751e8b465ee728b)
Start importing Assets/04.Sprites/UI/png_128/icon/icon_tool/icon_tool_22.png using Guid(af13cb5956d36904ca717b33ecc65d47) Importer(815301076,1909f56bfc062723c751e8b465ee728b)  -> (artifact id: 'a17d1eceaaf7cf98c4933ab32d1b70a5') in 0.034923 seconds 
========================================================================
Received Import Request.
  Time since last request: 0.000044 seconds.
  path: Assets/04.Sprites/UI/png_128/icon/icon_tool/icon_tool_29.png
  artifactKey: Guid(9e575eaed8ad88f469f6ea89c6ea215f) Importer(815301076,1909f56bfc062723c751e8b465ee728b)
Start importing Assets/04.Sprites/UI/png_128/icon/icon_tool/icon_tool_29.png using Guid(9e575eaed8ad88f469f6ea89c6ea215f) Importer(815301076,1909f56bfc062723c751e8b465ee728b)  -> (artifact id: 'a12668f3ce70251d505d83265911506f') in 0.030995 seconds 
========================================================================
Received Import Request.
  Time since last request: 0.000046 seconds.
  path: Assets/04.Sprites/UI/png_128/icon/icon_tool/icon_tool_27.png
  artifactKey: Guid(bf05c701c4a07334fa75aa218c3931c9) Importer(815301076,1909f56bfc062723c751e8b465ee728b)
Start importing Assets/04.Sprites/UI/png_128/icon/icon_tool/icon_tool_27.png using Guid(bf05c701c4a07334fa75aa218c3931c9) Importer(815301076,1909f56bfc062723c751e8b465ee728b)  -> (artifact id: 'fac60666e65e2c9e49b8d872c25561e2') in 0.028145 seconds 
========================================================================
Received Import Request.
  Time since last request: 0.000034 seconds.
  path: Assets/04.Sprites/UI/png_128/icon/icon_tool/icon_tool_26.png
  artifactKey: Guid(4794421ab3526fc4b824b654b6f76af0) Importer(815301076,1909f56bfc062723c751e8b465ee728b)
Start importing Assets/04.Sprites/UI/png_128/icon/icon_tool/icon_tool_26.png using Guid(4794421ab3526fc4b824b654b6f76af0) Importer(815301076,1909f56bfc062723c751e8b465ee728b)  -> (artifact id: '476435ca12f21ba0211068ff1ee5e0f6') in 0.028409 seconds 
========================================================================
Received Import Request.
  Time since last request: 0.000040 seconds.
  path: Assets/04.Sprites/UI/png_128/icon/icon_tool/icon_tool_33.png
  artifactKey: Guid(4cc9d20549e4564438a4ae498b2c8da0) Importer(815301076,1909f56bfc062723c751e8b465ee728b)
Start importing Assets/04.Sprites/UI/png_128/icon/icon_tool/icon_tool_33.png using Guid(4cc9d20549e4564438a4ae498b2c8da0) Importer(815301076,1909f56bfc062723c751e8b465ee728b)  -> (artifact id: 'bfce143619d4ff5e4ff1370f70416319') in 0.035149 seconds 
========================================================================
Received Import Request.
  Time since last request: 0.221369 seconds.
  path: Assets/04.Sprites/UI/png_128/icon/icon_tool/icon_tool_34.png
  artifactKey: Guid(38211fef6e36c4649a00ffc5fa0cd64f) Importer(815301076,1909f56bfc062723c751e8b465ee728b)
Start importing Assets/04.Sprites/UI/png_128/icon/icon_tool/icon_tool_34.png using Guid(38211fef6e36c4649a00ffc5fa0cd64f) Importer(815301076,1909f56bfc062723c751e8b465ee728b)  -> (artifact id: 'b6c330a7b7c9052f9e6bfcf5295c68cd') in 0.028934 seconds 
========================================================================
Received Import Request.
  Time since last request: 0.000025 seconds.
  path: Assets/04.Sprites/UI/png_128/icon/icon_tool/icon_tool_38.png
  artifactKey: Guid(a2990befccc8e83488e4ed74504704da) Importer(815301076,1909f56bfc062723c751e8b465ee728b)
Start importing Assets/04.Sprites/UI/png_128/icon/icon_tool/icon_tool_38.png using Guid(a2990befccc8e83488e4ed74504704da) Importer(815301076,1909f56bfc062723c751e8b465ee728b)  -> (artifact id: '4d58fdfb28c55930f0c78af8920891a4') in 0.033033 seconds 
========================================================================
Received Import Request.
  Time since last request: 0.000019 seconds.
  path: Assets/04.Sprites/UI/png_128/icon/icon_tool/icon_tool_45.png
  artifactKey: Guid(bce875c558594f74594fc3fd2ba547b0) Importer(815301076,1909f56bfc062723c751e8b465ee728b)
Start importing Assets/04.Sprites/UI/png_128/icon/icon_tool/icon_tool_45.png using Guid(bce875c558594f74594fc3fd2ba547b0) Importer(815301076,1909f56bfc062723c751e8b465ee728b)  -> (artifact id: 'c37d10cc2db1f410f74963d98a3b2e7b') in 0.030800 seconds 
========================================================================
Received Import Request.
  Time since last request: 0.000027 seconds.
  path: Assets/04.Sprites/UI/png_128/icon/icon_tool/icon_tool_48.png
  artifactKey: Guid(c3eff8d85317faf44b42bdb0296f4207) Importer(815301076,1909f56bfc062723c751e8b465ee728b)
Start importing Assets/04.Sprites/UI/png_128/icon/icon_tool/icon_tool_48.png using Guid(c3eff8d85317faf44b42bdb0296f4207) Importer(815301076,1909f56bfc062723c751e8b465ee728b)  -> (artifact id: 'faba48ee640c2d26f702ddf813a6abd7') in 0.045714 seconds 
========================================================================
Received Import Request.
  Time since last request: 0.000030 seconds.
  path: Assets/04.Sprites/UI/png_128/icon/icon_tool/icon_tool_43.png
  artifactKey: Guid(40a6c2e83b7e3fa45a86ac6ed387eadf) Importer(815301076,1909f56bfc062723c751e8b465ee728b)
Start importing Assets/04.Sprites/UI/png_128/icon/icon_tool/icon_tool_43.png using Guid(40a6c2e83b7e3fa45a86ac6ed387eadf) Importer(815301076,1909f56bfc062723c751e8b465ee728b)  -> (artifact id: '06c2a3d99a004336ce9f2d56e6aaa3a7') in 0.031045 seconds 
========================================================================
Received Import Request.
  Time since last request: 0.000041 seconds.
  path: Assets/04.Sprites/UI/png_128/icon/icon_tool/icon_tool_53.png
  artifactKey: Guid(294599bfa5c155244b682ee80a79f864) Importer(815301076,1909f56bfc062723c751e8b465ee728b)
Start importing Assets/04.Sprites/UI/png_128/icon/icon_tool/icon_tool_53.png using Guid(294599bfa5c155244b682ee80a79f864) Importer(815301076,1909f56bfc062723c751e8b465ee728b)  -> (artifact id: 'b07421b0dd66a06976fab7cbd9449463') in 0.027743 seconds 
========================================================================
Received Import Request.
  Time since last request: 0.000030 seconds.
  path: Assets/04.Sprites/UI/png_128/icon/icon_tool/icon_tool_46.png
  artifactKey: Guid(083a1f19f04478c4899fb418a4efc609) Importer(815301076,1909f56bfc062723c751e8b465ee728b)
Start importing Assets/04.Sprites/UI/png_128/icon/icon_tool/icon_tool_46.png using Guid(083a1f19f04478c4899fb418a4efc609) Importer(815301076,1909f56bfc062723c751e8b465ee728b)  -> (artifact id: '9baf7b4b92f3b34484c3b72cf1643e88') in 0.027480 seconds 
========================================================================
Received Import Request.
  Time since last request: 0.000023 seconds.
  path: Assets/04.Sprites/UI/png_128/icon/icon_tool/icon_tool_97.png
  artifactKey: Guid(cddc2977eb7c8e8448daf7976412493e) Importer(815301076,1909f56bfc062723c751e8b465ee728b)
Start importing Assets/04.Sprites/UI/png_128/icon/icon_tool/icon_tool_97.png using Guid(cddc2977eb7c8e8448daf7976412493e) Importer(815301076,1909f56bfc062723c751e8b465ee728b)  -> (artifact id: '1876fddc1120e3881df04ddc2ad01cb4') in 0.025571 seconds 
========================================================================
Received Import Request.
  Time since last request: 0.000019 seconds.
  path: Assets/04.Sprites/UI/png_128/icon/icon_tool/icon_tool_99.png
  artifactKey: Guid(1bb84cfa85460404b9023ad27eb18060) Importer(815301076,1909f56bfc062723c751e8b465ee728b)
Start importing Assets/04.Sprites/UI/png_128/icon/icon_tool/icon_tool_99.png using Guid(1bb84cfa85460404b9023ad27eb18060) Importer(815301076,1909f56bfc062723c751e8b465ee728b)  -> (artifact id: '7d7eef8dbb7de85c839982ca1ac30506') in 0.026264 seconds 
========================================================================
Received Import Request.
  Time since last request: 0.000026 seconds.
  path: Assets/04.Sprites/UI/png_128/icon/icon_tool/icon_tool_41.png
  artifactKey: Guid(aa598a16d06cb75458d24752b4d56e42) Importer(815301076,1909f56bfc062723c751e8b465ee728b)
Start importing Assets/04.Sprites/UI/png_128/icon/icon_tool/icon_tool_41.png using Guid(aa598a16d06cb75458d24752b4d56e42) Importer(815301076,1909f56bfc062723c751e8b465ee728b)  -> (artifact id: '39dc77a5ea8cb29ade47ab6a9aae8459') in 0.030775 seconds 
========================================================================
Received Import Request.
  Time since last request: 0.000018 seconds.
  path: Assets/04.Sprites/UI/png_128/icon/icon_tool/icon_tool_84.png
  artifactKey: Guid(b2a99d3d948951242bf2cb5c7af5ac66) Importer(815301076,1909f56bfc062723c751e8b465ee728b)
Start importing Assets/04.Sprites/UI/png_128/icon/icon_tool/icon_tool_84.png using Guid(b2a99d3d948951242bf2cb5c7af5ac66) Importer(815301076,1909f56bfc062723c751e8b465ee728b)  -> (artifact id: 'fe3203ef51cd286e3cc0a0e7d98f6b99') in 0.028515 seconds 
========================================================================
Received Import Request.
  Time since last request: 0.000026 seconds.
  path: Assets/04.Sprites/UI/png_128/icon/icon_tool/icon_tool_40.png
  artifactKey: Guid(b09c1fec42b0ad445970457b2cb40340) Importer(815301076,1909f56bfc062723c751e8b465ee728b)
Start importing Assets/04.Sprites/UI/png_128/icon/icon_tool/icon_tool_40.png using Guid(b09c1fec42b0ad445970457b2cb40340) Importer(815301076,1909f56bfc062723c751e8b465ee728b)  -> (artifact id: '8b32ed5c5b4a0438626762b5c5f844dd') in 0.027781 seconds 
========================================================================
Received Import Request.
  Time since last request: 0.000041 seconds.
  path: Assets/04.Sprites/UI/png_128/icon/icon_tool/icon_tool_108.png
  artifactKey: Guid(087cdbedeb2b4bd4299a07f0bdeeefcb) Importer(815301076,1909f56bfc062723c751e8b465ee728b)
Start importing Assets/04.Sprites/UI/png_128/icon/icon_tool/icon_tool_108.png using Guid(087cdbedeb2b4bd4299a07f0bdeeefcb) Importer(815301076,1909f56bfc062723c751e8b465ee728b)  -> (artifact id: '0c7a45880a42e6c7e16a58475bc1a295') in 0.029277 seconds 
========================================================================
Received Import Request.
  Time since last request: 0.000051 seconds.
  path: Assets/04.Sprites/UI/png_128/icon/icon_tool/icon_tool_44.png
  artifactKey: Guid(10d8fe56deedb1244a02f529419899d1) Importer(815301076,1909f56bfc062723c751e8b465ee728b)
Start importing Assets/04.Sprites/UI/png_128/icon/icon_tool/icon_tool_44.png using Guid(10d8fe56deedb1244a02f529419899d1) Importer(815301076,1909f56bfc062723c751e8b465ee728b)  -> (artifact id: '8e7142a73827ca4745d14b527fcefa3c') in 0.023975 seconds 
========================================================================
Received Import Request.
  Time since last request: 0.000025 seconds.
  path: Assets/04.Sprites/UI/png_128/icon/icon_tool/icon_tool_87.png
  artifactKey: Guid(f7c402f2c8d369a4789dec9a5cda177b) Importer(815301076,1909f56bfc062723c751e8b465ee728b)
Start importing Assets/04.Sprites/UI/png_128/icon/icon_tool/icon_tool_87.png using Guid(f7c402f2c8d369a4789dec9a5cda177b) Importer(815301076,1909f56bfc062723c751e8b465ee728b)  -> (artifact id: '4ee728a69abe450b1f65c31eda1117df') in 0.029409 seconds 
========================================================================
Received Import Request.
  Time since last request: 0.000019 seconds.
  path: Assets/04.Sprites/UI/png_128/icon/icon_tool/icon_tool_51.png
  artifactKey: Guid(b8584b469d1b3614a9ba0bb2702f8955) Importer(815301076,1909f56bfc062723c751e8b465ee728b)
Start importing Assets/04.Sprites/UI/png_128/icon/icon_tool/icon_tool_51.png using Guid(b8584b469d1b3614a9ba0bb2702f8955) Importer(815301076,1909f56bfc062723c751e8b465ee728b)  -> (artifact id: '380c62d8c2cf0732973267f381677809') in 0.029279 seconds 
========================================================================
Received Import Request.
  Time since last request: 0.000020 seconds.
  path: Assets/04.Sprites/UI/png_128/icon/icon_tool/icon_tool_95.png
  artifactKey: Guid(24361554c5bdbac4d90810501dbeb6f0) Importer(815301076,1909f56bfc062723c751e8b465ee728b)
Start importing Assets/04.Sprites/UI/png_128/icon/icon_tool/icon_tool_95.png using Guid(24361554c5bdbac4d90810501dbeb6f0) Importer(815301076,1909f56bfc062723c751e8b465ee728b)  -> (artifact id: '14b301181144646a369180137242b26b') in 0.040008 seconds 
========================================================================
Received Import Request.
  Time since last request: 0.000023 seconds.
  path: Assets/04.Sprites/UI/png_128/icon/icon_tool/icon_tool_37.png
  artifactKey: Guid(eeb345abeb6be034badd6b0c71efe2c2) Importer(815301076,1909f56bfc062723c751e8b465ee728b)
Start importing Assets/04.Sprites/UI/png_128/icon/icon_tool/icon_tool_37.png using Guid(eeb345abeb6be034badd6b0c71efe2c2) Importer(815301076,1909f56bfc062723c751e8b465ee728b)  -> (artifact id: 'aadc0c503df96867add1a7ea25182bd7') in 0.029702 seconds 
========================================================================
Received Import Request.
  Time since last request: 0.000033 seconds.
  path: Assets/04.Sprites/UI/png_128/icon/icon_tool/icon_tool_80.png
  artifactKey: Guid(71905e52ff3fbf142befed825e6f37dd) Importer(815301076,1909f56bfc062723c751e8b465ee728b)
Start importing Assets/04.Sprites/UI/png_128/icon/icon_tool/icon_tool_80.png using Guid(71905e52ff3fbf142befed825e6f37dd) Importer(815301076,1909f56bfc062723c751e8b465ee728b)  -> (artifact id: '2c25147ad1dbfdad68e1b130e4c59896') in 0.033181 seconds 
========================================================================
Received Import Request.
  Time since last request: 21.724889 seconds.
  path: Assets/04.Sprites/UI/png_128/icon/icon_traffic/icon_traffic_1.png
  artifactKey: Guid(8f3376815a4a0d44c8ec59b500c95ee2) Importer(815301076,1909f56bfc062723c751e8b465ee728b)
Start importing Assets/04.Sprites/UI/png_128/icon/icon_traffic/icon_traffic_1.png using Guid(8f3376815a4a0d44c8ec59b500c95ee2) Importer(815301076,1909f56bfc062723c751e8b465ee728b)  -> (artifact id: '09cf6f5f925e82224a29b9e0f3ab1ec7') in 0.066782 seconds 
========================================================================
Received Import Request.
  Time since last request: 0.000051 seconds.
  path: Assets/04.Sprites/UI/png_128/icon/icon_traffic/icon_traffic_9.png
  artifactKey: Guid(9915dd2f311c0ba4c80ef90507e7bedd) Importer(815301076,1909f56bfc062723c751e8b465ee728b)
Start importing Assets/04.Sprites/UI/png_128/icon/icon_traffic/icon_traffic_9.png using Guid(9915dd2f311c0ba4c80ef90507e7bedd) Importer(815301076,1909f56bfc062723c751e8b465ee728b)  -> (artifact id: 'b76532d39e5f13fe07cd667a7688eb91') in 0.054932 seconds 
========================================================================
Received Import Request.
  Time since last request: 0.000058 seconds.
  path: Assets/04.Sprites/UI/png_128/icon/icon_traffic/icon_traffic_4.png
  artifactKey: Guid(198285305b22e3e44ba98d429ad84b1e) Importer(815301076,1909f56bfc062723c751e8b465ee728b)
Start importing Assets/04.Sprites/UI/png_128/icon/icon_traffic/icon_traffic_4.png using Guid(198285305b22e3e44ba98d429ad84b1e) Importer(815301076,1909f56bfc062723c751e8b465ee728b)  -> (artifact id: '08364e87fae8c89555fa4ea07cf5f062') in 0.047794 seconds 
========================================================================
Received Import Request.
  Time since last request: 1.340006 seconds.
  path: Assets/04.Sprites/UI/png_128/icon/icon_traffic/icon_traffic_37.png
  artifactKey: Guid(88db6e6b95d398343a2e4b664333087f) Importer(815301076,1909f56bfc062723c751e8b465ee728b)
Start importing Assets/04.Sprites/UI/png_128/icon/icon_traffic/icon_traffic_37.png using Guid(88db6e6b95d398343a2e4b664333087f) Importer(815301076,1909f56bfc062723c751e8b465ee728b)  -> (artifact id: '884bff46a396dac097a0da574f9266fa') in 0.031579 seconds 
Editor requested this worker to shutdown with reason: Scaling down because of idle timeout
AssetImportWorker is now disconnected from the server
Process exiting
Exiting without the bug reporter. Application will terminate with return code 0