Using pre-set license
Built from '2021.3/staging' branch; Version is '2021.3.15f1 (e8e88683f834) revision 15263878'; Using compiler version '192829333'; Build Type 'Release'
OS: 'Windows 10  (10.0.19045) 64bit Core' Language: 'ko' Physical Memory: 16303 MB
BatchMode: 1, IsHumanControllingUs: 0, StartBugReporterOnCrash: 0, Is64bit: 1, IsPro: 1

COMMAND LINE ARGUMENTS:
C:\Users\USER\Documents\2021.3.15f1\Editor\Unity.exe
-adb2
-batchMode
-noUpm
-name
AssetImportWorker2
-projectPath
C:/Users/USER/Documents/GitHub/CookAppsProject/CookappsProject
-logFile
Logs/AssetImportWorker2.log
-srvPort
3832
Successfully changed project path to: C:/Users/USER/Documents/GitHub/CookAppsProject/CookappsProject
C:/Users/USER/Documents/GitHub/CookAppsProject/CookappsProject
[UnityMemory] Configuration Parameters - Can be set up in boot.config
    "memorysetup-bucket-allocator-granularity=16"
    "memorysetup-bucket-allocator-bucket-count=8"
    "memorysetup-bucket-allocator-block-size=33554432"
    "memorysetup-bucket-allocator-block-count=8"
    "memorysetup-main-allocator-block-size=16777216"
    "memorysetup-thread-allocator-block-size=16777216"
    "memorysetup-gfx-main-allocator-block-size=16777216"
    "memorysetup-gfx-thread-allocator-block-size=16777216"
    "memorysetup-cache-allocator-block-size=4194304"
    "memorysetup-typetree-allocator-block-size=2097152"
    "memorysetup-profiler-bucket-allocator-granularity=16"
    "memorysetup-profiler-bucket-allocator-bucket-count=8"
    "memorysetup-profiler-bucket-allocator-block-size=33554432"
    "memorysetup-profiler-bucket-allocator-block-count=8"
    "memorysetup-profiler-allocator-block-size=16777216"
    "memorysetup-profiler-editor-allocator-block-size=1048576"
    "memorysetup-temp-allocator-size-main=16777216"
    "memorysetup-job-temp-allocator-block-size=2097152"
    "memorysetup-job-temp-allocator-block-size-background=1048576"
    "memorysetup-job-temp-allocator-reduction-small-platforms=262144"
    "memorysetup-temp-allocator-size-background-worker=32768"
    "memorysetup-temp-allocator-size-job-worker=262144"
    "memorysetup-temp-allocator-size-preload-manager=33554432"
    "memorysetup-temp-allocator-size-nav-mesh-worker=65536"
    "memorysetup-temp-allocator-size-audio-worker=65536"
    "memorysetup-temp-allocator-size-cloud-worker=32768"
    "memorysetup-temp-allocator-size-gi-baking-worker=262144"
    "memorysetup-temp-allocator-size-gfx=262144"
Player connection [29532] Host "[IP] 192.168.200.193 [Port] 0 [Flags] 2 [Guid] 1936906658 [EditorId] 1936906658 [Version] 1048832 [Id] WindowsEditor(7,DESKTOP-OHD6DA9) [Debug] 1 [PackageName] WindowsEditor [ProjectName] Editor" joined multi-casting on [225.0.0.222:54997]...

Player connection [29532] Host "[IP] 192.168.200.193 [Port] 0 [Flags] 2 [Guid] 1936906658 [EditorId] 1936906658 [Version] 1048832 [Id] WindowsEditor(7,DESKTOP-OHD6DA9) [Debug] 1 [PackageName] WindowsEditor [ProjectName] Editor" joined alternative multi-casting on [225.0.0.222:34997]...

Refreshing native plugins compatible for Editor in 186.49 ms, found 4 plugins.
Preloading 0 native plugins for Editor in 0.00 ms.
Initialize engine version: 2021.3.15f1 (e8e88683f834)
[Subsystems] Discovering subsystems at path C:/Users/USER/Documents/2021.3.15f1/Editor/Data/Resources/UnitySubsystems
[Subsystems] Discovering subsystems at path C:/Users/USER/Documents/GitHub/CookAppsProject/CookappsProject/Assets
GfxDevice: creating device client; threaded=0; jobified=0
Direct3D:
    Version:  Direct3D 11.0 [level 11.1]
    Renderer: NVIDIA GeForce RTX 2060 (ID=0x1f51)
    Vendor:   NVIDIA
    VRAM:     5968 MB
    Driver:   31.0.15.3118
Initialize mono
Mono path[0] = 'C:/Users/USER/Documents/2021.3.15f1/Editor/Data/Managed'
Mono path[1] = 'C:/Users/USER/Documents/2021.3.15f1/Editor/Data/MonoBleedingEdge/lib/mono/unityjit-win32'
Mono config path = 'C:/Users/USER/Documents/2021.3.15f1/Editor/Data/MonoBleedingEdge/etc'
Using monoOptions --debugger-agent=transport=dt_socket,embedding=1,server=y,suspend=n,address=127.0.0.1:56556
Begin MonoManager ReloadAssembly
Registering precompiled unity dll's ...
Register platform support module: C:/Users/USER/Documents/2021.3.15f1/Editor/Data/PlaybackEngines/AndroidPlayer/UnityEditor.Android.Extensions.dll
Register platform support module: C:/Users/USER/Documents/2021.3.15f1/Editor/Data/PlaybackEngines/WindowsStandaloneSupport/UnityEditor.WindowsStandalone.Extensions.dll
Registered in 0.005035 seconds.
Native extension for WindowsStandalone target not found
Native extension for Android target not found
Refreshing native plugins compatible for Editor in 172.89 ms, found 4 plugins.
Preloading 0 native plugins for Editor in 0.00 ms.
Mono: successfully reloaded assembly
- Completed reload, in  0.734 seconds
Domain Reload Profiling:
	ReloadAssembly (735ms)
		BeginReloadAssembly (78ms)
			ExecutionOrderSort (0ms)
			DisableScriptedObjects (0ms)
			BackupInstance (0ms)
			ReleaseScriptingObjects (0ms)
			CreateAndSetChildDomain (1ms)
		EndReloadAssembly (552ms)
			LoadAssemblies (78ms)
			RebuildTransferFunctionScriptingTraits (0ms)
			SetupTypeCache (103ms)
			ReleaseScriptCaches (0ms)
			RebuildScriptCaches (30ms)
			SetupLoadedEditorAssemblies (369ms)
				LogAssemblyErrors (0ms)
				InitializePlatformSupportModulesInManaged (41ms)
				SetLoadedEditorAssemblies (0ms)
				RefreshPlugins (173ms)
				BeforeProcessingInitializeOnLoad (1ms)
				ProcessInitializeOnLoadAttributes (98ms)
				ProcessInitializeOnLoadMethodAttributes (55ms)
				AfterProcessingInitializeOnLoad (0ms)
				EditorAssembliesLoaded (0ms)
			ExecutionOrderSort2 (0ms)
			AwakeInstancesAfterBackupRestoration (0ms)
Platform modules already initialized, skipping
Registering precompiled user dll's ...
Registered in 0.009178 seconds.
Begin MonoManager ReloadAssembly
Symbol file LoadedFromMemory doesn't match image C:\Users\USER\Documents\GitHub\CookAppsProject\CookappsProject\Library\PackageCache\com.unity.visualscripting@1.7.8\Editor\VisualScripting.Core\Dependencies\YamlDotNet\Unity.VisualScripting.YamlDotNet.dll
Symbol file LoadedFromMemory doesn't match image C:\Users\USER\Documents\GitHub\CookAppsProject\CookappsProject\Library\PackageCache\com.unity.visualscripting@1.7.8\Editor\VisualScripting.Core\Dependencies\DotNetZip\Unity.VisualScripting.IonicZip.dll
Native extension for WindowsStandalone target not found
Native extension for Android target not found
Refreshing native plugins compatible for Editor in 168.73 ms, found 4 plugins.
Preloading 0 native plugins for Editor in 0.00 ms.
Mono: successfully reloaded assembly
- Completed reload, in  1.747 seconds
Domain Reload Profiling:
	ReloadAssembly (1748ms)
		BeginReloadAssembly (123ms)
			ExecutionOrderSort (0ms)
			DisableScriptedObjects (6ms)
			BackupInstance (0ms)
			ReleaseScriptingObjects (0ms)
			CreateAndSetChildDomain (18ms)
		EndReloadAssembly (1514ms)
			LoadAssemblies (124ms)
			RebuildTransferFunctionScriptingTraits (0ms)
			SetupTypeCache (314ms)
			ReleaseScriptCaches (1ms)
			RebuildScriptCaches (119ms)
			SetupLoadedEditorAssemblies (912ms)
				LogAssemblyErrors (0ms)
				InitializePlatformSupportModulesInManaged (14ms)
				SetLoadedEditorAssemblies (0ms)
				RefreshPlugins (169ms)
				BeforeProcessingInitializeOnLoad (164ms)
				ProcessInitializeOnLoadAttributes (446ms)
				ProcessInitializeOnLoadMethodAttributes (115ms)
				AfterProcessingInitializeOnLoad (5ms)
				EditorAssembliesLoaded (0ms)
			ExecutionOrderSort2 (0ms)
			AwakeInstancesAfterBackupRestoration (13ms)
Platform modules already initialized, skipping
========================================================================
Worker process is ready to serve import requests
Launched and connected shader compiler UnityShaderCompiler.exe after 0.06 seconds
Refreshing native plugins compatible for Editor in 2.80 ms, found 4 plugins.
Preloading 0 native plugins for Editor in 0.00 ms.
Unloading 6847 Unused Serialized files (Serialized files now loaded: 0)
Unloading 59 unused Assets / (1.6 MB). Loaded Objects now: 7311.
Memory consumption went from 269.4 MB to 267.8 MB.
Total: 5.222100 ms (FindLiveObjects: 0.484500 ms CreateObjectMapping: 0.436300 ms MarkObjects: 3.904900 ms  DeleteObjects: 0.395700 ms)

AssetImportParameters requested are different than current active one (requested -> active):
  custom:video-decoder-ogg-theora: a1e56fd34408186e4bbccfd4996cb3dc -> 
  custom:container-muxer-webm: aa71ff27fc2769a1b78a27578f13a17b -> 
  custom:container-demuxer-webm: 4f35f7cbe854078d1ac9338744f61a02 -> 
  custom:video-encoder-webm-vp8: eb34c28f22e8b96e1ab97ce403110664 -> 
  custom:audio-encoder-webm-vorbis: bf7c407c2cedff20999df2af8eb42d56 -> 
  custom:framework-win-MediaFoundation: 216162199b28c13a410421893ffa2e32 -> 
  custom:container-demuxer-ogg: 62fdf1f143b41e24485cea50d1cbac27 -> 
  custom:video-decoder-webm-vp8: 9c59270c3fd7afecdb556c50c9e8de78 -> 
  custom:audio-decoder-ogg-vorbis: bf7c407c2cedff20999df2af8eb42d56 -> 
========================================================================
Received Import Request.
  Time since last request: 88137.580886 seconds.
  path: Assets/04.Sprites/UI/png_128/icon/icon_activity
  artifactKey: Guid(f24f6e29c603cc841b64f615624f9a68) Importer(815301076,1909f56bfc062723c751e8b465ee728b)
Start importing Assets/04.Sprites/UI/png_128/icon/icon_activity using Guid(f24f6e29c603cc841b64f615624f9a68) Importer(815301076,1909f56bfc062723c751e8b465ee728b)  -> (artifact id: '5c1a52ccdce6c95ffee17543d706d69d') in 0.027234 seconds 
========================================================================
Received Import Request.
  Time since last request: 297.789368 seconds.
  path: Assets/04.Sprites/UI/png_128/icon/icon_arrow/icon_arrow_55.png
  artifactKey: Guid(54e8363cdb3bff54fad881d2851a6945) Importer(815301076,1909f56bfc062723c751e8b465ee728b)
Start importing Assets/04.Sprites/UI/png_128/icon/icon_arrow/icon_arrow_55.png using Guid(54e8363cdb3bff54fad881d2851a6945) Importer(815301076,1909f56bfc062723c751e8b465ee728b)  -> (artifact id: 'bf0bfdf3ed75b778aa49f5c56115664b') in 0.168741 seconds 
========================================================================
Received Import Request.
  Time since last request: 0.000044 seconds.
  path: Assets/04.Sprites/UI/png_128/icon/icon_arrow/icon_arrow_62.png
  artifactKey: Guid(903678a633e1c164abcbbf25d74f6838) Importer(815301076,1909f56bfc062723c751e8b465ee728b)
Start importing Assets/04.Sprites/UI/png_128/icon/icon_arrow/icon_arrow_62.png using Guid(903678a633e1c164abcbbf25d74f6838) Importer(815301076,1909f56bfc062723c751e8b465ee728b)  -> (artifact id: '8ff6a5746d7448d13223a6275599bbe4') in 0.032214 seconds 
========================================================================
Received Import Request.
  Time since last request: 0.000056 seconds.
  path: Assets/04.Sprites/UI/png_128/icon/icon_arrow/icon_arrow_59.png
  artifactKey: Guid(4b3a8f4d6424f944888cc09db055873f) Importer(815301076,1909f56bfc062723c751e8b465ee728b)
Start importing Assets/04.Sprites/UI/png_128/icon/icon_arrow/icon_arrow_59.png using Guid(4b3a8f4d6424f944888cc09db055873f) Importer(815301076,1909f56bfc062723c751e8b465ee728b)  -> (artifact id: 'e0bfb1a223b2adee23d803a88b7a811e') in 0.030354 seconds 
========================================================================
Received Import Request.
  Time since last request: 0.000040 seconds.
  path: Assets/04.Sprites/UI/png_128/icon/icon_arrow/icon_arrow_60.png
  artifactKey: Guid(49fbbb476d93d7d45b7a77d990b1433e) Importer(815301076,1909f56bfc062723c751e8b465ee728b)
Start importing Assets/04.Sprites/UI/png_128/icon/icon_arrow/icon_arrow_60.png using Guid(49fbbb476d93d7d45b7a77d990b1433e) Importer(815301076,1909f56bfc062723c751e8b465ee728b)  -> (artifact id: '6a78d049858ece972a8aea043b197050') in 0.026066 seconds 
========================================================================
Received Import Request.
  Time since last request: 0.000023 seconds.
  path: Assets/04.Sprites/UI/png_128/icon/icon_arrow/icon_arrow_66.png
  artifactKey: Guid(663dc3d41cda2eb4fb690f742a7a6894) Importer(815301076,1909f56bfc062723c751e8b465ee728b)
Start importing Assets/04.Sprites/UI/png_128/icon/icon_arrow/icon_arrow_66.png using Guid(663dc3d41cda2eb4fb690f742a7a6894) Importer(815301076,1909f56bfc062723c751e8b465ee728b)  -> (artifact id: '6fb92df4e0b6230e6524f43d574c01cc') in 0.027781 seconds 
========================================================================
Received Import Request.
  Time since last request: 0.000029 seconds.
  path: Assets/04.Sprites/UI/png_128/icon/icon_arrow/icon_arrow_73.png
  artifactKey: Guid(337e13e80ee18424e814a144ae830406) Importer(815301076,1909f56bfc062723c751e8b465ee728b)
Start importing Assets/04.Sprites/UI/png_128/icon/icon_arrow/icon_arrow_73.png using Guid(337e13e80ee18424e814a144ae830406) Importer(815301076,1909f56bfc062723c751e8b465ee728b)  -> (artifact id: 'b189e068181dca8406237190d28e4b76') in 0.028868 seconds 
========================================================================
Received Import Request.
  Time since last request: 0.000032 seconds.
  path: Assets/04.Sprites/UI/png_128/icon/icon_arrow/icon_arrow_71.png
  artifactKey: Guid(e3fc5f87bd2a30a43826fee4358c8ffa) Importer(815301076,1909f56bfc062723c751e8b465ee728b)
Start importing Assets/04.Sprites/UI/png_128/icon/icon_arrow/icon_arrow_71.png using Guid(e3fc5f87bd2a30a43826fee4358c8ffa) Importer(815301076,1909f56bfc062723c751e8b465ee728b)  -> (artifact id: '0add708067211ca20d990b5ba3c00484') in 0.030253 seconds 
========================================================================
Received Import Request.
  Time since last request: 0.000024 seconds.
  path: Assets/04.Sprites/UI/png_128/icon/icon_arrow/icon_arrow_70.png
  artifactKey: Guid(6936418989843cd4ebb298c9eca6ad46) Importer(815301076,1909f56bfc062723c751e8b465ee728b)
Start importing Assets/04.Sprites/UI/png_128/icon/icon_arrow/icon_arrow_70.png using Guid(6936418989843cd4ebb298c9eca6ad46) Importer(815301076,1909f56bfc062723c751e8b465ee728b)  -> (artifact id: '04813cbef6cc551180287239a59599a4') in 0.026524 seconds 
========================================================================
Received Import Request.
  Time since last request: 0.000019 seconds.
  path: Assets/04.Sprites/UI/png_128/icon/icon_arrow/icon_arrow_68.png
  artifactKey: Guid(4fb8f42eff8f8714da097fb08959c5cb) Importer(815301076,1909f56bfc062723c751e8b465ee728b)
Start importing Assets/04.Sprites/UI/png_128/icon/icon_arrow/icon_arrow_68.png using Guid(4fb8f42eff8f8714da097fb08959c5cb) Importer(815301076,1909f56bfc062723c751e8b465ee728b)  -> (artifact id: 'e5e3b9cf215fca27759d8ceb19b9b531') in 0.026731 seconds 
========================================================================
Received Import Request.
  Time since last request: 0.000024 seconds.
  path: Assets/04.Sprites/UI/png_128/icon/icon_arrow/icon_arrow_74.png
  artifactKey: Guid(6e05cf2b9fe5e0e4a852507537232765) Importer(815301076,1909f56bfc062723c751e8b465ee728b)
Start importing Assets/04.Sprites/UI/png_128/icon/icon_arrow/icon_arrow_74.png using Guid(6e05cf2b9fe5e0e4a852507537232765) Importer(815301076,1909f56bfc062723c751e8b465ee728b)  -> (artifact id: 'f3849c56ac047b6e55c9f1f0a98bdf87') in 0.024938 seconds 
========================================================================
Received Import Request.
  Time since last request: 0.000037 seconds.
  path: Assets/04.Sprites/UI/png_128/icon/icon_arrow/icon_arrow_65.png
  artifactKey: Guid(11d8984307881bb49a0019cb3b3cb786) Importer(815301076,1909f56bfc062723c751e8b465ee728b)
Start importing Assets/04.Sprites/UI/png_128/icon/icon_arrow/icon_arrow_65.png using Guid(11d8984307881bb49a0019cb3b3cb786) Importer(815301076,1909f56bfc062723c751e8b465ee728b)  -> (artifact id: 'f0a4409df262d629fcba7c5ffdcb05b1') in 0.026719 seconds 
========================================================================
Received Import Request.
  Time since last request: 0.000023 seconds.
  path: Assets/04.Sprites/UI/png_128/icon/icon_arrow/icon_arrow_77.png
  artifactKey: Guid(1d19cc4d758d3464fbd8e869e1559da9) Importer(815301076,1909f56bfc062723c751e8b465ee728b)
Start importing Assets/04.Sprites/UI/png_128/icon/icon_arrow/icon_arrow_77.png using Guid(1d19cc4d758d3464fbd8e869e1559da9) Importer(815301076,1909f56bfc062723c751e8b465ee728b)  -> (artifact id: '7739c4754cd3e97e39997fce3f6e9057') in 0.026391 seconds 
========================================================================
Received Import Request.
  Time since last request: 0.000025 seconds.
  path: Assets/04.Sprites/UI/png_128/icon/icon_arrow/icon_arrow_81.png
  artifactKey: Guid(56591e1eaaec89c4b861f7a4b4f5848b) Importer(815301076,1909f56bfc062723c751e8b465ee728b)
Start importing Assets/04.Sprites/UI/png_128/icon/icon_arrow/icon_arrow_81.png using Guid(56591e1eaaec89c4b861f7a4b4f5848b) Importer(815301076,1909f56bfc062723c751e8b465ee728b)  -> (artifact id: '19de1c9b7f1a2e98bf3983b9696baa7f') in 0.029520 seconds 
========================================================================
Received Import Request.
  Time since last request: 0.000021 seconds.
  path: Assets/04.Sprites/UI/png_128/icon/icon_arrow/icon_arrow_86.png
  artifactKey: Guid(8ba2524c70c28eb4490b7b636cb9f1ca) Importer(815301076,1909f56bfc062723c751e8b465ee728b)
Start importing Assets/04.Sprites/UI/png_128/icon/icon_arrow/icon_arrow_86.png using Guid(8ba2524c70c28eb4490b7b636cb9f1ca) Importer(815301076,1909f56bfc062723c751e8b465ee728b)  -> (artifact id: 'bac09967b08c304b0bd6fe26a8bff47b') in 0.029700 seconds 
========================================================================
Received Import Request.
  Time since last request: 0.000019 seconds.
  path: Assets/04.Sprites/UI/png_128/icon/icon_arrow/icon_arrow_80.png
  artifactKey: Guid(43ee8bafea7341545af8cd87d09b07c2) Importer(815301076,1909f56bfc062723c751e8b465ee728b)
Start importing Assets/04.Sprites/UI/png_128/icon/icon_arrow/icon_arrow_80.png using Guid(43ee8bafea7341545af8cd87d09b07c2) Importer(815301076,1909f56bfc062723c751e8b465ee728b)  -> (artifact id: '07731f1b7dc7a1c41be463711d459dbf') in 0.030193 seconds 
========================================================================
Received Import Request.
  Time since last request: 0.000024 seconds.
  path: Assets/04.Sprites/UI/png_128/icon/icon_arrow/icon_arrow_83.png
  artifactKey: Guid(717ec3e8cc43a1d4abec226aad2e9a68) Importer(815301076,1909f56bfc062723c751e8b465ee728b)
Start importing Assets/04.Sprites/UI/png_128/icon/icon_arrow/icon_arrow_83.png using Guid(717ec3e8cc43a1d4abec226aad2e9a68) Importer(815301076,1909f56bfc062723c751e8b465ee728b)  -> (artifact id: '4dd1ea2f1f115f1aebd534a2f07d719c') in 0.025838 seconds 
========================================================================
Received Import Request.
  Time since last request: 0.000028 seconds.
  path: Assets/04.Sprites/UI/png_128/icon/icon_arrow/icon_arrow_79.png
  artifactKey: Guid(f58e775365c5f5e449edfe7aa76e48d2) Importer(815301076,1909f56bfc062723c751e8b465ee728b)
Start importing Assets/04.Sprites/UI/png_128/icon/icon_arrow/icon_arrow_79.png using Guid(f58e775365c5f5e449edfe7aa76e48d2) Importer(815301076,1909f56bfc062723c751e8b465ee728b)  -> (artifact id: '3613ef90d360dbb481659ba2760d54dd') in 0.027922 seconds 
========================================================================
Received Import Request.
  Time since last request: 0.035818 seconds.
  path: Assets/04.Sprites/UI/png_128/icon/icon_arrow/icon_arrow_88.png
  artifactKey: Guid(c1978afd9db2f74459582f507c4cc5a7) Importer(815301076,1909f56bfc062723c751e8b465ee728b)
Start importing Assets/04.Sprites/UI/png_128/icon/icon_arrow/icon_arrow_88.png using Guid(c1978afd9db2f74459582f507c4cc5a7) Importer(815301076,1909f56bfc062723c751e8b465ee728b)  -> (artifact id: '99dd21aae002415244af4be2d4e84c7f') in 0.041631 seconds 
========================================================================
Received Import Request.
  Time since last request: 0.000023 seconds.
  path: Assets/04.Sprites/UI/png_128/icon/icon_arrow/icon_arrow_92.png
  artifactKey: Guid(77b08ffec6e89e44e8108c32eb41385d) Importer(815301076,1909f56bfc062723c751e8b465ee728b)
Start importing Assets/04.Sprites/UI/png_128/icon/icon_arrow/icon_arrow_92.png using Guid(77b08ffec6e89e44e8108c32eb41385d) Importer(815301076,1909f56bfc062723c751e8b465ee728b)  -> (artifact id: '0f7076103e6c19053345c5805c89279d') in 0.030598 seconds 
========================================================================
Received Import Request.
  Time since last request: 0.000021 seconds.
  path: Assets/04.Sprites/UI/png_128/icon/icon_arrow/icon_arrow_95.png
  artifactKey: Guid(7d720940309dcf443ada64c1786b0be4) Importer(815301076,1909f56bfc062723c751e8b465ee728b)
Start importing Assets/04.Sprites/UI/png_128/icon/icon_arrow/icon_arrow_95.png using Guid(7d720940309dcf443ada64c1786b0be4) Importer(815301076,1909f56bfc062723c751e8b465ee728b)  -> (artifact id: '6543fedbe3c4f1e5f0c855f05d873607') in 0.026441 seconds 
========================================================================
Received Import Request.
  Time since last request: 0.000022 seconds.
  path: Assets/04.Sprites/UI/png_128/icon/icon_arrow/icon_arrow_94.png
  artifactKey: Guid(39e9f8452b24d8a44aba6e398df586db) Importer(815301076,1909f56bfc062723c751e8b465ee728b)
Start importing Assets/04.Sprites/UI/png_128/icon/icon_arrow/icon_arrow_94.png using Guid(39e9f8452b24d8a44aba6e398df586db) Importer(815301076,1909f56bfc062723c751e8b465ee728b)  -> (artifact id: 'bae8f23519d040bec72399ffd38091b0') in 0.027716 seconds 
========================================================================
Received Import Request.
  Time since last request: 0.000032 seconds.
  path: Assets/04.Sprites/UI/png_128/icon/icon_arrow/icon_arrow_90.png
  artifactKey: Guid(ad07dc8abc0e4094da7952e662930613) Importer(815301076,1909f56bfc062723c751e8b465ee728b)
Start importing Assets/04.Sprites/UI/png_128/icon/icon_arrow/icon_arrow_90.png using Guid(ad07dc8abc0e4094da7952e662930613) Importer(815301076,1909f56bfc062723c751e8b465ee728b)  -> (artifact id: 'ed10cd2298023dc3d776451d4f7dd1cc') in 0.027381 seconds 
========================================================================
Received Import Request.
  Time since last request: 106.084532 seconds.
  path: Assets/04.Sprites/UI/png_128/icon/icon_common/icon_common_73.png
  artifactKey: Guid(7f9039b0441b12244be7902555f65ebb) Importer(815301076,1909f56bfc062723c751e8b465ee728b)
Start importing Assets/04.Sprites/UI/png_128/icon/icon_common/icon_common_73.png using Guid(7f9039b0441b12244be7902555f65ebb) Importer(815301076,1909f56bfc062723c751e8b465ee728b)  -> (artifact id: 'f12690fd31a8ec37554e1dfdb634ab2a') in 0.032089 seconds 
========================================================================
Received Import Request.
  Time since last request: 0.000026 seconds.
  path: Assets/04.Sprites/UI/png_128/icon/icon_common/icon_common_75.png
  artifactKey: Guid(6a44faaf075f30d4394fb23133d39905) Importer(815301076,1909f56bfc062723c751e8b465ee728b)
Start importing Assets/04.Sprites/UI/png_128/icon/icon_common/icon_common_75.png using Guid(6a44faaf075f30d4394fb23133d39905) Importer(815301076,1909f56bfc062723c751e8b465ee728b)  -> (artifact id: '3acd01f46c0f657a2d39258a825e223e') in 0.031550 seconds 
========================================================================
Received Import Request.
  Time since last request: 0.002571 seconds.
  path: Assets/04.Sprites/UI/png_128/icon/icon_common/icon_common_78.png
  artifactKey: Guid(d7dc1a18e14fc5249b47419c66781df8) Importer(815301076,1909f56bfc062723c751e8b465ee728b)
Start importing Assets/04.Sprites/UI/png_128/icon/icon_common/icon_common_78.png using Guid(d7dc1a18e14fc5249b47419c66781df8) Importer(815301076,1909f56bfc062723c751e8b465ee728b)  -> (artifact id: 'a40c748231089fd8000d58d41b46634f') in 0.038074 seconds 
========================================================================
Received Import Request.
  Time since last request: 0.000020 seconds.
  path: Assets/04.Sprites/UI/png_128/icon/icon_common/icon_common_76.png
  artifactKey: Guid(31f71a067cdf85e458031d71c3742875) Importer(815301076,1909f56bfc062723c751e8b465ee728b)
Start importing Assets/04.Sprites/UI/png_128/icon/icon_common/icon_common_76.png using Guid(31f71a067cdf85e458031d71c3742875) Importer(815301076,1909f56bfc062723c751e8b465ee728b)  -> (artifact id: '8d510b1682d1c3ce90a6cf62bdc08825') in 0.033916 seconds 
========================================================================
Received Import Request.
  Time since last request: 0.000063 seconds.
  path: Assets/04.Sprites/UI/png_128/icon/icon_common/icon_common_77.png
  artifactKey: Guid(219e9f6f790f96c40a0d0b5d9b384b70) Importer(815301076,1909f56bfc062723c751e8b465ee728b)
Start importing Assets/04.Sprites/UI/png_128/icon/icon_common/icon_common_77.png using Guid(219e9f6f790f96c40a0d0b5d9b384b70) Importer(815301076,1909f56bfc062723c751e8b465ee728b)  -> (artifact id: '232b1d2d12f16b4e090cfca2a7bac2d4') in 0.036985 seconds 
Editor requested this worker to shutdown with reason: Scaling down because of idle timeout
AssetImportWorker is now disconnected from the server
Process exiting
Exiting without the bug reporter. Application will terminate with return code 0